  just opened iu,energy_spread_in_name= 11 energy_spread.in
  about to do namelist read  u= 11
 n_single_file=           1
 single_file_name=
 ../ilc_0500_may05_run05_seed06_lumi/lumi_b590.dat                                                   
  ifile,grid_file= 1 ../ilc_0500_may05_run05_seed06_lumi/lumi_b590.grd                                                   
  ifile= 1  about to open ../ilc_0500_may05_run05_seed06_lumi/lumi_b590.dat                                                   
 ifile,nrec,ndiv= 1 133180 20
  ifile= 1  about to again open ../ilc_0500_may05_run05_seed06_lumi/lumi_b590.dat                                                   
  ndel= 6659
  i,j,rcount,rcount_sum= 1 1 456.000000 456.000000
  i,j,rcount,rcount_sum= 1 2 396.000000 852.000000
  i,j,rcount,rcount_sum= 1 3 378.000000 1230.00000
  i,j,rcount,rcount_sum= 1 4 405.000000 1635.00000
  i,j,rcount,rcount_sum= 1 5 366.000000 2001.00000
  i,j,rcount,rcount_sum= 1 6 380.000000 2381.00000
  i,j,rcount,rcount_sum= 1 7 395.000000 2776.00000
  i,j,rcount,rcount_sum= 1 8 472.000000 3248.00000
  i,j,rcount,rcount_sum= 1 9 495.000000 3743.00000
  i,j,rcount,rcount_sum= 1 10 466.000000 4209.00000
  i,j,rcount,rcount_sum= 1 11 433.000000 4642.00000
  i,j,rcount,rcount_sum= 1 12 405.000000 5047.00000
  i,j,rcount,rcount_sum= 1 13 361.000000 5408.00000
  i,j,rcount,rcount_sum= 1 14 317.000000 5725.00000
  i,j,rcount,rcount_sum= 1 15 295.000000 6020.00000
  i,j,rcount,rcount_sum= 1 16 224.000000 6244.00000
  i,j,rcount,rcount_sum= 1 17 175.000000 6419.00000
  i,j,rcount,rcount_sum= 1 18 141.000000 6560.00000
  i,j,rcount,rcount_sum= 1 19 113.000000 6673.00000
  i,j,rcount,rcount_sum= 1 20 78.0000000 6751.00000
  i,j,rcount,rcount_sum= 2 1 440.000000 7191.00000
  i,j,rcount,rcount_sum= 2 2 394.000000 7585.00000
  i,j,rcount,rcount_sum= 2 3 407.000000 7992.00000
  i,j,rcount,rcount_sum= 2 4 355.000000 8347.00000
  i,j,rcount,rcount_sum= 2 5 355.000000 8702.00000
  i,j,rcount,rcount_sum= 2 6 394.000000 9096.00000
  i,j,rcount,rcount_sum= 2 7 377.000000 9473.00000
  i,j,rcount,rcount_sum= 2 8 436.000000 9909.00000
  i,j,rcount,rcount_sum= 2 9 452.000000 10361.0000
  i,j,rcount,rcount_sum= 2 10 456.000000 10817.0000
  i,j,rcount,rcount_sum= 2 11 419.000000 11236.0000
  i,j,rcount,rcount_sum= 2 12 398.000000 11634.0000
  i,j,rcount,rcount_sum= 2 13 359.000000 11993.0000
  i,j,rcount,rcount_sum= 2 14 301.000000 12294.0000
  i,j,rcount,rcount_sum= 2 15 308.000000 12602.0000
  i,j,rcount,rcount_sum= 2 16 255.000000 12857.0000
  i,j,rcount,rcount_sum= 2 17 205.000000 13062.0000
  i,j,rcount,rcount_sum= 2 18 193.000000 13255.0000
  i,j,rcount,rcount_sum= 2 19 153.000000 13408.0000
  i,j,rcount,rcount_sum= 2 20 103.000000 13511.0000
  i,j,rcount,rcount_sum= 3 1 373.000000 13884.0000
  i,j,rcount,rcount_sum= 3 2 398.000000 14282.0000
  i,j,rcount,rcount_sum= 3 3 393.000000 14675.0000
  i,j,rcount,rcount_sum= 3 4 354.000000 15029.0000
  i,j,rcount,rcount_sum= 3 5 359.000000 15388.0000
  i,j,rcount,rcount_sum= 3 6 361.000000 15749.0000
  i,j,rcount,rcount_sum= 3 7 376.000000 16125.0000
  i,j,rcount,rcount_sum= 3 8 455.000000 16580.0000
  i,j,rcount,rcount_sum= 3 9 481.000000 17061.0000
  i,j,rcount,rcount_sum= 3 10 461.000000 17522.0000
  i,j,rcount,rcount_sum= 3 11 383.000000 17905.0000
  i,j,rcount,rcount_sum= 3 12 372.000000 18277.0000
  i,j,rcount,rcount_sum= 3 13 394.000000 18671.0000
  i,j,rcount,rcount_sum= 3 14 292.000000 18963.0000
  i,j,rcount,rcount_sum= 3 15 299.000000 19262.0000
  i,j,rcount,rcount_sum= 3 16 248.000000 19510.0000
  i,j,rcount,rcount_sum= 3 17 233.000000 19743.0000
  i,j,rcount,rcount_sum= 3 18 214.000000 19957.0000
  i,j,rcount,rcount_sum= 3 19 157.000000 20114.0000
  i,j,rcount,rcount_sum= 3 20 134.000000 20248.0000
  i,j,rcount,rcount_sum= 4 1 405.000000 20653.0000
  i,j,rcount,rcount_sum= 4 2 392.000000 21045.0000
  i,j,rcount,rcount_sum= 4 3 363.000000 21408.0000
  i,j,rcount,rcount_sum= 4 4 360.000000 21768.0000
  i,j,rcount,rcount_sum= 4 5 350.000000 22118.0000
  i,j,rcount,rcount_sum= 4 6 345.000000 22463.0000
  i,j,rcount,rcount_sum= 4 7 334.000000 22797.0000
  i,j,rcount,rcount_sum= 4 8 435.000000 23232.0000
  i,j,rcount,rcount_sum= 4 9 464.000000 23696.0000
  i,j,rcount,rcount_sum= 4 10 409.000000 24105.0000
  i,j,rcount,rcount_sum= 4 11 391.000000 24496.0000
  i,j,rcount,rcount_sum= 4 12 368.000000 24864.0000
  i,j,rcount,rcount_sum= 4 13 355.000000 25219.0000
  i,j,rcount,rcount_sum= 4 14 338.000000 25557.0000
  i,j,rcount,rcount_sum= 4 15 337.000000 25894.0000
  i,j,rcount,rcount_sum= 4 16 285.000000 26179.0000
  i,j,rcount,rcount_sum= 4 17 245.000000 26424.0000
  i,j,rcount,rcount_sum= 4 18 236.000000 26660.0000
  i,j,rcount,rcount_sum= 4 19 193.000000 26853.0000
  i,j,rcount,rcount_sum= 4 20 165.000000 27018.0000
  i,j,rcount,rcount_sum= 5 1 357.000000 27375.0000
  i,j,rcount,rcount_sum= 5 2 354.000000 27729.0000
  i,j,rcount,rcount_sum= 5 3 350.000000 28079.0000
  i,j,rcount,rcount_sum= 5 4 374.000000 28453.0000
  i,j,rcount,rcount_sum= 5 5 353.000000 28806.0000
  i,j,rcount,rcount_sum= 5 6 322.000000 29128.0000
  i,j,rcount,rcount_sum= 5 7 378.000000 29506.0000
  i,j,rcount,rcount_sum= 5 8 437.000000 29943.0000
  i,j,rcount,rcount_sum= 5 9 437.000000 30380.0000
  i,j,rcount,rcount_sum= 5 10 411.000000 30791.0000
  i,j,rcount,rcount_sum= 5 11 383.000000 31174.0000
  i,j,rcount,rcount_sum= 5 12 413.000000 31587.0000
  i,j,rcount,rcount_sum= 5 13 381.000000 31968.0000
  i,j,rcount,rcount_sum= 5 14 309.000000 32277.0000
  i,j,rcount,rcount_sum= 5 15 328.000000 32605.0000
  i,j,rcount,rcount_sum= 5 16 288.000000 32893.0000
  i,j,rcount,rcount_sum= 5 17 265.000000 33158.0000
  i,j,rcount,rcount_sum= 5 18 252.000000 33410.0000
  i,j,rcount,rcount_sum= 5 19 196.000000 33606.0000
  i,j,rcount,rcount_sum= 5 20 160.000000 33766.0000
  i,j,rcount,rcount_sum= 6 1 388.000000 34154.0000
  i,j,rcount,rcount_sum= 6 2 380.000000 34534.0000
  i,j,rcount,rcount_sum= 6 3 365.000000 34899.0000
  i,j,rcount,rcount_sum= 6 4 361.000000 35260.0000
  i,j,rcount,rcount_sum= 6 5 344.000000 35604.0000
  i,j,rcount,rcount_sum= 6 6 376.000000 35980.0000
  i,j,rcount,rcount_sum= 6 7 392.000000 36372.0000
  i,j,rcount,rcount_sum= 6 8 412.000000 36784.0000
  i,j,rcount,rcount_sum= 6 9 391.000000 37175.0000
  i,j,rcount,rcount_sum= 6 10 381.000000 37556.0000
  i,j,rcount,rcount_sum= 6 11 354.000000 37910.0000
  i,j,rcount,rcount_sum= 6 12 347.000000 38257.0000
  i,j,rcount,rcount_sum= 6 13 383.000000 38640.0000
  i,j,rcount,rcount_sum= 6 14 358.000000 38998.0000
  i,j,rcount,rcount_sum= 6 15 303.000000 39301.0000
  i,j,rcount,rcount_sum= 6 16 285.000000 39586.0000
  i,j,rcount,rcount_sum= 6 17 280.000000 39866.0000
  i,j,rcount,rcount_sum= 6 18 241.000000 40107.0000
  i,j,rcount,rcount_sum= 6 19 239.000000 40346.0000
  i,j,rcount,rcount_sum= 6 20 194.000000 40540.0000
  i,j,rcount,rcount_sum= 7 1 395.000000 40935.0000
  i,j,rcount,rcount_sum= 7 2 373.000000 41308.0000
  i,j,rcount,rcount_sum= 7 3 401.000000 41709.0000
  i,j,rcount,rcount_sum= 7 4 390.000000 42099.0000
  i,j,rcount,rcount_sum= 7 5 370.000000 42469.0000
  i,j,rcount,rcount_sum= 7 6 388.000000 42857.0000
  i,j,rcount,rcount_sum= 7 7 381.000000 43238.0000
  i,j,rcount,rcount_sum= 7 8 322.000000 43560.0000
  i,j,rcount,rcount_sum= 7 9 289.000000 43849.0000
  i,j,rcount,rcount_sum= 7 10 295.000000 44144.0000
  i,j,rcount,rcount_sum= 7 11 291.000000 44435.0000
  i,j,rcount,rcount_sum= 7 12 318.000000 44753.0000
  i,j,rcount,rcount_sum= 7 13 306.000000 45059.0000
  i,j,rcount,rcount_sum= 7 14 306.000000 45365.0000
  i,j,rcount,rcount_sum= 7 15 309.000000 45674.0000
  i,j,rcount,rcount_sum= 7 16 315.000000 45989.0000
  i,j,rcount,rcount_sum= 7 17 330.000000 46319.0000
  i,j,rcount,rcount_sum= 7 18 325.000000 46644.0000
  i,j,rcount,rcount_sum= 7 19 327.000000 46971.0000
  i,j,rcount,rcount_sum= 7 20 314.000000 47285.0000
  i,j,rcount,rcount_sum= 8 1 365.000000 47650.0000
  i,j,rcount,rcount_sum= 8 2 376.000000 48026.0000
  i,j,rcount,rcount_sum= 8 3 363.000000 48389.0000
  i,j,rcount,rcount_sum= 8 4 352.000000 48741.0000
  i,j,rcount,rcount_sum= 8 5 403.000000 49144.0000
  i,j,rcount,rcount_sum= 8 6 384.000000 49528.0000
  i,j,rcount,rcount_sum= 8 7 338.000000 49866.0000
  i,j,rcount,rcount_sum= 8 8 292.000000 50158.0000
  i,j,rcount,rcount_sum= 8 9 274.000000 50432.0000
  i,j,rcount,rcount_sum= 8 10 314.000000 50746.0000
  i,j,rcount,rcount_sum= 8 11 339.000000 51085.0000
  i,j,rcount,rcount_sum= 8 12 318.000000 51403.0000
  i,j,rcount,rcount_sum= 8 13 342.000000 51745.0000
  i,j,rcount,rcount_sum= 8 14 328.000000 52073.0000
  i,j,rcount,rcount_sum= 8 15 314.000000 52387.0000
  i,j,rcount,rcount_sum= 8 16 321.000000 52708.0000
  i,j,rcount,rcount_sum= 8 17 336.000000 53044.0000
  i,j,rcount,rcount_sum= 8 18 341.000000 53385.0000
  i,j,rcount,rcount_sum= 8 19 351.000000 53736.0000
  i,j,rcount,rcount_sum= 8 20 343.000000 54079.0000
  i,j,rcount,rcount_sum= 9 1 412.000000 54491.0000
  i,j,rcount,rcount_sum= 9 2 377.000000 54868.0000
  i,j,rcount,rcount_sum= 9 3 317.000000 55185.0000
  i,j,rcount,rcount_sum= 9 4 371.000000 55556.0000
  i,j,rcount,rcount_sum= 9 5 313.000000 55869.0000
  i,j,rcount,rcount_sum= 9 6 382.000000 56251.0000
  i,j,rcount,rcount_sum= 9 7 350.000000 56601.0000
  i,j,rcount,rcount_sum= 9 8 298.000000 56899.0000
  i,j,rcount,rcount_sum= 9 9 273.000000 57172.0000
  i,j,rcount,rcount_sum= 9 10 319.000000 57491.0000
  i,j,rcount,rcount_sum= 9 11 311.000000 57802.0000
  i,j,rcount,rcount_sum= 9 12 309.000000 58111.0000
  i,j,rcount,rcount_sum= 9 13 313.000000 58424.0000
  i,j,rcount,rcount_sum= 9 14 338.000000 58762.0000
  i,j,rcount,rcount_sum= 9 15 348.000000 59110.0000
  i,j,rcount,rcount_sum= 9 16 364.000000 59474.0000
  i,j,rcount,rcount_sum= 9 17 378.000000 59852.0000
  i,j,rcount,rcount_sum= 9 18 384.000000 60236.0000
  i,j,rcount,rcount_sum= 9 19 370.000000 60606.0000
  i,j,rcount,rcount_sum= 9 20 353.000000 60959.0000
  i,j,rcount,rcount_sum= 10 1 359.000000 61318.0000
  i,j,rcount,rcount_sum= 10 2 343.000000 61661.0000
  i,j,rcount,rcount_sum= 10 3 345.000000 62006.0000
  i,j,rcount,rcount_sum= 10 4 351.000000 62357.0000
  i,j,rcount,rcount_sum= 10 5 361.000000 62718.0000
  i,j,rcount,rcount_sum= 10 6 338.000000 63056.0000
  i,j,rcount,rcount_sum= 10 7 333.000000 63389.0000
  i,j,rcount,rcount_sum= 10 8 296.000000 63685.0000
  i,j,rcount,rcount_sum= 10 9 290.000000 63975.0000
  i,j,rcount,rcount_sum= 10 10 296.000000 64271.0000
  i,j,rcount,rcount_sum= 10 11 335.000000 64606.0000
  i,j,rcount,rcount_sum= 10 12 288.000000 64894.0000
  i,j,rcount,rcount_sum= 10 13 305.000000 65199.0000
  i,j,rcount,rcount_sum= 10 14 330.000000 65529.0000
  i,j,rcount,rcount_sum= 10 15 331.000000 65860.0000
  i,j,rcount,rcount_sum= 10 16 391.000000 66251.0000
  i,j,rcount,rcount_sum= 10 17 332.000000 66583.0000
  i,j,rcount,rcount_sum= 10 18 383.000000 66966.0000
  i,j,rcount,rcount_sum= 10 19 399.000000 67365.0000
  i,j,rcount,rcount_sum= 10 20 393.000000 67758.0000
  i,j,rcount,rcount_sum= 11 1 333.000000 68091.0000
  i,j,rcount,rcount_sum= 11 2 365.000000 68456.0000
  i,j,rcount,rcount_sum= 11 3 343.000000 68799.0000
  i,j,rcount,rcount_sum= 11 4 347.000000 69146.0000
  i,j,rcount,rcount_sum= 11 5 329.000000 69475.0000
  i,j,rcount,rcount_sum= 11 6 318.000000 69793.0000
  i,j,rcount,rcount_sum= 11 7 321.000000 70114.0000
  i,j,rcount,rcount_sum= 11 8 306.000000 70420.0000
  i,j,rcount,rcount_sum= 11 9 301.000000 70721.0000
  i,j,rcount,rcount_sum= 11 10 315.000000 71036.0000
  i,j,rcount,rcount_sum= 11 11 300.000000 71336.0000
  i,j,rcount,rcount_sum= 11 12 294.000000 71630.0000
  i,j,rcount,rcount_sum= 11 13 316.000000 71946.0000
  i,j,rcount,rcount_sum= 11 14 355.000000 72301.0000
  i,j,rcount,rcount_sum= 11 15 338.000000 72639.0000
  i,j,rcount,rcount_sum= 11 16 382.000000 73021.0000
  i,j,rcount,rcount_sum= 11 17 382.000000 73403.0000
  i,j,rcount,rcount_sum= 11 18 381.000000 73784.0000
  i,j,rcount,rcount_sum= 11 19 407.000000 74191.0000
  i,j,rcount,rcount_sum= 11 20 419.000000 74610.0000
  i,j,rcount,rcount_sum= 12 1 336.000000 74946.0000
  i,j,rcount,rcount_sum= 12 2 332.000000 75278.0000
  i,j,rcount,rcount_sum= 12 3 338.000000 75616.0000
  i,j,rcount,rcount_sum= 12 4 325.000000 75941.0000
  i,j,rcount,rcount_sum= 12 5 347.000000 76288.0000
  i,j,rcount,rcount_sum= 12 6 353.000000 76641.0000
  i,j,rcount,rcount_sum= 12 7 302.000000 76943.0000
  i,j,rcount,rcount_sum= 12 8 285.000000 77228.0000
  i,j,rcount,rcount_sum= 12 9 283.000000 77511.0000
  i,j,rcount,rcount_sum= 12 10 301.000000 77812.0000
  i,j,rcount,rcount_sum= 12 11 309.000000 78121.0000
  i,j,rcount,rcount_sum= 12 12 313.000000 78434.0000
  i,j,rcount,rcount_sum= 12 13 305.000000 78739.0000
  i,j,rcount,rcount_sum= 12 14 366.000000 79105.0000
  i,j,rcount,rcount_sum= 12 15 350.000000 79455.0000
  i,j,rcount,rcount_sum= 12 16 401.000000 79856.0000
  i,j,rcount,rcount_sum= 12 17 367.000000 80223.0000
  i,j,rcount,rcount_sum= 12 18 389.000000 80612.0000
  i,j,rcount,rcount_sum= 12 19 377.000000 80989.0000
  i,j,rcount,rcount_sum= 12 20 431.000000 81420.0000
  i,j,rcount,rcount_sum= 13 1 327.000000 81747.0000
  i,j,rcount,rcount_sum= 13 2 336.000000 82083.0000
  i,j,rcount,rcount_sum= 13 3 330.000000 82413.0000
  i,j,rcount,rcount_sum= 13 4 357.000000 82770.0000
  i,j,rcount,rcount_sum= 13 5 333.000000 83103.0000
  i,j,rcount,rcount_sum= 13 6 353.000000 83456.0000
  i,j,rcount,rcount_sum= 13 7 353.000000 83809.0000
  i,j,rcount,rcount_sum= 13 8 267.000000 84076.0000
  i,j,rcount,rcount_sum= 13 9 303.000000 84379.0000
  i,j,rcount,rcount_sum= 13 10 268.000000 84647.0000
  i,j,rcount,rcount_sum= 13 11 315.000000 84962.0000
  i,j,rcount,rcount_sum= 13 12 336.000000 85298.0000
  i,j,rcount,rcount_sum= 13 13 330.000000 85628.0000
  i,j,rcount,rcount_sum= 13 14 374.000000 86002.0000
  i,j,rcount,rcount_sum= 13 15 366.000000 86368.0000
  i,j,rcount,rcount_sum= 13 16 377.000000 86745.0000
  i,j,rcount,rcount_sum= 13 17 383.000000 87128.0000
  i,j,rcount,rcount_sum= 13 18 374.000000 87502.0000
  i,j,rcount,rcount_sum= 13 19 423.000000 87925.0000
  i,j,rcount,rcount_sum= 13 20 430.000000 88355.0000
  i,j,rcount,rcount_sum= 14 1 292.000000 88647.0000
  i,j,rcount,rcount_sum= 14 2 308.000000 88955.0000
  i,j,rcount,rcount_sum= 14 3 357.000000 89312.0000
  i,j,rcount,rcount_sum= 14 4 319.000000 89631.0000
  i,j,rcount,rcount_sum= 14 5 303.000000 89934.0000
  i,j,rcount,rcount_sum= 14 6 285.000000 90219.0000
  i,j,rcount,rcount_sum= 14 7 320.000000 90539.0000
  i,j,rcount,rcount_sum= 14 8 303.000000 90842.0000
  i,j,rcount,rcount_sum= 14 9 287.000000 91129.0000
  i,j,rcount,rcount_sum= 14 10 271.000000 91400.0000
  i,j,rcount,rcount_sum= 14 11 304.000000 91704.0000
  i,j,rcount,rcount_sum= 14 12 325.000000 92029.0000
  i,j,rcount,rcount_sum= 14 13 353.000000 92382.0000
  i,j,rcount,rcount_sum= 14 14 341.000000 92723.0000
  i,j,rcount,rcount_sum= 14 15 360.000000 93083.0000
  i,j,rcount,rcount_sum= 14 16 411.000000 93494.0000
  i,j,rcount,rcount_sum= 14 17 394.000000 93888.0000
  i,j,rcount,rcount_sum= 14 18 454.000000 94342.0000
  i,j,rcount,rcount_sum= 14 19 423.000000 94765.0000
  i,j,rcount,rcount_sum= 14 20 426.000000 95191.0000
  i,j,rcount,rcount_sum= 15 1 260.000000 95451.0000
  i,j,rcount,rcount_sum= 15 2 309.000000 95760.0000
  i,j,rcount,rcount_sum= 15 3 292.000000 96052.0000
  i,j,rcount,rcount_sum= 15 4 302.000000 96354.0000
  i,j,rcount,rcount_sum= 15 5 333.000000 96687.0000
  i,j,rcount,rcount_sum= 15 6 328.000000 97015.0000
  i,j,rcount,rcount_sum= 15 7 330.000000 97345.0000
  i,j,rcount,rcount_sum= 15 8 279.000000 97624.0000
  i,j,rcount,rcount_sum= 15 9 298.000000 97922.0000
  i,j,rcount,rcount_sum= 15 10 315.000000 98237.0000
  i,j,rcount,rcount_sum= 15 11 303.000000 98540.0000
  i,j,rcount,rcount_sum= 15 12 305.000000 98845.0000
  i,j,rcount,rcount_sum= 15 13 340.000000 99185.0000
  i,j,rcount,rcount_sum= 15 14 354.000000 99539.0000
  i,j,rcount,rcount_sum= 15 15 370.000000 99909.0000
  i,j,rcount,rcount_sum= 15 16 436.000000 100345.000
  i,j,rcount,rcount_sum= 15 17 383.000000 100728.000
  i,j,rcount,rcount_sum= 15 18 440.000000 101168.000
  i,j,rcount,rcount_sum= 15 19 446.000000 101614.000
  i,j,rcount,rcount_sum= 15 20 437.000000 102051.000
  i,j,rcount,rcount_sum= 16 1 276.000000 102327.000
  i,j,rcount,rcount_sum= 16 2 287.000000 102614.000
  i,j,rcount,rcount_sum= 16 3 288.000000 102902.000
  i,j,rcount,rcount_sum= 16 4 299.000000 103201.000
  i,j,rcount,rcount_sum= 16 5 308.000000 103509.000
  i,j,rcount,rcount_sum= 16 6 328.000000 103837.000
  i,j,rcount,rcount_sum= 16 7 301.000000 104138.000
  i,j,rcount,rcount_sum= 16 8 304.000000 104442.000
  i,j,rcount,rcount_sum= 16 9 279.000000 104721.000
  i,j,rcount,rcount_sum= 16 10 321.000000 105042.000
  i,j,rcount,rcount_sum= 16 11 332.000000 105374.000
  i,j,rcount,rcount_sum= 16 12 353.000000 105727.000
  i,j,rcount,rcount_sum= 16 13 334.000000 106061.000
  i,j,rcount,rcount_sum= 16 14 366.000000 106427.000
  i,j,rcount,rcount_sum= 16 15 335.000000 106762.000
  i,j,rcount,rcount_sum= 16 16 405.000000 107167.000
  i,j,rcount,rcount_sum= 16 17 458.000000 107625.000
  i,j,rcount,rcount_sum= 16 18 418.000000 108043.000
  i,j,rcount,rcount_sum= 16 19 412.000000 108455.000
  i,j,rcount,rcount_sum= 16 20 432.000000 108887.000
  i,j,rcount,rcount_sum= 17 1 263.000000 109150.000
  i,j,rcount,rcount_sum= 17 2 252.000000 109402.000
  i,j,rcount,rcount_sum= 17 3 295.000000 109697.000
  i,j,rcount,rcount_sum= 17 4 292.000000 109989.000
  i,j,rcount,rcount_sum= 17 5 308.000000 110297.000
  i,j,rcount,rcount_sum= 17 6 288.000000 110585.000
  i,j,rcount,rcount_sum= 17 7 288.000000 110873.000
  i,j,rcount,rcount_sum= 17 8 291.000000 111164.000
  i,j,rcount,rcount_sum= 17 9 294.000000 111458.000
  i,j,rcount,rcount_sum= 17 10 332.000000 111790.000
  i,j,rcount,rcount_sum= 17 11 319.000000 112109.000
  i,j,rcount,rcount_sum= 17 12 322.000000 112431.000
  i,j,rcount,rcount_sum= 17 13 371.000000 112802.000
  i,j,rcount,rcount_sum= 17 14 384.000000 113186.000
  i,j,rcount,rcount_sum= 17 15 390.000000 113576.000
  i,j,rcount,rcount_sum= 17 16 409.000000 113985.000
  i,j,rcount,rcount_sum= 17 17 413.000000 114398.000
  i,j,rcount,rcount_sum= 17 18 438.000000 114836.000
  i,j,rcount,rcount_sum= 17 19 426.000000 115262.000
  i,j,rcount,rcount_sum= 17 20 450.000000 115712.000
  i,j,rcount,rcount_sum= 18 1 240.000000 115952.000
  i,j,rcount,rcount_sum= 18 2 263.000000 116215.000
  i,j,rcount,rcount_sum= 18 3 260.000000 116475.000
  i,j,rcount,rcount_sum= 18 4 282.000000 116757.000
  i,j,rcount,rcount_sum= 18 5 320.000000 117077.000
  i,j,rcount,rcount_sum= 18 6 283.000000 117360.000
  i,j,rcount,rcount_sum= 18 7 289.000000 117649.000
  i,j,rcount,rcount_sum= 18 8 296.000000 117945.000
  i,j,rcount,rcount_sum= 18 9 303.000000 118248.000
  i,j,rcount,rcount_sum= 18 10 305.000000 118553.000
  i,j,rcount,rcount_sum= 18 11 325.000000 118878.000
  i,j,rcount,rcount_sum= 18 12 351.000000 119229.000
  i,j,rcount,rcount_sum= 18 13 362.000000 119591.000
  i,j,rcount,rcount_sum= 18 14 396.000000 119987.000
  i,j,rcount,rcount_sum= 18 15 389.000000 120376.000
  i,j,rcount,rcount_sum= 18 16 417.000000 120793.000
  i,j,rcount,rcount_sum= 18 17 410.000000 121203.000
  i,j,rcount,rcount_sum= 18 18 446.000000 121649.000
  i,j,rcount,rcount_sum= 18 19 467.000000 122116.000
  i,j,rcount,rcount_sum= 18 20 458.000000 122574.000
  i,j,rcount,rcount_sum= 19 1 232.000000 122806.000
  i,j,rcount,rcount_sum= 19 2 246.000000 123052.000
  i,j,rcount,rcount_sum= 19 3 264.000000 123316.000
  i,j,rcount,rcount_sum= 19 4 264.000000 123580.000
  i,j,rcount,rcount_sum= 19 5 295.000000 123875.000
  i,j,rcount,rcount_sum= 19 6 278.000000 124153.000
  i,j,rcount,rcount_sum= 19 7 294.000000 124447.000
  i,j,rcount,rcount_sum= 19 8 276.000000 124723.000
  i,j,rcount,rcount_sum= 19 9 303.000000 125026.000
  i,j,rcount,rcount_sum= 19 10 345.000000 125371.000
  i,j,rcount,rcount_sum= 19 11 338.000000 125709.000
  i,j,rcount,rcount_sum= 19 12 338.000000 126047.000
  i,j,rcount,rcount_sum= 19 13 332.000000 126379.000
  i,j,rcount,rcount_sum= 19 14 369.000000 126748.000
  i,j,rcount,rcount_sum= 19 15 412.000000 127160.000
  i,j,rcount,rcount_sum= 19 16 378.000000 127538.000
  i,j,rcount,rcount_sum= 19 17 420.000000 127958.000
  i,j,rcount,rcount_sum= 19 18 466.000000 128424.000
  i,j,rcount,rcount_sum= 19 19 460.000000 128884.000
  i,j,rcount,rcount_sum= 19 20 499.000000 129383.000
  i,j,rcount,rcount_sum= 20 1 195.000000 129578.000
  i,j,rcount,rcount_sum= 20 2 226.000000 129804.000
  i,j,rcount,rcount_sum= 20 3 264.000000 130068.000
  i,j,rcount,rcount_sum= 20 4 252.000000 130320.000
  i,j,rcount,rcount_sum= 20 5 252.000000 130572.000
  i,j,rcount,rcount_sum= 20 6 228.000000 130800.000
  i,j,rcount,rcount_sum= 20 7 277.000000 131077.000
  i,j,rcount,rcount_sum= 20 8 312.000000 131389.000
  i,j,rcount,rcount_sum= 20 9 317.000000 131706.000
  i,j,rcount,rcount_sum= 20 10 311.000000 132017.000
  i,j,rcount,rcount_sum= 20 11 364.000000 132381.000
  i,j,rcount,rcount_sum= 20 12 337.000000 132718.000
  i,j,rcount,rcount_sum= 20 13 363.000000 133081.000
  i,j,rcount,rcount_sum= 20 14 378.000000 133459.000
  i,j,rcount,rcount_sum= 20 15 441.000000 133900.000
  i,j,rcount,rcount_sum= 20 16 439.000000 134339.000
  i,j,rcount,rcount_sum= 20 17 427.000000 134766.000
  i,j,rcount,rcount_sum= 20 18 446.000000 135212.000
  i,j,rcount,rcount_sum= 20 19 430.000000 135642.000
  i,j,rcount,rcount_sum= 20 20 514.000000 136156.000
  i,yl(1,i),yu(1,i),rho_single(1,i)= 1 114.500000 231.587494 4.27031104E-04
  i,yl(2,i),yu(2,i),rho_single(2,i)= 1 121.769997 231.225006 4.56808688E-04
  i,yl(1,i),yu(1,i),rho_single(1,i)= 2 231.587494 241.311005 5.14217559E-03
  i,yl(2,i),yu(2,i),rho_single(2,i)= 2 231.225006 241.178497 5.02336305E-03
  i,yl(1,i),yu(1,i),rho_single(1,i)= 3 241.311005 246.334000 9.95422062E-03
  i,yl(2,i),yu(2,i),rho_single(2,i)= 3 241.178497 246.059006 1.02448342E-02
  i,yl(1,i),yu(1,i),rho_single(1,i)= 4 246.334000 249.087494 1.81587450E-02
  i,yl(2,i),yu(2,i),rho_single(2,i)= 4 246.059006 248.947510 1.73099972E-02
  i,yl(1,i),yu(1,i),rho_single(1,i)= 5 249.087494 250.766006 2.97882799E-02
  i,yl(2,i),yu(2,i),rho_single(2,i)= 5 248.947510 250.671997 2.89941244E-02
  i,yl(1,i),yu(1,i),rho_single(1,i)= 6 250.766006 251.671005 5.52486964E-02
  i,yl(2,i),yu(2,i),rho_single(2,i)= 6 250.671997 251.710999 4.81231287E-02
  i,yl(1,i),yu(1,i),rho_single(1,i)= 7 251.671005 251.962997 0.171237454
  i,yl(2,i),yu(2,i),rho_single(2,i)= 7 251.710999 252.212997 9.96018127E-02
  i,yl(1,i),yu(1,i),rho_single(1,i)= 8 251.962997 252.119003 0.320500791
  i,yl(2,i),yu(2,i),rho_single(2,i)= 8 252.212997 252.339996 0.393704206
  i,yl(1,i),yu(1,i),rho_single(1,i)= 9 252.119003 252.235001 0.431044489
  i,yl(2,i),yu(2,i),rho_single(2,i)= 9 252.339996 252.401001 0.819609821
  i,yl(1,i),yu(1,i),rho_single(1,i)= 10 252.235001 252.326996 0.543506384
  i,yl(2,i),yu(2,i),rho_single(2,i)= 10 252.401001 252.449005 1.04157662
  i,yl(1,i),yu(1,i),rho_single(1,i)= 11 252.326996 252.412003 0.588188827
  i,yl(2,i),yu(2,i),rho_single(2,i)= 11 252.449005 252.490997 1.19069767
  i,yl(1,i),yu(1,i),rho_single(1,i)= 12 252.412003 252.487000 0.666693807
  i,yl(2,i),yu(2,i),rho_single(2,i)= 12 252.490997 252.529007 1.31545568
  i,yl(1,i),yu(1,i),rho_single(1,i)= 13 252.487000 252.563995 0.649385631
  i,yl(2,i),yu(2,i),rho_single(2,i)= 13 252.529007 252.565994 1.35181522
  i,yl(1,i),yu(1,i),rho_single(1,i)= 14 252.563995 252.636993 0.684949815
  i,yl(2,i),yu(2,i),rho_single(2,i)= 14 252.565994 252.602005 1.38847458
  i,yl(1,i),yu(1,i),rho_single(1,i)= 15 252.636993 252.714005 0.649257004
  i,yl(2,i),yu(2,i),rho_single(2,i)= 15 252.602005 252.639999 1.31598401
  i,yl(1,i),yu(1,i),rho_single(1,i)= 16 252.714005 252.792999 0.632953465
  i,yl(2,i),yu(2,i),rho_single(2,i)= 16 252.639999 252.679993 1.25020981
  i,yl(1,i),yu(1,i),rho_single(1,i)= 17 252.792999 252.880005 0.574675560
  i,yl(2,i),yu(2,i),rho_single(2,i)= 17 252.679993 252.722000 1.19026518
  i,yl(1,i),yu(1,i),rho_single(1,i)= 18 252.880005 252.992996 0.442511797
  i,yl(2,i),yu(2,i),rho_single(2,i)= 18 252.722000 252.772995 0.980490685
  i,yl(1,i),yu(1,i),rho_single(1,i)= 19 252.992996 253.139008 0.342439115
  i,yl(2,i),yu(2,i),rho_single(2,i)= 19 252.772995 252.840500 0.740687191
  i,yl(1,i),yu(1,i),rho_single(1,i)= 20 253.139008 253.988007 5.88928834E-02
  i,yl(2,i),yu(2,i),rho_single(2,i)= 20 252.840500 253.216003 0.133154541
  i,j,yl(1,i),yu(1,i),yl(2,j),yu(2,j),rho_corr(i,j),rho_single(1,i)*rho_single(2,j)= 1 1 114.500000 231.587494 121.769997 231.225006 2.61325567E-07 1.95071522E-07
  i,j,yl(1,i),yu(1,i),yl(2,j),yu(2,j),rho_corr(i,j),rho_single(1,i)*rho_single(2,j)= 1 2 114.500000 231.587494 231.225006 241.178497 2.49558548E-06 2.14513216E-06
  i,j,yl(1,i),yu(1,i),yl(2,j),yu(2,j),rho_corr(i,j),rho_single(1,i)*rho_single(2,j)= 1 3 114.500000 231.587494 241.178497 246.059006 4.85824512E-06 4.37486278E-06
  i,j,yl(1,i),yu(1,i),yl(2,j),yu(2,j),rho_corr(i,j),rho_single(1,i)*rho_single(2,j)= 1 4 114.500000 231.587494 246.059006 248.947510 8.79497838E-06 7.39190727E-06
  i,j,yl(1,i),yu(1,i),yl(2,j),yu(2,j),rho_corr(i,j),rho_single(1,i)*rho_single(2,j)= 1 5 114.500000 231.587494 248.947510 250.671997 1.33129342E-05 1.23813934E-05
  i,j,yl(1,i),yu(1,i),yl(2,j),yu(2,j),rho_corr(i,j),rho_single(1,i)*rho_single(2,j)= 1 6 114.500000 231.587494 250.671997 251.710999 2.29414127E-05 2.05500728E-05
  i,j,yl(1,i),yu(1,i),yl(2,j),yu(2,j),rho_corr(i,j),rho_single(1,i)*rho_single(2,j)= 1 7 114.500000 231.587494 251.710999 252.212997 4.93568041E-05 4.25330727E-05
  i,j,yl(1,i),yu(1,i),yl(2,j),yu(2,j),rho_corr(i,j),rho_single(1,i)*rho_single(2,j)= 1 8 114.500000 231.587494 252.212997 252.339996 2.33128158E-04 1.68123937E-04
  i,j,yl(1,i),yu(1,i),yl(2,j),yu(2,j),rho_corr(i,j),rho_single(1,i)*rho_single(2,j)= 1 9 114.500000 231.587494 252.339996 252.401001 5.08973317E-04 3.49998882E-04
  i,j,yl(1,i),yu(1,i),yl(2,j),yu(2,j),rho_corr(i,j),rho_single(1,i)*rho_single(2,j)= 1 10 114.500000 231.587494 252.401001 252.449005 6.08919421E-04 4.44785604E-04
  i,j,yl(1,i),yu(1,i),yl(2,j),yu(2,j),rho_corr(i,j),rho_single(1,i)*rho_single(2,j)= 1 11 114.500000 231.587494 252.449005 252.490997 6.46803121E-04 5.08464931E-04
  i,j,yl(1,i),yu(1,i),yl(2,j),yu(2,j),rho_corr(i,j),rho_single(1,i)*rho_single(2,j)= 1 12 114.500000 231.587494 252.490997 252.529007 6.68365334E-04 5.61740482E-04
  i,j,yl(1,i),yu(1,i),yl(2,j),yu(2,j),rho_corr(i,j),rho_single(1,i)*rho_single(2,j)= 1 13 114.500000 231.587494 252.529007 252.565994 6.12219563E-04 5.77267143E-04
  i,j,yl(1,i),yu(1,i),yl(2,j),yu(2,j),rho_corr(i,j),rho_single(1,i)*rho_single(2,j)= 1 14 114.500000 231.587494 252.565994 252.602005 5.52179001E-04 5.92921861E-04
  i,j,yl(1,i),yu(1,i),yl(2,j),yu(2,j),rho_corr(i,j),rho_single(1,i)*rho_single(2,j)= 1 15 114.500000 231.587494 252.602005 252.639999 4.87029552E-04 5.61966095E-04
  i,j,yl(1,i),yu(1,i),yl(2,j),yu(2,j),rho_corr(i,j),rho_single(1,i)*rho_single(2,j)= 1 16 114.500000 231.587494 252.639999 252.679993 3.51328694E-04 5.33878454E-04
  i,j,yl(1,i),yu(1,i),yl(2,j),yu(2,j),rho_corr(i,j),rho_single(1,i)*rho_single(2,j)= 1 17 114.500000 231.587494 252.679993 252.722000 2.61315086E-04 5.08280238E-04
  i,j,yl(1,i),yu(1,i),yl(2,j),yu(2,j),rho_corr(i,j),rho_single(1,i)*rho_single(2,j)= 1 18 114.500000 231.587494 252.722000 252.772995 1.73438413E-04 4.18700016E-04
  i,j,yl(1,i),yu(1,i),yl(2,j),yu(2,j),rho_corr(i,j),rho_single(1,i)*rho_single(2,j)= 1 19 114.500000 231.587494 252.772995 252.840500 1.05001614E-04 3.16296471E-04
  i,j,yl(1,i),yu(1,i),yl(2,j),yu(2,j),rho_corr(i,j),rho_single(1,i)*rho_single(2,j)= 1 20 114.500000 231.587494 252.840500 253.216003 1.30296658E-05 5.68611322E-05
  i,j,yl(1,i),yu(1,i),yl(2,j),yu(2,j),rho_corr(i,j),rho_single(1,i)*rho_single(2,j)= 2 1 231.587494 241.311005 121.769997 231.225006 3.03638717E-06 2.34899039E-06
  i,j,yl(1,i),yu(1,i),yl(2,j),yu(2,j),rho_corr(i,j),rho_single(1,i)*rho_single(2,j)= 2 2 231.587494 241.311005 231.225006 241.178497 2.98992927E-05 2.58310156E-05
  i,j,yl(1,i),yu(1,i),yl(2,j),yu(2,j),rho_corr(i,j),rho_single(1,i)*rho_single(2,j)= 2 3 231.587494 241.311005 241.178497 246.059006 6.29896822E-05 5.26807380E-05
  i,j,yl(1,i),yu(1,i),yl(2,j),yu(2,j),rho_corr(i,j),rho_single(1,i)*rho_single(2,j)= 2 4 231.587494 241.311005 246.059006 248.947510 9.28315276E-05 8.90110459E-05
  i,j,yl(1,i),yu(1,i),yl(2,j),yu(2,j),rho_corr(i,j),rho_single(1,i)*rho_single(2,j)= 2 5 231.587494 241.311005 248.947510 250.671997 1.55492147E-04 1.49092884E-04
  i,j,yl(1,i),yu(1,i),yl(2,j),yu(2,j),rho_corr(i,j),rho_single(1,i)*rho_single(2,j)= 2 6 231.587494 241.311005 250.671997 251.710999 2.86431110E-04 2.47457589E-04
  i,j,yl(1,i),yu(1,i),yl(2,j),yu(2,j),rho_corr(i,j),rho_single(1,i)*rho_single(2,j)= 2 7 231.587494 241.311005 251.710999 252.212997 5.67255483E-04 5.12170023E-04
  i,j,yl(1,i),yu(1,i),yl(2,j),yu(2,j),rho_corr(i,j),rho_single(1,i)*rho_single(2,j)= 2 8 231.587494 241.311005 252.212997 252.339996 2.59314408E-03 2.02449621E-03
  i,j,yl(1,i),yu(1,i),yl(2,j),yu(2,j),rho_corr(i,j),rho_single(1,i)*rho_single(2,j)= 2 9 231.587494 241.311005 252.339996 252.401001 5.59648918E-03 4.21457784E-03
  i,j,yl(1,i),yu(1,i),yl(2,j),yu(2,j),rho_corr(i,j),rho_single(1,i)*rho_single(2,j)= 2 10 231.587494 241.311005 252.401001 252.449005 7.17507023E-03 5.35597000E-03
  i,j,yl(1,i),yu(1,i),yl(2,j),yu(2,j),rho_corr(i,j),rho_single(1,i)*rho_single(2,j)= 2 11 231.587494 241.311005 252.449005 252.490997 7.53677683E-03 6.12277631E-03
  i,j,yl(1,i),yu(1,i),yl(2,j),yu(2,j),rho_corr(i,j),rho_single(1,i)*rho_single(2,j)= 2 12 231.587494 241.311005 252.490997 252.529007 7.90914241E-03 6.76430389E-03
  i,j,yl(1,i),yu(1,i),yl(2,j),yu(2,j),rho_corr(i,j),rho_single(1,i)*rho_single(2,j)= 2 13 231.587494 241.311005 252.529007 252.565994 7.33131496E-03 6.95127109E-03
  i,j,yl(1,i),yu(1,i),yl(2,j),yu(2,j),rho_corr(i,j),rho_single(1,i)*rho_single(2,j)= 2 14 231.587494 241.311005 252.565994 252.602005 6.31356332E-03 7.13978009E-03
  i,j,yl(1,i),yu(1,i),yl(2,j),yu(2,j),rho_corr(i,j),rho_single(1,i)*rho_single(2,j)= 2 15 231.587494 241.311005 252.602005 252.639999 6.12310087E-03 6.76702103E-03
  i,j,yl(1,i),yu(1,i),yl(2,j),yu(2,j),rho_corr(i,j),rho_single(1,i)*rho_single(2,j)= 2 16 231.587494 241.311005 252.639999 252.679993 4.81607439E-03 6.42879819E-03
  i,j,yl(1,i),yu(1,i),yl(2,j),yu(2,j),rho_corr(i,j),rho_single(1,i)*rho_single(2,j)= 2 17 231.587494 241.311005 252.679993 252.722000 3.68610513E-03 6.12055277E-03
  i,j,yl(1,i),yu(1,i),yl(2,j),yu(2,j),rho_corr(i,j),rho_single(1,i)*rho_single(2,j)= 2 18 231.587494 241.311005 252.722000 252.772995 2.85871513E-03 5.04185539E-03
  i,j,yl(1,i),yu(1,i),yl(2,j),yu(2,j),rho_corr(i,j),rho_single(1,i)*rho_single(2,j)= 2 19 231.587494 241.311005 252.772995 252.840500 1.71197078E-03 3.80874355E-03
  i,j,yl(1,i),yu(1,i),yl(2,j),yu(2,j),rho_corr(i,j),rho_single(1,i)*rho_single(2,j)= 2 20 231.587494 241.311005 252.840500 253.216003 2.07187375E-04 6.84704049E-04
  i,j,yl(1,i),yu(1,i),yl(2,j),yu(2,j),rho_corr(i,j),rho_single(1,i)*rho_single(2,j)= 3 1 241.311005 246.334000 121.769997 231.225006 4.98280224E-06 4.54717429E-06
  i,j,yl(1,i),yu(1,i),yl(2,j),yu(2,j),rho_corr(i,j),rho_single(1,i)*rho_single(2,j)= 3 2 241.311005 246.334000 231.225006 241.178497 5.84666341E-05 5.00036622E-05
  i,j,yl(1,i),yu(1,i),yl(2,j),yu(2,j),rho_corr(i,j),rho_single(1,i)*rho_single(2,j)= 3 3 241.311005 246.334000 241.178497 246.059006 1.17741067E-04 1.01979342E-04
  i,j,yl(1,i),yu(1,i),yl(2,j),yu(2,j),rho_corr(i,j),rho_single(1,i)*rho_single(2,j)= 3 4 241.311005 246.334000 246.059006 248.947510 1.79197013E-04 1.72307526E-04
  i,j,yl(1,i),yu(1,i),yl(2,j),yu(2,j),rho_corr(i,j),rho_single(1,i)*rho_single(2,j)= 3 5 241.311005 246.334000 248.947510 250.671997 3.04393179E-04 2.88613897E-04
  i,j,yl(1,i),yu(1,i),yl(2,j),yu(2,j),rho_corr(i,j),rho_single(1,i)*rho_single(2,j)= 3 6 241.311005 246.334000 250.671997 251.710999 5.08032506E-04 4.79028240E-04
  i,j,yl(1,i),yu(1,i),yl(2,j),yu(2,j),rho_corr(i,j),rho_single(1,i)*rho_single(2,j)= 3 7 241.311005 246.334000 251.710999 252.212997 1.09518005E-03 9.91458423E-04
  i,j,yl(1,i),yu(1,i),yl(2,j),yu(2,j),rho_corr(i,j),rho_single(1,i)*rho_single(2,j)= 3 8 241.311005 246.334000 252.212997 252.339996 5.23856003E-03 3.91901843E-03
  i,j,yl(1,i),yu(1,i),yl(2,j),yu(2,j),rho_corr(i,j),rho_single(1,i)*rho_single(2,j)= 3 9 241.311005 246.334000 252.339996 252.401001 1.15287630E-02 8.15857667E-03
  i,j,yl(1,i),yu(1,i),yl(2,j),yu(2,j),rho_corr(i,j),rho_single(1,i)*rho_single(2,j)= 3 10 241.311005 246.334000 252.401001 252.449005 1.40417945E-02 1.03680836E-02
  i,j,yl(1,i),yu(1,i),yl(2,j),yu(2,j),rho_corr(i,j),rho_single(1,i)*rho_single(2,j)= 3 11 241.311005 246.334000 252.449005 252.490997 1.33361584E-02 1.18524674E-02
  i,j,yl(1,i),yu(1,i),yl(2,j),yu(2,j),rho_corr(i,j),rho_single(1,i)*rho_single(2,j)= 3 12 241.311005 246.334000 252.490997 252.529007 1.43103292E-02 1.30943358E-02
  i,j,yl(1,i),yu(1,i),yl(2,j),yu(2,j),rho_corr(i,j),rho_single(1,i)*rho_single(2,j)= 3 13 241.311005 246.334000 252.529007 252.565994 1.55755719E-02 1.34562673E-02
  i,j,yl(1,i),yu(1,i),yl(2,j),yu(2,j),rho_corr(i,j),rho_single(1,i)*rho_single(2,j)= 3 14 241.311005 246.334000 252.565994 252.602005 1.18563566E-02 1.38211828E-02
  i,j,yl(1,i),yu(1,i),yl(2,j),yu(2,j),rho_corr(i,j),rho_single(1,i)*rho_single(2,j)= 3 15 241.311005 246.334000 252.602005 252.639999 1.15067381E-02 1.30995950E-02
  i,j,yl(1,i),yu(1,i),yl(2,j),yu(2,j),rho_corr(i,j),rho_single(1,i)*rho_single(2,j)= 3 16 241.311005 246.334000 252.639999 252.679993 9.06702969E-03 1.24448640E-02
  i,j,yl(1,i),yu(1,i),yl(2,j),yu(2,j),rho_corr(i,j),rho_single(1,i)*rho_single(2,j)= 3 17 241.311005 246.334000 252.679993 252.722000 8.11017212E-03 1.18481619E-02
  i,j,yl(1,i),yu(1,i),yl(2,j),yu(2,j),rho_corr(i,j),rho_single(1,i)*rho_single(2,j)= 3 18 241.311005 246.334000 252.722000 252.772995 6.13603322E-03 9.76002030E-03
  i,j,yl(1,i),yu(1,i),yl(2,j),yu(2,j),rho_corr(i,j),rho_single(1,i)*rho_single(2,j)= 3 19 241.311005 246.334000 252.772995 252.840500 3.40067339E-03 7.37296371E-03
  i,j,yl(1,i),yu(1,i),yl(2,j),yu(2,j),rho_corr(i,j),rho_single(1,i)*rho_single(2,j)= 3 20 241.311005 246.334000 252.840500 253.216003 5.21784532E-04 1.32544967E-03
  i,j,yl(1,i),yu(1,i),yl(2,j),yu(2,j),rho_corr(i,j),rho_single(1,i)*rho_single(2,j)= 4 1 246.334000 249.087494 121.769997 231.225006 9.86957457E-06 8.29507280E-06
  i,j,yl(1,i),yu(1,i),yl(2,j),yu(2,j),rho_corr(i,j),rho_single(1,i)*rho_single(2,j)= 4 2 246.334000 249.087494 231.225006 241.178497 1.05048457E-04 9.12179676E-05
  i,j,yl(1,i),yu(1,i),yl(2,j),yu(2,j),rho_corr(i,j),rho_single(1,i)*rho_single(2,j)= 4 3 246.334000 249.087494 241.178497 246.059006 1.98390364E-04 1.86033329E-04
  i,j,yl(1,i),yu(1,i),yl(2,j),yu(2,j),rho_corr(i,j),rho_single(1,i)*rho_single(2,j)= 4 4 246.334000 249.087494 246.059006 248.947510 3.32436408E-04 3.14327830E-04
  i,j,yl(1,i),yu(1,i),yl(2,j),yu(2,j),rho_corr(i,j),rho_single(1,i)*rho_single(2,j)= 4 5 246.334000 249.087494 248.947510 250.671997 5.41361165E-04 5.26496908E-04
  i,j,yl(1,i),yu(1,i),yl(2,j),yu(2,j),rho_corr(i,j),rho_single(1,i)*rho_single(2,j)= 4 6 246.334000 249.087494 250.671997 251.710999 8.85690446E-04 8.73855606E-04
  i,j,yl(1,i),yu(1,i),yl(2,j),yu(2,j),rho_corr(i,j),rho_single(1,i)*rho_single(2,j)= 4 7 246.334000 249.087494 251.710999 252.212997 1.77469105E-03 1.80864392E-03
  i,j,yl(1,i),yu(1,i),yl(2,j),yu(2,j),rho_corr(i,j),rho_single(1,i)*rho_single(2,j)= 4 8 246.334000 249.087494 252.212997 252.339996 9.13625769E-03 7.14917434E-03
  i,j,yl(1,i),yu(1,i),yl(2,j),yu(2,j),rho_corr(i,j),rho_single(1,i)*rho_single(2,j)= 4 9 246.334000 249.087494 252.339996 252.401001 2.02877615E-02 1.48830861E-02
  i,j,yl(1,i),yu(1,i),yl(2,j),yu(2,j),rho_corr(i,j),rho_single(1,i)*rho_single(2,j)= 4 10 246.334000 249.087494 252.401001 252.449005 2.27260292E-02 1.89137235E-02
  i,j,yl(1,i),yu(1,i),yl(2,j),yu(2,j),rho_corr(i,j),rho_single(1,i)*rho_single(2,j)= 4 11 246.334000 249.087494 252.449005 252.490997 2.48363242E-02 2.16215756E-02
  i,j,yl(1,i),yu(1,i),yl(2,j),yu(2,j),rho_corr(i,j),rho_single(1,i)*rho_single(2,j)= 4 12 246.334000 249.087494 252.490997 252.529007 2.58245692E-02 2.38870233E-02
  i,j,yl(1,i),yu(1,i),yl(2,j),yu(2,j),rho_corr(i,j),rho_single(1,i)*rho_single(2,j)= 4 13 246.334000 249.087494 252.529007 252.565994 2.56008692E-02 2.45472677E-02
  i,j,yl(1,i),yu(1,i),yl(2,j),yu(2,j),rho_corr(i,j),rho_single(1,i)*rho_single(2,j)= 4 14 246.334000 249.087494 252.565994 252.602005 2.50359252E-02 2.52129566E-02
  i,j,yl(1,i),yu(1,i),yl(2,j),yu(2,j),rho_corr(i,j),rho_single(1,i)*rho_single(2,j)= 4 15 246.334000 249.087494 252.602005 252.639999 2.36586258E-02 2.38966178E-02
  i,j,yl(1,i),yu(1,i),yl(2,j),yu(2,j),rho_corr(i,j),rho_single(1,i)*rho_single(2,j)= 4 16 246.334000 249.087494 252.639999 252.679993 1.90080181E-02 2.27022413E-02
  i,j,yl(1,i),yu(1,i),yl(2,j),yu(2,j),rho_corr(i,j),rho_single(1,i)*rho_single(2,j)= 4 17 246.334000 249.087494 252.679993 252.722000 1.55567499E-02 2.16137227E-02
  i,j,yl(1,i),yu(1,i),yl(2,j),yu(2,j),rho_corr(i,j),rho_single(1,i)*rho_single(2,j)= 4 18 246.334000 249.087494 252.722000 252.772995 1.23442449E-02 1.78044811E-02
  i,j,yl(1,i),yu(1,i),yl(2,j),yu(2,j),rho_corr(i,j),rho_single(1,i)*rho_single(2,j)= 4 19 246.334000 249.087494 252.772995 252.840500 7.62607623E-03 1.34499501E-02
  i,j,yl(1,i),yu(1,i),yl(2,j),yu(2,j),rho_corr(i,j),rho_single(1,i)*rho_single(2,j)= 4 20 246.334000 249.087494 252.840500 253.216003 1.17205759E-03 2.41791946E-03
  i,j,yl(1,i),yu(1,i),yl(2,j),yu(2,j),rho_corr(i,j),rho_single(1,i)*rho_single(2,j)= 5 1 249.087494 250.766006 121.769997 231.225006 1.42715508E-05 1.36075450E-05
  i,j,yl(1,i),yu(1,i),yl(2,j),yu(2,j),rho_corr(i,j),rho_single(1,i)*rho_single(2,j)= 5 2 249.087494 250.766006 231.225006 241.178497 1.55620364E-04 1.49637344E-04
  i,j,yl(1,i),yu(1,i),yl(2,j),yu(2,j),rho_corr(i,j),rho_single(1,i)*rho_single(2,j)= 5 3 249.087494 250.766006 241.178497 246.059006 3.13791796E-04 3.05175985E-04
  i,j,yl(1,i),yu(1,i),yl(2,j),yu(2,j),rho_corr(i,j),rho_single(1,i)*rho_single(2,j)= 5 4 249.087494 250.766006 246.059006 248.947510 5.66548726E-04 5.15635067E-04
  i,j,yl(1,i),yu(1,i),yl(2,j),yu(2,j),rho_corr(i,j),rho_single(1,i)*rho_single(2,j)= 5 5 249.087494 250.766006 248.947510 250.671997 8.95680918E-04 8.63685098E-04
  i,j,yl(1,i),yu(1,i),yl(2,j),yu(2,j),rho_corr(i,j),rho_single(1,i)*rho_single(2,j)= 5 6 249.087494 250.766006 250.671997 251.710999 1.35605829E-03 1.43350521E-03
  i,j,yl(1,i),yu(1,i),yl(2,j),yu(2,j),rho_corr(i,j),rho_single(1,i)*rho_single(2,j)= 5 7 249.087494 250.766006 251.710999 252.212997 3.29478947E-03 2.96696671E-03
  i,j,yl(1,i),yu(1,i),yl(2,j),yu(2,j),rho_corr(i,j),rho_single(1,i)*rho_single(2,j)= 5 8 249.087494 250.766006 252.212997 252.339996 1.50563633E-02 1.17277708E-02
  i,j,yl(1,i),yu(1,i),yl(2,j),yu(2,j),rho_corr(i,j),rho_single(1,i)*rho_single(2,j)= 5 9 249.087494 250.766006 252.339996 252.401001 3.13442014E-02 2.44147666E-02
  i,j,yl(1,i),yu(1,i),yl(2,j),yu(2,j),rho_corr(i,j),rho_single(1,i)*rho_single(2,j)= 5 10 249.087494 250.766006 252.401001 252.449005 3.74629237E-02 3.10267769E-02
  i,j,yl(1,i),yu(1,i),yl(2,j),yu(2,j),rho_corr(i,j),rho_single(1,i)*rho_single(2,j)= 5 11 249.087494 250.766006 252.449005 252.490997 3.99088189E-02 3.54688354E-02
  i,j,yl(1,i),yu(1,i),yl(2,j),yu(2,j),rho_corr(i,j),rho_single(1,i)*rho_single(2,j)= 5 12 249.087494 250.766006 252.490997 252.529007 4.75439057E-02 3.91851626E-02
  i,j,yl(1,i),yu(1,i),yl(2,j),yu(2,j),rho_corr(i,j),rho_single(1,i)*rho_single(2,j)= 5 13 249.087494 250.766006 252.529007 252.565994 4.50724214E-02 4.02682498E-02
  i,j,yl(1,i),yu(1,i),yl(2,j),yu(2,j),rho_corr(i,j),rho_single(1,i)*rho_single(2,j)= 5 14 249.087494 250.766006 252.565994 252.602005 3.75461169E-02 4.13602702E-02
  i,j,yl(1,i),yu(1,i),yl(2,j),yu(2,j),rho_corr(i,j),rho_single(1,i)*rho_single(2,j)= 5 15 249.087494 250.766006 252.602005 252.639999 3.77740078E-02 3.92008983E-02
  i,j,yl(1,i),yu(1,i),yl(2,j),yu(2,j),rho_corr(i,j),rho_single(1,i)*rho_single(2,j)= 5 16 249.087494 250.766006 252.639999 252.679993 3.15096825E-02 3.72416005E-02
  i,j,yl(1,i),yu(1,i),yl(2,j),yu(2,j),rho_corr(i,j),rho_single(1,i)*rho_single(2,j)= 5 17 249.087494 250.766006 252.679993 252.722000 2.76031233E-02 3.54559533E-02
  i,j,yl(1,i),yu(1,i),yl(2,j),yu(2,j),rho_corr(i,j),rho_single(1,i)*rho_single(2,j)= 5 18 249.087494 250.766006 252.722000 252.772995 2.16228366E-02 2.92071309E-02
  i,j,yl(1,i),yu(1,i),yl(2,j),yu(2,j),rho_corr(i,j),rho_single(1,i)*rho_single(2,j)= 5 19 249.087494 250.766006 252.772995 252.840500 1.27045559E-02 2.20637973E-02
  i,j,yl(1,i),yu(1,i),yl(2,j),yu(2,j),rho_corr(i,j),rho_single(1,i)*rho_single(2,j)= 5 20 249.087494 250.766006 252.840500 253.216003 1.86442351E-03 3.96644464E-03
  i,j,yl(1,i),yu(1,i),yl(2,j),yu(2,j),rho_corr(i,j),rho_single(1,i)*rho_single(2,j)= 6 1 250.766006 251.671005 121.769997 231.225006 2.87681069E-05 2.52380851E-05
  i,j,yl(1,i),yu(1,i),yl(2,j),yu(2,j),rho_corr(i,j),rho_single(1,i)*rho_single(2,j)= 6 2 250.766006 251.671005 231.225006 241.178497 3.09829920E-04 2.77534273E-04
  i,j,yl(1,i),yu(1,i),yl(2,j),yu(2,j),rho_corr(i,j),rho_single(1,i)*rho_single(2,j)= 6 3 250.766006 251.671005 241.178497 246.059006 6.06936170E-04 5.66013739E-04
  i,j,yl(1,i),yu(1,i),yl(2,j),yu(2,j),rho_corr(i,j),rho_single(1,i)*rho_single(2,j)= 6 4 250.766006 251.671005 246.059006 248.947510 1.01426034E-03 9.56354779E-04
  i,j,yl(1,i),yu(1,i),yl(2,j),yu(2,j),rho_corr(i,j),rho_single(1,i)*rho_single(2,j)= 6 5 250.766006 251.671005 248.947510 250.671997 1.61887635E-03 1.60188752E-03
  i,j,yl(1,i),yu(1,i),yl(2,j),yu(2,j),rho_corr(i,j),rho_single(1,i)*rho_single(2,j)= 6 6 250.766006 251.671005 250.671997 251.710999 2.93688476E-03 2.65874015E-03
  i,j,yl(1,i),yu(1,i),yl(2,j),yu(2,j),rho_corr(i,j),rho_single(1,i)*rho_single(2,j)= 6 7 250.766006 251.671005 251.710999 252.212997 6.33721659E-03 5.50287031E-03
  i,j,yl(1,i),yu(1,i),yl(2,j),yu(2,j),rho_corr(i,j),rho_single(1,i)*rho_single(2,j)= 6 8 250.766006 251.671005 252.212997 252.339996 2.63276733E-02 2.17516441E-02
  i,j,yl(1,i),yu(1,i),yl(2,j),yu(2,j),rho_corr(i,j),rho_single(1,i)*rho_single(2,j)= 6 9 250.766006 251.671005 252.339996 252.401001 5.20150624E-02 4.52823751E-02
  i,j,yl(1,i),yu(1,i),yl(2,j),yu(2,j),rho_corr(i,j),rho_single(1,i)*rho_single(2,j)= 6 10 250.766006 251.671005 252.401001 252.449005 6.44112006E-02 5.75457513E-02
  i,j,yl(1,i),yu(1,i),yl(2,j),yu(2,j),rho_corr(i,j),rho_single(1,i)*rho_single(2,j)= 6 11 250.766006 251.671005 252.449005 252.490997 6.84147924E-02 6.57844916E-02
  i,j,yl(1,i),yu(1,i),yl(2,j),yu(2,j),rho_corr(i,j),rho_single(1,i)*rho_single(2,j)= 6 12 250.766006 251.671005 252.490997 252.529007 7.40885139E-02 7.26772100E-02
  i,j,yl(1,i),yu(1,i),yl(2,j),yu(2,j),rho_corr(i,j),rho_single(1,i)*rho_single(2,j)= 6 13 250.766006 251.671005 252.529007 252.565994 8.40352103E-02 7.46860281E-02
  i,j,yl(1,i),yu(1,i),yl(2,j),yu(2,j),rho_corr(i,j),rho_single(1,i)*rho_single(2,j)= 6 14 250.766006 251.671005 252.565994 252.602005 8.06800500E-02 7.67114088E-02
  i,j,yl(1,i),yu(1,i),yl(2,j),yu(2,j),rho_corr(i,j),rho_single(1,i)*rho_single(2,j)= 6 15 250.766006 251.671005 252.602005 252.639999 6.47199899E-02 7.27064013E-02
  i,j,yl(1,i),yu(1,i),yl(2,j),yu(2,j),rho_corr(i,j),rho_single(1,i)*rho_single(2,j)= 6 16 250.766006 251.671005 252.639999 252.679993 5.78326359E-02 6.90724626E-02
  i,j,yl(1,i),yu(1,i),yl(2,j),yu(2,j),rho_corr(i,j),rho_single(1,i)*rho_single(2,j)= 6 17 250.766006 251.671005 252.679993 252.722000 5.40937334E-02 6.57605976E-02
  i,j,yl(1,i),yu(1,i),yl(2,j),yu(2,j),rho_corr(i,j),rho_single(1,i)*rho_single(2,j)= 6 18 250.766006 251.671005 252.722000 252.772995 3.83535661E-02 5.41708320E-02
  i,j,yl(1,i),yu(1,i),yl(2,j),yu(2,j),rho_corr(i,j),rho_single(1,i)*rho_single(2,j)= 6 19 250.766006 251.671005 252.772995 252.840500 2.87327990E-02 4.09220010E-02
  i,j,yl(1,i),yu(1,i),yl(2,j),yu(2,j),rho_corr(i,j),rho_single(1,i)*rho_single(2,j)= 6 20 250.766006 251.671005 252.840500 253.216003 4.19278769E-03 7.35661481E-03
  i,j,yl(1,i),yu(1,i),yl(2,j),yu(2,j),rho_corr(i,j),rho_single(1,i)*rho_single(2,j)= 7 1 251.671005 251.962997 121.769997 231.225006 9.07723152E-05 7.82227580E-05
  i,j,yl(1,i),yu(1,i),yl(2,j),yu(2,j),rho_corr(i,j),rho_single(1,i)*rho_single(2,j)= 7 2 251.671005 251.962997 231.225006 241.178497 9.42595594E-04 8.60187924E-04
  i,j,yl(1,i),yu(1,i),yl(2,j),yu(2,j),rho_corr(i,j),rho_single(1,i)*rho_single(2,j)= 7 3 251.671005 251.962997 241.178497 246.059006 2.06667068E-03 1.75429927E-03
  i,j,yl(1,i),yu(1,i),yl(2,j),yu(2,j),rho_corr(i,j),rho_single(1,i)*rho_single(2,j)= 7 4 251.671005 251.962997 246.059006 248.947510 3.39612458E-03 2.96411989E-03
  i,j,yl(1,i),yu(1,i),yl(2,j),yu(2,j),rho_corr(i,j),rho_single(1,i)*rho_single(2,j)= 7 5 251.671005 251.962997 248.947510 250.671997 5.39676705E-03 4.96488018E-03
  i,j,yl(1,i),yu(1,i),yl(2,j),yu(2,j),rho_corr(i,j),rho_single(1,i)*rho_single(2,j)= 7 6 251.671005 251.962997 250.671997 251.710999 9.39306989E-03 8.24048184E-03
  i,j,yl(1,i),yu(1,i),yl(2,j),yu(2,j),rho_corr(i,j),rho_single(1,i)*rho_single(2,j)= 7 7 251.671005 251.962997 251.710999 252.212997 1.90903638E-02 1.70555599E-02
  i,j,yl(1,i),yu(1,i),yl(2,j),yu(2,j),rho_corr(i,j),rho_single(1,i)*rho_single(2,j)= 7 8 251.671005 251.962997 252.212997 252.339996 6.37746230E-02 6.74169064E-02
  i,j,yl(1,i),yu(1,i),yl(2,j),yu(2,j),rho_corr(i,j),rho_single(1,i)*rho_single(2,j)= 7 9 251.671005 251.962997 252.339996 252.401001 0.119159028 0.140347898
  i,j,yl(1,i),yu(1,i),yl(2,j),yu(2,j),rho_corr(i,j),rho_single(1,i)*rho_single(2,j)= 7 10 251.671005 251.962997 252.401001 252.449005 0.154573560 0.178356931
  i,j,yl(1,i),yu(1,i),yl(2,j),yu(2,j),rho_corr(i,j),rho_single(1,i)*rho_single(2,j)= 7 11 251.671005 251.962997 252.449005 252.490997 0.174307659 0.203892037
  i,j,yl(1,i),yu(1,i),yl(2,j),yu(2,j),rho_corr(i,j),rho_single(1,i)*rho_single(2,j)= 7 12 251.671005 251.962997 252.490997 252.529007 0.210438550 0.225255281
  i,j,yl(1,i),yu(1,i),yl(2,j),yu(2,j),rho_corr(i,j),rho_single(1,i)*rho_single(2,j)= 7 13 251.671005 251.962997 252.529007 252.565994 0.208094552 0.231481403
  i,j,yl(1,i),yu(1,i),yl(2,j),yu(2,j),rho_corr(i,j),rho_single(1,i)*rho_single(2,j)= 7 14 251.671005 251.962997 252.565994 252.602005 0.213737801 0.237758845
  i,j,yl(1,i),yu(1,i),yl(2,j),yu(2,j),rho_corr(i,j),rho_single(1,i)*rho_single(2,j)= 7 15 251.671005 251.962997 252.602005 252.639999 0.204564869 0.225345746
  i,j,yl(1,i),yu(1,i),yl(2,j),yu(2,j),rho_corr(i,j),rho_single(1,i)*rho_single(2,j)= 7 16 251.671005 251.962997 252.639999 252.679993 0.198114127 0.214082748
  i,j,yl(1,i),yu(1,i),yl(2,j),yu(2,j),rho_corr(i,j),rho_single(1,i)*rho_single(2,j)= 7 17 251.671005 251.962997 252.679993 252.722000 0.197596669 0.203817979
  i,j,yl(1,i),yu(1,i),yl(2,j),yu(2,j),rho_corr(i,j),rho_single(1,i)*rho_single(2,j)= 7 18 251.671005 251.962997 252.722000 252.772995 0.160305649 0.167896733
  i,j,yl(1,i),yu(1,i),yl(2,j),yu(2,j),rho_corr(i,j),rho_single(1,i)*rho_single(2,j)= 7 19 251.671005 251.962997 252.772995 252.840500 0.121844113 0.126833394
  i,j,yl(1,i),yu(1,i),yl(2,j),yu(2,j),rho_corr(i,j),rho_single(1,i)*rho_single(2,j)= 7 20 251.671005 251.962997 252.840500 253.216003 2.10333094E-02 2.28010453E-02
  i,j,yl(1,i),yu(1,i),yl(2,j),yu(2,j),rho_corr(i,j),rho_single(1,i)*rho_single(2,j)= 8 1 251.962997 252.119003 121.769997 231.225006 1.56992726E-04 1.46407547E-04
  i,j,yl(1,i),yu(1,i),yl(2,j),yu(2,j),rho_corr(i,j),rho_single(1,i)*rho_single(2,j)= 8 2 251.962997 252.119003 231.225006 241.178497 1.77842157E-03 1.60999189E-03
  i,j,yl(1,i),yu(1,i),yl(2,j),yu(2,j),rho_corr(i,j),rho_single(1,i)*rho_single(2,j)= 8 3 251.962997 252.119003 241.178497 246.059006 3.50157847E-03 3.28347739E-03
  i,j,yl(1,i),yu(1,i),yl(2,j),yu(2,j),rho_corr(i,j),rho_single(1,i)*rho_single(2,j)= 8 4 251.962997 252.119003 246.059006 248.947510 5.73709467E-03 5.54786762E-03
  i,j,yl(1,i),yu(1,i),yl(2,j),yu(2,j),rho_corr(i,j),rho_single(1,i)*rho_single(2,j)= 8 5 251.962997 252.119003 248.947510 250.671997 1.10018915E-02 9.29263979E-03
  i,j,yl(1,i),yu(1,i),yl(2,j),yu(2,j),rho_corr(i,j),rho_single(1,i)*rho_single(2,j)= 8 6 251.962997 252.119003 250.671997 251.710999 1.73995234E-02 1.54235009E-02
  i,j,yl(1,i),yu(1,i),yl(2,j),yu(2,j),rho_corr(i,j),rho_single(1,i)*rho_single(2,j)= 8 7 251.962997 252.119003 251.710999 252.212997 3.16983201E-02 3.19224596E-02
  i,j,yl(1,i),yu(1,i),yl(2,j),yu(2,j),rho_corr(i,j),rho_single(1,i)*rho_single(2,j)= 8 8 251.962997 252.119003 252.212997 252.339996 0.108244337 0.126182511
  i,j,yl(1,i),yu(1,i),yl(2,j),yu(2,j),rho_corr(i,j),rho_single(1,i)*rho_single(2,j)= 8 9 251.962997 252.119003 252.339996 252.401001 0.211451128 0.262685597
  i,j,yl(1,i),yu(1,i),yl(2,j),yu(2,j),rho_corr(i,j),rho_single(1,i)*rho_single(2,j)= 8 10 251.962997 252.119003 252.401001 252.449005 0.307944983 0.333826125
  i,j,yl(1,i),yu(1,i),yl(2,j),yu(2,j),rho_corr(i,j),rho_single(1,i)*rho_single(2,j)= 8 11 251.962997 252.119003 252.449005 252.490997 0.380061179 0.381619543
  i,j,yl(1,i),yu(1,i),yl(2,j),yu(2,j),rho_corr(i,j),rho_single(1,i)*rho_single(2,j)= 8 12 251.962997 252.119003 252.490997 252.529007 0.393872470 0.421604574
  i,j,yl(1,i),yu(1,i),yl(2,j),yu(2,j),rho_corr(i,j),rho_single(1,i)*rho_single(2,j)= 8 13 251.962997 252.119003 252.529007 252.565994 0.435307086 0.433257848
  i,j,yl(1,i),yu(1,i),yl(2,j),yu(2,j),rho_corr(i,j),rho_single(1,i)*rho_single(2,j)= 8 14 251.962997 252.119003 252.565994 252.602005 0.428809166 0.445007205
  i,j,yl(1,i),yu(1,i),yl(2,j),yu(2,j),rho_corr(i,j),rho_single(1,i)*rho_single(2,j)= 8 15 251.962997 252.119003 252.602005 252.639999 0.389074296 0.421773911
  i,j,yl(1,i),yu(1,i),yl(2,j),yu(2,j),rho_corr(i,j),rho_single(1,i)*rho_single(2,j)= 8 16 251.962997 252.119003 252.639999 252.679993 0.377868116 0.400693238
  i,j,yl(1,i),yu(1,i),yl(2,j),yu(2,j),rho_corr(i,j),rho_single(1,i)*rho_single(2,j)= 8 17 251.962997 252.119003 252.679993 252.722000 0.376560956 0.381480932
  i,j,yl(1,i),yu(1,i),yl(2,j),yu(2,j),rho_corr(i,j),rho_single(1,i)*rho_single(2,j)= 8 18 251.962997 252.119003 252.722000 252.772995 0.314811200 0.314248025
  i,j,yl(1,i),yu(1,i),yl(2,j),yu(2,j),rho_corr(i,j),rho_single(1,i)*rho_single(2,j)= 8 19 251.962997 252.119003 252.772995 252.840500 0.244790331 0.237390831
  i,j,yl(1,i),yu(1,i),yl(2,j),yu(2,j),rho_corr(i,j),rho_single(1,i)*rho_single(2,j)= 8 20 251.962997 252.119003 252.840500 253.216003 4.30033617E-02 4.26761359E-02
  i,j,yl(1,i),yu(1,i),yl(2,j),yu(2,j),rho_corr(i,j),rho_single(1,i)*rho_single(2,j)= 9 1 252.119003 252.235001 121.769997 231.225006 2.38328983E-04 1.96904861E-04
  i,j,yl(1,i),yu(1,i),yl(2,j),yu(2,j),rho_corr(i,j),rho_single(1,i)*rho_single(2,j)= 9 2 252.119003 252.235001 231.225006 241.178497 2.39817682E-03 2.16529286E-03
  i,j,yl(1,i),yu(1,i),yl(2,j),yu(2,j),rho_corr(i,j),rho_single(1,i)*rho_single(2,j)= 9 3 252.119003 252.235001 241.178497 246.059006 4.11253376E-03 4.41597914E-03
  i,j,yl(1,i),yu(1,i),yl(2,j),yu(2,j),rho_corr(i,j),rho_single(1,i)*rho_single(2,j)= 9 4 252.119003 252.235001 246.059006 248.947510 8.13235343E-03 7.46137882E-03
  i,j,yl(1,i),yu(1,i),yl(2,j),yu(2,j),rho_corr(i,j),rho_single(1,i)*rho_single(2,j)= 9 5 252.119003 252.235001 248.947510 250.671997 1.14921052E-02 1.24977576E-02
  i,j,yl(1,i),yu(1,i),yl(2,j),yu(2,j),rho_corr(i,j),rho_single(1,i)*rho_single(2,j)= 9 6 252.119003 252.235001 250.671997 251.710999 2.32789014E-02 2.07432099E-02
  i,j,yl(1,i),yu(1,i),yl(2,j),yu(2,j),rho_corr(i,j),rho_single(1,i)*rho_single(2,j)= 9 7 252.119003 252.235001 251.710999 252.212997 4.41449024E-02 4.29328121E-02
  i,j,yl(1,i),yu(1,i),yl(2,j),yu(2,j),rho_corr(i,j),rho_single(1,i)*rho_single(2,j)= 9 8 252.119003 252.235001 252.212997 252.339996 0.148570165 0.169704035
  i,j,yl(1,i),yu(1,i),yl(2,j),yu(2,j),rho_corr(i,j),rho_single(1,i)*rho_single(2,j)= 9 9 252.119003 252.235001 252.339996 252.401001 0.283344686 0.353288293
  i,j,yl(1,i),yu(1,i),yl(2,j),yu(2,j),rho_corr(i,j),rho_single(1,i)*rho_single(2,j)= 9 10 252.119003 252.235001 252.401001 252.449005 0.420752943 0.448965877
  i,j,yl(1,i),yu(1,i),yl(2,j),yu(2,j),rho_corr(i,j),rho_single(1,i)*rho_single(2,j)= 9 11 252.119003 252.235001 252.449005 252.490997 0.468929082 0.513243675
  i,j,yl(1,i),yu(1,i),yl(2,j),yu(2,j),rho_corr(i,j),rho_single(1,i)*rho_single(2,j)= 9 12 252.119003 252.235001 252.490997 252.529007 0.514730573 0.567019939
  i,j,yl(1,i),yu(1,i),yl(2,j),yu(2,j),rho_corr(i,j),rho_single(1,i)*rho_single(2,j)= 9 13 252.119003 252.235001 252.529007 252.565994 0.535805225 0.582692504
  i,j,yl(1,i),yu(1,i),yl(2,j),yu(2,j),rho_corr(i,j),rho_single(1,i)*rho_single(2,j)= 9 14 252.119003 252.235001 252.565994 252.602005 0.594292045 0.598494291
  i,j,yl(1,i),yu(1,i),yl(2,j),yu(2,j),rho_corr(i,j),rho_single(1,i)*rho_single(2,j)= 9 15 252.119003 252.235001 252.602005 252.639999 0.579929411 0.567247629
  i,j,yl(1,i),yu(1,i),yl(2,j),yu(2,j),rho_corr(i,j),rho_single(1,i)*rho_single(2,j)= 9 16 252.119003 252.235001 252.639999 252.679993 0.576274753 0.538896024
  i,j,yl(1,i),yu(1,i),yl(2,j),yu(2,j),rho_corr(i,j),rho_single(1,i)*rho_single(2,j)= 9 17 252.119003 252.235001 252.679993 252.722000 0.569745362 0.513057232
  i,j,yl(1,i),yu(1,i),yl(2,j),yu(2,j),rho_corr(i,j),rho_single(1,i)*rho_single(2,j)= 9 18 252.119003 252.235001 252.722000 252.772995 0.476782143 0.422635108
  i,j,yl(1,i),yu(1,i),yl(2,j),yu(2,j),rho_corr(i,j),rho_single(1,i)*rho_single(2,j)= 9 19 252.119003 252.235001 252.772995 252.840500 0.347041845 0.319269121
  i,j,yl(1,i),yu(1,i),yl(2,j),yu(2,j),rho_corr(i,j),rho_single(1,i)*rho_single(2,j)= 9 20 252.119003 252.235001 252.840500 253.216003 5.95217831E-02 5.73955327E-02
  i,j,yl(1,i),yu(1,i),yl(2,j),yu(2,j),rho_corr(i,j),rho_single(1,i)*rho_single(2,j)= 10 1 252.235001 252.326996 121.769997 231.225006 2.61852489E-04 2.48278433E-04
  i,j,yl(1,i),yu(1,i),yl(2,j),yu(2,j),rho_corr(i,j),rho_single(1,i)*rho_single(2,j)= 10 2 252.235001 252.326996 231.225006 241.178497 2.75116460E-03 2.73022987E-03
  i,j,yl(1,i),yu(1,i),yl(2,j),yu(2,j),rho_corr(i,j),rho_single(1,i)*rho_single(2,j)= 10 3 252.235001 252.326996 241.178497 246.059006 5.64354379E-03 5.56813274E-03
  i,j,yl(1,i),yu(1,i),yl(2,j),yu(2,j),rho_corr(i,j),rho_single(1,i)*rho_single(2,j)= 10 4 252.235001 252.326996 246.059006 248.947510 9.70134605E-03 9.40809399E-03
  i,j,yl(1,i),yu(1,i),yl(2,j),yu(2,j),rho_corr(i,j),rho_single(1,i)*rho_single(2,j)= 10 5 252.235001 252.326996 248.947510 250.671997 1.67126395E-02 1.57584921E-02
  i,j,yl(1,i),yu(1,i),yl(2,j),yu(2,j),rho_corr(i,j),rho_single(1,i)*rho_single(2,j)= 10 6 252.235001 252.326996 250.671997 251.710999 2.59715822E-02 2.61552278E-02
  i,j,yl(1,i),yu(1,i),yl(2,j),yu(2,j),rho_corr(i,j),rho_single(1,i)*rho_single(2,j)= 10 7 252.235001 252.326996 251.710999 252.212997 5.29589467E-02 5.41342199E-02
  i,j,yl(1,i),yu(1,i),yl(2,j),yu(2,j),rho_corr(i,j),rho_single(1,i)*rho_single(2,j)= 10 8 252.235001 252.326996 252.212997 252.339996 0.186075687 0.213980749
  i,j,yl(1,i),yu(1,i),yl(2,j),yu(2,j),rho_corr(i,j),rho_single(1,i)*rho_single(2,j)= 10 9 252.235001 252.326996 252.339996 252.401001 0.379518539 0.445463181
  i,j,yl(1,i),yu(1,i),yl(2,j),yu(2,j),rho_corr(i,j),rho_single(1,i)*rho_single(2,j)= 10 10 252.235001 252.326996 252.401001 252.449005 0.492278397 0.566103518
  i,j,yl(1,i),yu(1,i),yl(2,j),yu(2,j),rho_corr(i,j),rho_single(1,i)*rho_single(2,j)= 10 11 252.235001 252.326996 252.449005 252.490997 0.636904240 0.647151768
  i,j,yl(1,i),yu(1,i),yl(2,j),yu(2,j),rho_corr(i,j),rho_single(1,i)*rho_single(2,j)= 10 12 252.235001 252.326996 252.490997 252.529007 0.604918063 0.714958549
  i,j,yl(1,i),yu(1,i),yl(2,j),yu(2,j),rho_corr(i,j),rho_single(1,i)*rho_single(2,j)= 10 13 252.235001 252.326996 252.529007 252.565994 0.658332050 0.734720230
  i,j,yl(1,i),yu(1,i),yl(2,j),yu(2,j),rho_corr(i,j),rho_single(1,i)*rho_single(2,j)= 10 14 252.235001 252.326996 252.565994 252.602005 0.731610179 0.754644811
  i,j,yl(1,i),yu(1,i),yl(2,j),yu(2,j),rho_corr(i,j),rho_single(1,i)*rho_single(2,j)= 10 15 252.235001 252.326996 252.602005 252.639999 0.695514858 0.715245724
  i,j,yl(1,i),yu(1,i),yl(2,j),yu(2,j),rho_corr(i,j),rho_single(1,i)*rho_single(2,j)= 10 16 252.235001 252.326996 252.639999 252.679993 0.780526280 0.679497004
  i,j,yl(1,i),yu(1,i),yl(2,j),yu(2,j),rho_corr(i,j),rho_single(1,i)*rho_single(2,j)= 10 17 252.235001 252.326996 252.679993 252.722000 0.630971372 0.646916747
  i,j,yl(1,i),yu(1,i),yl(2,j),yu(2,j),rho_corr(i,j),rho_single(1,i)*rho_single(2,j)= 10 18 252.235001 252.326996 252.722000 252.772995 0.599611700 0.532902956
  i,j,yl(1,i),yu(1,i),yl(2,j),yu(2,j),rho_corr(i,j),rho_single(1,i)*rho_single(2,j)= 10 19 252.235001 252.326996 252.772995 252.840500 0.471884370 0.402568221
  i,j,yl(1,i),yu(1,i),yl(2,j),yu(2,j),rho_corr(i,j),rho_single(1,i)*rho_single(2,j)= 10 20 252.235001 252.326996 252.840500 253.216003 8.35557505E-02 7.23703429E-02
  i,j,yl(1,i),yu(1,i),yl(2,j),yu(2,j),rho_corr(i,j),rho_single(1,i)*rho_single(2,j)= 11 1 252.326996 252.412003 121.769997 231.225006 2.62856425E-04 2.68689764E-04
  i,j,yl(1,i),yu(1,i),yl(2,j),yu(2,j),rho_corr(i,j),rho_single(1,i)*rho_single(2,j)= 11 2 252.326996 252.412003 231.225006 241.178497 3.16830818E-03 2.95468606E-03
  i,j,yl(1,i),yu(1,i),yl(2,j),yu(2,j),rho_corr(i,j),rho_single(1,i)*rho_single(2,j)= 11 3 252.326996 252.412003 241.178497 246.059006 6.07210211E-03 6.02589687E-03
  i,j,yl(1,i),yu(1,i),yl(2,j),yu(2,j),rho_corr(i,j),rho_single(1,i)*rho_single(2,j)= 11 4 252.326996 252.412003 246.059006 248.947510 1.03792623E-02 1.01815471E-02
  i,j,yl(1,i),yu(1,i),yl(2,j),yu(2,j),rho_corr(i,j),rho_single(1,i)*rho_single(2,j)= 11 5 252.326996 252.412003 248.947510 250.671997 1.64833646E-02 1.70540195E-02
  i,j,yl(1,i),yu(1,i),yl(2,j),yu(2,j),rho_corr(i,j),rho_single(1,i)*rho_single(2,j)= 11 6 252.326996 252.412003 250.671997 251.710999 2.64436211E-02 2.83054858E-02
  i,j,yl(1,i),yu(1,i),yl(2,j),yu(2,j),rho_corr(i,j),rho_single(1,i)*rho_single(2,j)= 11 7 252.326996 252.412003 251.710999 252.212997 5.52474521E-02 5.85846752E-02
  i,j,yl(1,i),yu(1,i),yl(2,j),yu(2,j),rho_corr(i,j),rho_single(1,i)*rho_single(2,j)= 11 8 252.326996 252.412003 252.212997 252.339996 0.208176374 0.231572419
  i,j,yl(1,i),yu(1,i),yl(2,j),yu(2,j),rho_corr(i,j),rho_single(1,i)*rho_single(2,j)= 11 9 252.326996 252.412003 252.339996 252.401001 0.426298320 0.482085347
  i,j,yl(1,i),yu(1,i),yl(2,j),yu(2,j),rho_corr(i,j),rho_single(1,i)*rho_single(2,j)= 11 10 252.326996 252.412003 252.401001 252.449005 0.566946089 0.612643719
  i,j,yl(1,i),yu(1,i),yl(2,j),yu(2,j),rho_corr(i,j),rho_single(1,i)*rho_single(2,j)= 11 11 252.326996 252.412003 252.449005 252.490997 0.617252350 0.700355053
  i,j,yl(1,i),yu(1,i),yl(2,j),yu(2,j),rho_corr(i,j),rho_single(1,i)*rho_single(2,j)= 11 12 252.326996 252.412003 252.490997 252.529007 0.668287754 0.773736358
  i,j,yl(1,i),yu(1,i),yl(2,j),yu(2,j),rho_corr(i,j),rho_single(1,i)*rho_single(2,j)= 11 13 252.326996 252.412003 252.529007 252.565994 0.738149643 0.795122623
  i,j,yl(1,i),yu(1,i),yl(2,j),yu(2,j),rho_corr(i,j),rho_single(1,i)*rho_single(2,j)= 11 14 252.326996 252.412003 252.565994 252.602005 0.851738453 0.816685259
  i,j,yl(1,i),yu(1,i),yl(2,j),yu(2,j),rho_corr(i,j),rho_single(1,i)*rho_single(2,j)= 11 15 252.326996 252.412003 252.602005 252.639999 0.768612206 0.774047077
  i,j,yl(1,i),yu(1,i),yl(2,j),yu(2,j),rho_corr(i,j),rho_single(1,i)*rho_single(2,j)= 11 16 252.326996 252.412003 252.639999 252.679993 0.825251400 0.735359430
  i,j,yl(1,i),yu(1,i),yl(2,j),yu(2,j),rho_corr(i,j),rho_single(1,i)*rho_single(2,j)= 11 17 252.326996 252.412003 252.679993 252.722000 0.785682499 0.700100660
  i,j,yl(1,i),yu(1,i),yl(2,j),yu(2,j),rho_corr(i,j),rho_single(1,i)*rho_single(2,j)= 11 18 252.326996 252.412003 252.722000 252.772995 0.645518124 0.576713681
  i,j,yl(1,i),yu(1,i),yl(2,j),yu(2,j),rho_corr(i,j),rho_single(1,i)*rho_single(2,j)= 11 19 252.326996 252.412003 252.772995 252.840500 0.520917833 0.435663939
  i,j,yl(1,i),yu(1,i),yl(2,j),yu(2,j),rho_corr(i,j),rho_single(1,i)*rho_single(2,j)= 11 20 252.326996 252.412003 252.840500 253.216003 9.64073092E-02 7.83200115E-02
  i,j,yl(1,i),yu(1,i),yl(2,j),yu(2,j),rho_corr(i,j),rho_single(1,i)*rho_single(2,j)= 12 1 252.412003 252.487000 121.769997 231.225006 3.00623738E-04 3.04551533E-04
  i,j,yl(1,i),yu(1,i),yl(2,j),yu(2,j),rho_corr(i,j),rho_single(1,i)*rho_single(2,j)= 12 2 252.412003 252.487000 231.225006 241.178497 3.26649705E-03 3.34904506E-03
  i,j,yl(1,i),yu(1,i),yl(2,j),yu(2,j),rho_corr(i,j),rho_single(1,i)*rho_single(2,j)= 12 3 252.412003 252.487000 241.178497 246.059006 6.78221043E-03 6.83016749E-03
  i,j,yl(1,i),yu(1,i),yl(2,j),yu(2,j),rho_corr(i,j),rho_single(1,i)*rho_single(2,j)= 12 4 252.412003 252.487000 246.059006 248.947510 1.10186907E-02 1.15404679E-02
  i,j,yl(1,i),yu(1,i),yl(2,j),yu(2,j),rho_corr(i,j),rho_single(1,i)*rho_single(2,j)= 12 5 252.412003 252.487000 248.947510 250.671997 1.97055750E-02 1.93302035E-02
  i,j,yl(1,i),yu(1,i),yl(2,j),yu(2,j),rho_corr(i,j),rho_single(1,i)*rho_single(2,j)= 12 6 252.412003 252.487000 250.671997 251.710999 3.32719423E-02 3.20833921E-02
  i,j,yl(1,i),yu(1,i),yl(2,j),yu(2,j),rho_corr(i,j),rho_single(1,i)*rho_single(2,j)= 12 7 252.412003 252.487000 251.710999 252.212997 5.89147173E-02 6.64039105E-02
  i,j,yl(1,i),yu(1,i),yl(2,j),yu(2,j),rho_corr(i,j),rho_single(1,i)*rho_single(2,j)= 12 8 252.412003 252.487000 252.212997 252.339996 0.219768032 0.262480170
  i,j,yl(1,i),yu(1,i),yl(2,j),yu(2,j),rho_corr(i,j),rho_single(1,i)*rho_single(2,j)= 12 9 252.412003 252.487000 252.339996 252.401001 0.454300493 0.546428800
  i,j,yl(1,i),yu(1,i),yl(2,j),yu(2,j),rho_corr(i,j),rho_single(1,i)*rho_single(2,j)= 12 10 252.412003 252.487000 252.401001 252.449005 0.614055037 0.694412708
  i,j,yl(1,i),yu(1,i),yl(2,j),yu(2,j),rho_corr(i,j),rho_single(1,i)*rho_single(2,j)= 12 11 252.412003 252.487000 252.449005 252.490997 0.720625520 0.793830752
  i,j,yl(1,i),yu(1,i),yl(2,j),yu(2,j),rho_corr(i,j),rho_single(1,i)*rho_single(2,j)= 12 12 252.412003 252.487000 252.490997 252.529007 0.806436479 0.877006173
  i,j,yl(1,i),yu(1,i),yl(2,j),yu(2,j),rho_corr(i,j),rho_single(1,i)*rho_single(2,j)= 12 13 252.412003 252.487000 252.529007 252.565994 0.807545066 0.901246846
  i,j,yl(1,i),yu(1,i),yl(2,j),yu(2,j),rho_corr(i,j),rho_single(1,i)*rho_single(2,j)= 12 14 252.412003 252.487000 252.565994 252.602005 0.995333612 0.925687432
  i,j,yl(1,i),yu(1,i),yl(2,j),yu(2,j),rho_corr(i,j),rho_single(1,i)*rho_single(2,j)= 12 15 252.412003 252.487000 252.602005 252.639999 0.902128160 0.877358377
  i,j,yl(1,i),yu(1,i),yl(2,j),yu(2,j),rho_corr(i,j),rho_single(1,i)*rho_single(2,j)= 12 16 252.412003 252.487000 252.639999 252.679993 0.981921792 0.833507121
  i,j,yl(1,i),yu(1,i),yl(2,j),yu(2,j),rho_corr(i,j),rho_single(1,i)*rho_single(2,j)= 12 17 252.412003 252.487000 252.679993 252.722000 0.855577588 0.793542445
  i,j,yl(1,i),yu(1,i),yl(2,j),yu(2,j),rho_corr(i,j),rho_single(1,i)*rho_single(2,j)= 12 18 252.412003 252.487000 252.722000 252.772995 0.747038066 0.653687060
  i,j,yl(1,i),yu(1,i),yl(2,j),yu(2,j),rho_corr(i,j),rho_single(1,i)*rho_single(2,j)= 12 19 252.412003 252.487000 252.772995 252.840500 0.546922505 0.493811578
  i,j,yl(1,i),yu(1,i),yl(2,j),yu(2,j),rho_corr(i,j),rho_single(1,i)*rho_single(2,j)= 12 20 252.412003 252.487000 252.840500 253.216003 0.112404287 8.87733102E-02
  i,j,yl(1,i),yu(1,i),yl(2,j),yu(2,j),rho_corr(i,j),rho_single(1,i)*rho_single(2,j)= 13 1 252.487000 252.563995 121.769997 231.225006 2.84975802E-04 2.96645012E-04
  i,j,yl(1,i),yu(1,i),yl(2,j),yu(2,j),rho_corr(i,j),rho_single(1,i)*rho_single(2,j)= 13 2 252.487000 252.563995 231.225006 241.178497 3.22002871E-03 3.26209981E-03
  i,j,yl(1,i),yu(1,i),yl(2,j),yu(2,j),rho_corr(i,j),rho_single(1,i)*rho_single(2,j)= 13 3 252.487000 252.563995 241.178497 246.059006 6.44977810E-03 6.65284833E-03
  i,j,yl(1,i),yu(1,i),yl(2,j),yu(2,j),rho_corr(i,j),rho_single(1,i)*rho_single(2,j)= 13 4 252.487000 252.563995 246.059006 248.947510 1.17893843E-02 1.12408632E-02
  i,j,yl(1,i),yu(1,i),yl(2,j),yu(2,j),rho_corr(i,j),rho_single(1,i)*rho_single(2,j)= 13 5 252.487000 252.563995 248.947510 250.671997 1.84195973E-02 1.88283678E-02
  i,j,yl(1,i),yu(1,i),yl(2,j),yu(2,j),rho_corr(i,j),rho_single(1,i)*rho_single(2,j)= 13 6 252.487000 252.563995 250.671997 251.710999 3.24081630E-02 3.12504694E-02
  i,j,yl(1,i),yu(1,i),yl(2,j),yu(2,j),rho_corr(i,j),rho_single(1,i)*rho_single(2,j)= 13 7 252.487000 252.563995 251.710999 252.212997 6.70761093E-02 6.46799877E-02
  i,j,yl(1,i),yu(1,i),yl(2,j),yu(2,j),rho_corr(i,j),rho_single(1,i)*rho_single(2,j)= 13 8 252.487000 252.563995 252.212997 252.339996 0.200542852 0.255665869
  i,j,yl(1,i),yu(1,i),yl(2,j),yu(2,j),rho_corr(i,j),rho_single(1,i)*rho_single(2,j)= 13 9 252.487000 252.563995 252.339996 252.401001 0.473778844 0.532242835
  i,j,yl(1,i),yu(1,i),yl(2,j),yu(2,j),rho_corr(i,j),rho_single(1,i)*rho_single(2,j)= 13 10 252.487000 252.563995 252.401001 252.449005 0.532539606 0.676384866
  i,j,yl(1,i),yu(1,i),yl(2,j),yu(2,j),rho_corr(i,j),rho_single(1,i)*rho_single(2,j)= 13 11 252.487000 252.563995 252.449005 252.490997 0.715546668 0.773221970
  i,j,yl(1,i),yu(1,i),yl(2,j),yu(2,j),rho_corr(i,j),rho_single(1,i)*rho_single(2,j)= 13 12 252.487000 252.563995 252.490997 252.529007 0.843220890 0.854238033
  i,j,yl(1,i),yu(1,i),yl(2,j),yu(2,j),rho_corr(i,j),rho_single(1,i)*rho_single(2,j)= 13 13 252.487000 252.563995 252.529007 252.565994 0.851054072 0.877849400
  i,j,yl(1,i),yu(1,i),yl(2,j),yu(2,j),rho_corr(i,j),rho_single(1,i)*rho_single(2,j)= 13 14 252.487000 252.563995 252.565994 252.602005 0.990684628 0.901655436
  i,j,yl(1,i),yu(1,i),yl(2,j),yu(2,j),rho_corr(i,j),rho_single(1,i)*rho_single(2,j)= 13 15 252.487000 252.563995 252.602005 252.639999 0.918877423 0.854581118
  i,j,yl(1,i),yu(1,i),yl(2,j),yu(2,j),rho_corr(i,j),rho_single(1,i)*rho_single(2,j)= 13 16 252.487000 252.563995 252.639999 252.679993 0.899187267 0.811868310
  i,j,yl(1,i),yu(1,i),yl(2,j),yu(2,j),rho_corr(i,j),rho_single(1,i)*rho_single(2,j)= 13 17 252.487000 252.563995 252.679993 252.722000 0.869697809 0.772941113
  i,j,yl(1,i),yu(1,i),yl(2,j),yu(2,j),rho_corr(i,j),rho_single(1,i)*rho_single(2,j)= 13 18 252.487000 252.563995 252.722000 252.772995 0.699585795 0.636716545
  i,j,yl(1,i),yu(1,i),yl(2,j),yu(2,j),rho_corr(i,j),rho_single(1,i)*rho_single(2,j)= 13 19 252.487000 252.563995 252.772995 252.840500 0.597724557 0.480991632
  i,j,yl(1,i),yu(1,i),yl(2,j),yu(2,j),rho_corr(i,j),rho_single(1,i)*rho_single(2,j)= 13 20 252.487000 252.563995 252.840500 253.216003 0.109232113 8.64686444E-02
  i,j,yl(1,i),yu(1,i),yl(2,j),yu(2,j),rho_corr(i,j),rho_single(1,i)*rho_single(2,j)= 14 1 252.563995 252.636993 121.769997 231.225006 2.68410309E-04 3.12891032E-04
  i,j,yl(1,i),yu(1,i),yl(2,j),yu(2,j),rho_corr(i,j),rho_single(1,i)*rho_single(2,j)= 14 2 252.563995 252.636993 231.225006 241.178497 3.11334501E-03 3.44075169E-03
  i,j,yl(1,i),yu(1,i),yl(2,j),yu(2,j),rho_corr(i,j),rho_single(1,i)*rho_single(2,j)= 14 3 252.563995 252.636993 241.178497 246.059006 7.35961553E-03 7.01719709E-03
  i,j,yl(1,i),yu(1,i),yl(2,j),yu(2,j),rho_corr(i,j),rho_single(1,i)*rho_single(2,j)= 14 4 252.563995 252.636993 246.059006 248.947510 1.11114234E-02 1.18564796E-02
  i,j,yl(1,i),yu(1,i),yl(2,j),yu(2,j),rho_corr(i,j),rho_single(1,i)*rho_single(2,j)= 14 5 252.563995 252.636993 248.947510 250.671997 1.76780596E-02 1.98595207E-02
  i,j,yl(1,i),yu(1,i),yl(2,j),yu(2,j),rho_corr(i,j),rho_single(1,i)*rho_single(2,j)= 14 6 252.563995 252.636993 250.671997 251.710999 2.75981948E-02 3.29619274E-02
  i,j,yl(1,i),yu(1,i),yl(2,j),yu(2,j),rho_corr(i,j),rho_single(1,i)*rho_single(2,j)= 14 7 252.563995 252.636993 251.710999 252.212997 6.41356036E-02 6.82222396E-02
  i,j,yl(1,i),yu(1,i),yl(2,j),yu(2,j),rho_corr(i,j),rho_single(1,i)*rho_single(2,j)= 14 8 252.563995 252.636993 252.212997 252.339996 0.240046084 0.269667625
  i,j,yl(1,i),yu(1,i),yl(2,j),yu(2,j),rho_corr(i,j),rho_single(1,i)*rho_single(2,j)= 14 9 252.563995 252.636993 252.339996 252.401001 0.473337591 0.561391592
  i,j,yl(1,i),yu(1,i),yl(2,j),yu(2,j),rho_corr(i,j),rho_single(1,i)*rho_single(2,j)= 14 10 252.563995 252.636993 252.401001 252.449005 0.567992330 0.713427722
  i,j,yl(1,i),yu(1,i),yl(2,j),yu(2,j),rho_corr(i,j),rho_single(1,i)*rho_single(2,j)= 14 11 252.563995 252.636993 252.449005 252.490997 0.728378356 0.815568149
  i,j,yl(1,i),yu(1,i),yl(2,j),yu(2,j),rho_corr(i,j),rho_single(1,i)*rho_single(2,j)= 14 12 252.563995 252.636993 252.490997 252.529007 0.860283375 0.901021123
  i,j,yl(1,i),yu(1,i),yl(2,j),yu(2,j),rho_corr(i,j),rho_single(1,i)*rho_single(2,j)= 14 13 252.563995 252.636993 252.529007 252.565994 0.960227191 0.925925612
  i,j,yl(1,i),yu(1,i),yl(2,j),yu(2,j),rho_corr(i,j),rho_single(1,i)*rho_single(2,j)= 14 14 252.563995 252.636993 252.565994 252.602005 0.952739775 0.951035380
  i,j,yl(1,i),yu(1,i),yl(2,j),yu(2,j),rho_corr(i,j),rho_single(1,i)*rho_single(2,j)= 14 15 252.563995 252.636993 252.602005 252.639999 0.953311980 0.901382983
  i,j,yl(1,i),yu(1,i),yl(2,j),yu(2,j),rho_corr(i,j),rho_single(1,i)*rho_single(2,j)= 14 16 252.563995 252.636993 252.639999 252.679993 1.03396702 0.856330991
  i,j,yl(1,i),yu(1,i),yl(2,j),yu(2,j),rho_corr(i,j),rho_single(1,i)*rho_single(2,j)= 14 17 252.563995 252.636993 252.679993 252.722000 0.943673849 0.815271914
  i,j,yl(1,i),yu(1,i),yl(2,j),yu(2,j),rho_corr(i,j),rho_single(1,i)*rho_single(2,j)= 14 18 252.563995 252.636993 252.722000 252.772995 0.895738661 0.671586931
  i,j,yl(1,i),yu(1,i),yl(2,j),yu(2,j),rho_corr(i,j),rho_single(1,i)*rho_single(2,j)= 14 19 252.563995 252.636993 252.772995 252.840500 0.630459428 0.507333577
  i,j,yl(1,i),yu(1,i),yl(2,j),yu(2,j),rho_corr(i,j),rho_single(1,i)*rho_single(2,j)= 14 20 252.563995 252.636993 252.840500 253.216003 0.114142545 9.12041813E-02
  i,j,yl(1,i),yu(1,i),yl(2,j),yu(2,j),rho_corr(i,j),rho_single(1,i)*rho_single(2,j)= 15 1 252.636993 252.714005 121.769997 231.225006 2.26541379E-04 2.96586251E-04
  i,j,yl(1,i),yu(1,i),yl(2,j),yu(2,j),rho_corr(i,j),rho_single(1,i)*rho_single(2,j)= 15 2 252.636993 252.714005 231.225006 241.178497 2.96068960E-03 3.26145370E-03
  i,j,yl(1,i),yu(1,i),yl(2,j),yu(2,j),rho_corr(i,j),rho_single(1,i)*rho_single(2,j)= 15 3 252.636993 252.714005 241.178497 246.059006 5.70594566E-03 6.65153051E-03
  i,j,yl(1,i),yu(1,i),yl(2,j),yu(2,j),rho_corr(i,j),rho_single(1,i)*rho_single(2,j)= 15 4 252.636993 252.714005 246.059006 248.947510 9.97111760E-03 1.12386374E-02
  i,j,yl(1,i),yu(1,i),yl(2,j),yu(2,j),rho_corr(i,j),rho_single(1,i)*rho_single(2,j)= 15 5 252.636993 252.714005 248.947510 250.671997 1.84159484E-02 1.88246388E-02
  i,j,yl(1,i),yu(1,i),yl(2,j),yu(2,j),rho_corr(i,j),rho_single(1,i)*rho_single(2,j)= 15 6 252.636993 252.714005 250.671997 251.710999 3.01070027E-02 3.12442780E-02
  i,j,yl(1,i),yu(1,i),yl(2,j),yu(2,j),rho_corr(i,j),rho_single(1,i)*rho_single(2,j)= 15 7 252.636993 252.714005 251.710999 252.212997 6.26932830E-02 6.46671727E-02
  i,j,yl(1,i),yu(1,i),yl(2,j),yu(2,j),rho_corr(i,j),rho_single(1,i)*rho_single(2,j)= 15 8 252.636993 252.714005 252.212997 252.339996 0.209514499 0.255615205
  i,j,yl(1,i),yu(1,i),yl(2,j),yu(2,j),rho_corr(i,j),rho_single(1,i)*rho_single(2,j)= 15 9 252.636993 252.714005 252.339996 252.401001 0.465868384 0.532137394
  i,j,yl(1,i),yu(1,i),yl(2,j),yu(2,j),rho_corr(i,j),rho_single(1,i)*rho_single(2,j)= 15 10 252.636993 252.714005 252.401001 252.449005 0.625808716 0.676250935
  i,j,yl(1,i),yu(1,i),yl(2,j),yu(2,j),rho_corr(i,j),rho_single(1,i)*rho_single(2,j)= 15 11 252.636993 252.714005 252.449005 252.490997 0.688151360 0.773068786
  i,j,yl(1,i),yu(1,i),yl(2,j),yu(2,j),rho_corr(i,j),rho_single(1,i)*rho_single(2,j)= 15 12 252.636993 252.714005 252.490997 252.529007 0.765272141 0.854068816
  i,j,yl(1,i),yu(1,i),yl(2,j),yu(2,j),rho_corr(i,j),rho_single(1,i)*rho_single(2,j)= 15 13 252.636993 252.714005 252.529007 252.565994 0.876669824 0.877675474
  i,j,yl(1,i),yu(1,i),yl(2,j),yu(2,j),rho_corr(i,j),rho_single(1,i)*rho_single(2,j)= 15 14 252.636993 252.714005 252.565994 252.602005 0.937521040 0.901476860
  i,j,yl(1,i),yu(1,i),yl(2,j),yu(2,j),rho_corr(i,j),rho_single(1,i)*rho_single(2,j)= 15 15 252.636993 252.714005 252.602005 252.639999 0.928735673 0.854411840
  i,j,yl(1,i),yu(1,i),yl(2,j),yu(2,j),rho_corr(i,j),rho_single(1,i)*rho_single(2,j)= 15 16 252.636993 252.714005 252.639999 252.679993 1.03970289 0.811707497
  i,j,yl(1,i),yu(1,i),yl(2,j),yu(2,j),rho_corr(i,j),rho_single(1,i)*rho_single(2,j)= 15 17 252.636993 252.714005 252.679993 252.722000 0.869525552 0.772787988
  i,j,yl(1,i),yu(1,i),yl(2,j),yu(2,j),rho_corr(i,j),rho_single(1,i)*rho_single(2,j)= 15 18 252.636993 252.714005 252.722000 252.772995 0.822879076 0.636590421
  i,j,yl(1,i),yu(1,i),yl(2,j),yu(2,j),rho_corr(i,j),rho_single(1,i)*rho_single(2,j)= 15 19 252.636993 252.714005 252.772995 252.840500 0.630100012 0.480896354
  i,j,yl(1,i),yu(1,i),yl(2,j),yu(2,j),rho_corr(i,j),rho_single(1,i)*rho_single(2,j)= 15 20 252.636993 252.714005 252.840500 253.216003 0.110988311 8.64515156E-02
  i,j,yl(1,i),yu(1,i),yl(2,j),yu(2,j),rho_corr(i,j),rho_single(1,i)*rho_single(2,j)= 16 1 252.714005 252.792999 121.769997 231.225006 2.34443622E-04 2.89138639E-04
  i,j,yl(1,i),yu(1,i),yl(2,j),yu(2,j),rho_corr(i,j),rho_single(1,i)*rho_single(2,j)= 16 2 252.714005 252.792999 231.225006 241.178497 2.68084346E-03 3.17955506E-03
  i,j,yl(1,i),yu(1,i),yl(2,j),yu(2,j),rho_corr(i,j),rho_single(1,i)*rho_single(2,j)= 16 3 252.714005 252.792999 241.178497 246.059006 5.48646227E-03 6.48450339E-03
  i,j,yl(1,i),yu(1,i),yl(2,j),yu(2,j),rho_corr(i,j),rho_single(1,i)*rho_single(2,j)= 16 4 252.714005 252.792999 246.059006 248.947510 9.62416735E-03 1.09564224E-02
  i,j,yl(1,i),yu(1,i),yl(2,j),yu(2,j),rho_corr(i,j),rho_single(1,i)*rho_single(2,j)= 16 5 252.714005 252.792999 248.947510 250.671997 1.66056436E-02 1.83519311E-02
  i,j,yl(1,i),yu(1,i),yl(2,j),yu(2,j),rho_corr(i,j),rho_single(1,i)*rho_single(2,j)= 16 6 252.714005 252.792999 250.671997 251.710999 2.93509830E-02 3.04597002E-02
  i,j,yl(1,i),yu(1,i),yl(2,j),yu(2,j),rho_corr(i,j),rho_single(1,i)*rho_single(2,j)= 16 7 252.714005 252.792999 251.710999 252.212997 5.57479262E-02 6.30433112E-02
  i,j,yl(1,i),yu(1,i),yl(2,j),yu(2,j),rho_corr(i,j),rho_single(1,i)*rho_single(2,j)= 16 8 252.714005 252.792999 252.212997 252.339996 0.222555637 0.249196440
  i,j,yl(1,i),yu(1,i),yl(2,j),yu(2,j),rho_corr(i,j),rho_single(1,i)*rho_single(2,j)= 16 9 252.714005 252.792999 252.339996 252.401001 0.425212801 0.518774867
  i,j,yl(1,i),yu(1,i),yl(2,j),yu(2,j),rho_corr(i,j),rho_single(1,i)*rho_single(2,j)= 16 10 252.714005 252.792999 252.401001 252.449005 0.621714830 0.659269512
  i,j,yl(1,i),yu(1,i),yl(2,j),yu(2,j),rho_corr(i,j),rho_single(1,i)*rho_single(2,j)= 16 11 252.714005 252.792999 252.449005 252.490997 0.735079944 0.753656209
  i,j,yl(1,i),yu(1,i),yl(2,j),yu(2,j),rho_corr(i,j),rho_single(1,i)*rho_single(2,j)= 16 12 252.714005 252.792999 252.490997 252.529007 0.863467276 0.832622230
  i,j,yl(1,i),yu(1,i),yl(2,j),yu(2,j),rho_corr(i,j),rho_single(1,i)*rho_single(2,j)= 16 13 252.714005 252.792999 252.529007 252.565994 0.839573562 0.855636120
  i,j,yl(1,i),yu(1,i),yl(2,j),yu(2,j),rho_corr(i,j),rho_single(1,i)*rho_single(2,j)= 16 14 252.714005 252.792999 252.565994 252.602005 0.944961250 0.878839791
  i,j,yl(1,i),yu(1,i),yl(2,j),yu(2,j),rho_corr(i,j),rho_single(1,i)*rho_single(2,j)= 16 15 252.714005 252.792999 252.602005 252.639999 0.819766879 0.832956612
  i,j,yl(1,i),yu(1,i),yl(2,j),yu(2,j),rho_corr(i,j),rho_single(1,i)*rho_single(2,j)= 16 16 252.714005 252.792999 252.639999 252.679993 0.941527307 0.791324615
  i,j,yl(1,i),yu(1,i),yl(2,j),yu(2,j),rho_corr(i,j),rho_single(1,i)*rho_single(2,j)= 16 17 252.714005 252.792999 252.679993 252.722000 1.01368761 0.753382444
  i,j,yl(1,i),yu(1,i),yl(2,j),yu(2,j),rho_corr(i,j),rho_single(1,i)*rho_single(2,j)= 16 18 252.714005 252.792999 252.722000 252.772995 0.762104928 0.620604992
  i,j,yl(1,i),yu(1,i),yl(2,j),yu(2,j),rho_corr(i,j),rho_single(1,i)*rho_single(2,j)= 16 19 252.714005 252.792999 252.772995 252.840500 0.567449212 0.468820512
  i,j,yl(1,i),yu(1,i),yl(2,j),yu(2,j),rho_corr(i,j),rho_single(1,i)*rho_single(2,j)= 16 20 252.714005 252.792999 252.840500 253.216003 0.106963269 8.42806250E-02
  i,j,yl(1,i),yu(1,i),yl(2,j),yu(2,j),rho_corr(i,j),rho_single(1,i)*rho_single(2,j)= 17 1 252.792999 252.880005 121.769997 231.225006 2.02831798E-04 2.62516784E-04
  i,j,yl(1,i),yu(1,i),yl(2,j),yu(2,j),rho_corr(i,j),rho_single(1,i)*rho_single(2,j)= 17 2 252.792999 252.880005 231.225006 241.178497 2.13717972E-03 2.88680405E-03
  i,j,yl(1,i),yu(1,i),yl(2,j),yu(2,j),rho_corr(i,j),rho_single(1,i)*rho_single(2,j)= 17 3 252.792999 252.880005 241.178497 246.059006 5.10238111E-03 5.88745577E-03
  i,j,yl(1,i),yu(1,i),yl(2,j),yu(2,j),rho_corr(i,j),rho_single(1,i)*rho_single(2,j)= 17 4 252.792999 252.880005 246.059006 248.947510 8.53347313E-03 9.94763244E-03
  i,j,yl(1,i),yu(1,i),yl(2,j),yu(2,j),rho_corr(i,j),rho_single(1,i)*rho_single(2,j)= 17 5 252.792999 252.880005 248.947510 250.671997 1.50767127E-02 1.66622140E-02
  i,j,yl(1,i),yu(1,i),yl(2,j),yu(2,j),rho_corr(i,j),rho_single(1,i)*rho_single(2,j)= 17 6 252.792999 252.880005 250.671997 251.710999 2.33987272E-02 2.76551861E-02
  i,j,yl(1,i),yu(1,i),yl(2,j),yu(2,j),rho_corr(i,j),rho_single(1,i)*rho_single(2,j)= 17 7 252.792999 252.880005 251.710999 252.212997 4.84290197E-02 5.72387278E-02
  i,j,yl(1,i),yu(1,i),yl(2,j),yu(2,j),rho_corr(i,j),rho_single(1,i)*rho_single(2,j)= 17 8 252.792999 252.880005 252.212997 252.339996 0.193423375 0.226252183
  i,j,yl(1,i),yu(1,i),yl(2,j),yu(2,j),rho_corr(i,j),rho_single(1,i)*rho_single(2,j)= 17 9 252.792999 252.880005 252.339996 252.401001 0.406818211 0.471009731
  i,j,yl(1,i),yu(1,i),yl(2,j),yu(2,j),rho_corr(i,j),rho_single(1,i)*rho_single(2,j)= 17 10 252.792999 252.880005 252.401001 252.449005 0.583814979 0.598568618
  i,j,yl(1,i),yu(1,i),yl(2,j),yu(2,j),rho_corr(i,j),rho_single(1,i)*rho_single(2,j)= 17 11 252.792999 252.880005 252.449005 252.490997 0.641265869 0.684264839
  i,j,yl(1,i),yu(1,i),yl(2,j),yu(2,j),rho_corr(i,j),rho_single(1,i)*rho_single(2,j)= 17 12 252.792999 252.880005 252.490997 252.529007 0.715118468 0.755960226
  i,j,yl(1,i),yu(1,i),yl(2,j),yu(2,j),rho_corr(i,j),rho_single(1,i)*rho_single(2,j)= 17 13 252.792999 252.880005 252.529007 252.565994 0.846714854 0.776855171
  i,j,yl(1,i),yu(1,i),yl(2,j),yu(2,j),rho_corr(i,j),rho_single(1,i)*rho_single(2,j)= 17 14 252.792999 252.880005 252.565994 252.602005 0.900150418 0.797922432
  i,j,yl(1,i),yu(1,i),yl(2,j),yu(2,j),rho_corr(i,j),rho_single(1,i)*rho_single(2,j)= 17 15 252.792999 252.880005 252.602005 252.639999 0.866485119 0.756263852
  i,j,yl(1,i),yu(1,i),yl(2,j),yu(2,j),rho_corr(i,j),rho_single(1,i)*rho_single(2,j)= 17 16 252.792999 252.880005 252.639999 252.679993 0.863280952 0.718465030
  i,j,yl(1,i),yu(1,i),yl(2,j),yu(2,j),rho_corr(i,j),rho_single(1,i)*rho_single(2,j)= 17 17 252.792999 252.880005 252.679993 252.722000 0.829926670 0.684016287
  i,j,yl(1,i),yu(1,i),yl(2,j),yu(2,j),rho_corr(i,j),rho_single(1,i)*rho_single(2,j)= 17 18 252.792999 252.880005 252.722000 252.772995 0.725042582 0.563464046
  i,j,yl(1,i),yu(1,i),yl(2,j),yu(2,j),rho_corr(i,j),rho_single(1,i)*rho_single(2,j)= 17 19 252.792999 252.880005 252.772995 252.840500 0.532709360 0.425654829
  i,j,yl(1,i),yu(1,i),yl(2,j),yu(2,j),rho_corr(i,j),rho_single(1,i)*rho_single(2,j)= 17 20 252.792999 252.880005 252.840500 253.216003 0.101161309 7.65206590E-02
  i,j,yl(1,i),yu(1,i),yl(2,j),yu(2,j),rho_corr(i,j),rho_single(1,i)*rho_single(2,j)= 18 1 252.880005 252.992996 121.769997 231.225006 1.42525867E-04 2.02143230E-04
  i,j,yl(1,i),yu(1,i),yl(2,j),yu(2,j),rho_corr(i,j),rho_single(1,i)*rho_single(2,j)= 18 2 252.880005 252.992996 231.225006 241.178497 1.71750656E-03 2.22289748E-03
  i,j,yl(1,i),yu(1,i),yl(2,j),yu(2,j),rho_corr(i,j),rho_single(1,i)*rho_single(2,j)= 18 3 252.880005 252.992996 241.178497 246.059006 3.46279168E-03 4.53345990E-03
  i,j,yl(1,i),yu(1,i),yl(2,j),yu(2,j),rho_corr(i,j),rho_single(1,i)*rho_single(2,j)= 18 4 252.880005 252.992996 246.059006 248.947510 6.34591421E-03 7.65987812E-03
  i,j,yl(1,i),yu(1,i),yl(2,j),yu(2,j),rho_corr(i,j),rho_single(1,i)*rho_single(2,j)= 18 5 252.880005 252.992996 248.947510 250.671997 1.20616872E-02 1.28302425E-02
  i,j,yl(1,i),yu(1,i),yl(2,j),yu(2,j),rho_corr(i,j),rho_single(1,i)*rho_single(2,j)= 18 6 252.880005 252.992996 250.671997 251.710999 1.77046899E-02 2.12950520E-02
  i,j,yl(1,i),yu(1,i),yl(2,j),yu(2,j),rho_corr(i,j),rho_single(1,i)*rho_single(2,j)= 18 7 252.880005 252.992996 251.710999 252.212997 3.74208055E-02 4.40749787E-02
  i,j,yl(1,i),yu(1,i),yl(2,j),yu(2,j),rho_corr(i,j),rho_single(1,i)*rho_single(2,j)= 18 8 252.880005 252.992996 252.212997 252.339996 0.151499018 0.174218759
  i,j,yl(1,i),yu(1,i),yl(2,j),yu(2,j),rho_corr(i,j),rho_single(1,i)*rho_single(2,j)= 18 9 252.880005 252.992996 252.339996 252.401001 0.322847813 0.362687021
  i,j,yl(1,i),yu(1,i),yl(2,j),yu(2,j),rho_corr(i,j),rho_single(1,i)*rho_single(2,j)= 18 10 252.880005 252.992996 252.401001 252.449005 0.412989616 0.460909933
  i,j,yl(1,i),yu(1,i),yl(2,j),yu(2,j),rho_corr(i,j),rho_single(1,i)*rho_single(2,j)= 18 11 252.880005 252.992996 252.449005 252.490997 0.503075242 0.526897788
  i,j,yl(1,i),yu(1,i),yl(2,j),yu(2,j),rho_corr(i,j),rho_single(1,i)*rho_single(2,j)= 18 12 252.880005 252.992996 252.490997 252.529007 0.600248933 0.582104683
  i,j,yl(1,i),yu(1,i),yl(2,j),yu(2,j),rho_corr(i,j),rho_single(1,i)*rho_single(2,j)= 18 13 252.880005 252.992996 252.529007 252.565994 0.636171103 0.598194182
  i,j,yl(1,i),yu(1,i),yl(2,j),yu(2,j),rho_corr(i,j),rho_single(1,i)*rho_single(2,j)= 18 14 252.880005 252.992996 252.565994 252.602005 0.714794517 0.614416361
  i,j,yl(1,i),yu(1,i),yl(2,j),yu(2,j),rho_corr(i,j),rho_single(1,i)*rho_single(2,j)= 18 15 252.880005 252.992996 252.602005 252.639999 0.665500283 0.582338452
  i,j,yl(1,i),yu(1,i),yl(2,j),yu(2,j),rho_corr(i,j),rho_single(1,i)*rho_single(2,j)= 18 16 252.880005 252.992996 252.639999 252.679993 0.677746117 0.553232610
  i,j,yl(1,i),yu(1,i),yl(2,j),yu(2,j),rho_corr(i,j),rho_single(1,i)*rho_single(2,j)= 18 17 252.880005 252.992996 252.679993 252.722000 0.634418249 0.526706398
  i,j,yl(1,i),yu(1,i),yl(2,j),yu(2,j),rho_corr(i,j),rho_single(1,i)*rho_single(2,j)= 18 18 252.880005 252.992996 252.722000 252.772995 0.568494737 0.433878690
  i,j,yl(1,i),yu(1,i),yl(2,j),yu(2,j),rho_corr(i,j),rho_single(1,i)*rho_single(2,j)= 18 19 252.880005 252.992996 252.772995 252.840500 0.449676067 0.327762812
  i,j,yl(1,i),yu(1,i),yl(2,j),yu(2,j),rho_corr(i,j),rho_single(1,i)*rho_single(2,j)= 18 20 252.880005 252.992996 252.840500 253.216003 7.92810693E-02 5.89224547E-02
  i,j,yl(1,i),yu(1,i),yl(2,j),yu(2,j),rho_corr(i,j),rho_single(1,i)*rho_single(2,j)= 19 1 252.992996 253.139008 121.769997 231.225006 1.06617612E-04 1.56429160E-04
  i,j,yl(1,i),yu(1,i),yl(2,j),yu(2,j),rho_corr(i,j),rho_single(1,i)*rho_single(2,j)= 19 2 252.992996 253.139008 231.225006 241.178497 1.24318642E-03 1.72019599E-03
  i,j,yl(1,i),yu(1,i),yl(2,j),yu(2,j),rho_corr(i,j),rho_single(1,i)*rho_single(2,j)= 19 3 252.992996 253.139008 241.178497 246.059006 2.72091781E-03 3.50823207E-03
  i,j,yl(1,i),yu(1,i),yl(2,j),yu(2,j),rho_corr(i,j),rho_single(1,i)*rho_single(2,j)= 19 4 252.992996 253.139008 246.059006 248.947510 4.59734956E-03 5.92761999E-03
  i,j,yl(1,i),yu(1,i),yl(2,j),yu(2,j),rho_corr(i,j),rho_single(1,i)*rho_single(2,j)= 19 5 252.992996 253.139008 248.947510 250.671997 8.60475656E-03 9.92872193E-03
  i,j,yl(1,i),yu(1,i),yl(2,j),yu(2,j),rho_corr(i,j),rho_single(1,i)*rho_single(2,j)= 19 6 252.992996 253.139008 250.671997 251.710999 1.34587660E-02 1.64792407E-02
  i,j,yl(1,i),yu(1,i),yl(2,j),yu(2,j),rho_corr(i,j),rho_single(1,i)*rho_single(2,j)= 19 7 252.992996 253.139008 251.710999 252.212997 2.94592138E-02 3.41075584E-02
  i,j,yl(1,i),yu(1,i),yl(2,j),yu(2,j),rho_corr(i,j),rho_single(1,i)*rho_single(2,j)= 19 8 252.992996 253.139008 252.212997 252.339996 0.109316498 0.134819716
  i,j,yl(1,i),yu(1,i),yl(2,j),yu(2,j),rho_corr(i,j),rho_single(1,i)*rho_single(2,j)= 19 9 252.992996 253.139008 252.339996 252.401001 0.249836788 0.280666471
  i,j,yl(1,i),yu(1,i),yl(2,j),yu(2,j),rho_corr(i,j),rho_single(1,i)*rho_single(2,j)= 19 10 252.992996 253.139008 252.401001 252.449005 0.361507148 0.356676579
  i,j,yl(1,i),yu(1,i),yl(2,j),yu(2,j),rho_corr(i,j),rho_single(1,i)*rho_single(2,j)= 19 11 252.992996 253.139008 252.449005 252.490997 0.404878587 0.407741457
  i,j,yl(1,i),yu(1,i),yl(2,j),yu(2,j),rho_corr(i,j),rho_single(1,i)*rho_single(2,j)= 19 12 252.992996 253.139008 252.490997 252.529007 0.447300613 0.450463474
  i,j,yl(1,i),yu(1,i),yl(2,j),yu(2,j),rho_corr(i,j),rho_single(1,i)*rho_single(2,j)= 19 13 252.992996 253.139008 252.529007 252.565994 0.451504409 0.462914407
  i,j,yl(1,i),yu(1,i),yl(2,j),yu(2,j),rho_corr(i,j),rho_single(1,i)*rho_single(2,j)= 19 14 252.992996 253.139008 252.565994 252.602005 0.515431404 0.475468010
  i,j,yl(1,i),yu(1,i),yl(2,j),yu(2,j),rho_corr(i,j),rho_single(1,i)*rho_single(2,j)= 19 15 252.992996 253.139008 252.602005 252.639999 0.545449317 0.450644404
  i,j,yl(1,i),yu(1,i),yl(2,j),yu(2,j),rho_corr(i,j),rho_single(1,i)*rho_single(2,j)= 19 16 252.992996 253.139008 252.639999 252.679993 0.475424200 0.428120732
  i,j,yl(1,i),yu(1,i),yl(2,j),yu(2,j),rho_corr(i,j),rho_single(1,i)*rho_single(2,j)= 19 17 252.992996 253.139008 252.679993 252.722000 0.502920806 0.407593340
  i,j,yl(1,i),yu(1,i),yl(2,j),yu(2,j),rho_corr(i,j),rho_single(1,i)*rho_single(2,j)= 19 18 252.992996 253.139008 252.722000 252.772995 0.459659249 0.335758358
  i,j,yl(1,i),yu(1,i),yl(2,j),yu(2,j),rho_corr(i,j),rho_single(1,i)*rho_single(2,j)= 19 19 252.992996 253.139008 252.772995 252.840500 0.342767179 0.253640264
  i,j,yl(1,i),yu(1,i),yl(2,j),yu(2,j),rho_corr(i,j),rho_single(1,i)*rho_single(2,j)= 19 20 252.992996 253.139008 252.840500 253.216003 6.68441057E-02 4.55973223E-02
  i,j,yl(1,i),yu(1,i),yl(2,j),yu(2,j),rho_corr(i,j),rho_single(1,i)*rho_single(2,j)= 20 1 253.139008 253.988007 121.769997 231.225006 1.54118570E-05 2.69027805E-05
  i,j,yl(1,i),yu(1,i),yl(2,j),yu(2,j),rho_corr(i,j),rho_single(1,i)*rho_single(2,j)= 20 2 253.139008 253.988007 231.225006 241.178497 1.96421490E-04 2.95840320E-04
  i,j,yl(1,i),yu(1,i),yl(2,j),yu(2,j),rho_corr(i,j),rho_single(1,i)*rho_single(2,j)= 20 3 253.139008 253.988007 241.178497 246.059006 4.67945094E-04 6.03347842E-04
  i,j,yl(1,i),yu(1,i),yl(2,j),yu(2,j),rho_corr(i,j),rho_single(1,i)*rho_single(2,j)= 20 4 253.139008 253.988007 246.059006 248.947510 7.54716049E-04 1.01943570E-03
  i,j,yl(1,i),yu(1,i),yl(2,j),yu(2,j),rho_corr(i,j),rho_single(1,i)*rho_single(2,j)= 20 5 253.139008 253.988007 248.947510 250.671997 1.26414408E-03 1.70754758E-03
  i,j,yl(1,i),yu(1,i),yl(2,j),yu(2,j),rho_corr(i,j),rho_single(1,i)*rho_single(2,j)= 20 6 253.139008 253.988007 250.671997 251.710999 1.89834309E-03 2.83410982E-03
  i,j,yl(1,i),yu(1,i),yl(2,j),yu(2,j),rho_corr(i,j),rho_single(1,i)*rho_single(2,j)= 20 7 253.139008 253.988007 251.710999 252.212997 4.77345707E-03 5.86583791E-03
  i,j,yl(1,i),yu(1,i),yl(2,j),yu(2,j),rho_corr(i,j),rho_single(1,i)*rho_single(2,j)= 20 8 253.139008 253.988007 252.212997 252.339996 2.12525316E-02 2.31863763E-02
  i,j,yl(1,i),yu(1,i),yl(2,j),yu(2,j),rho_corr(i,j),rho_single(1,i)*rho_single(2,j)= 20 9 253.139008 253.988007 252.339996 252.401001 4.49523553E-02 4.82691862E-02
  i,j,yl(1,i),yu(1,i),yl(2,j),yu(2,j),rho_corr(i,j),rho_single(1,i)*rho_single(2,j)= 20 10 253.139008 253.988007 252.401001 252.449005 5.60451001E-02 6.13414496E-02
  i,j,yl(1,i),yu(1,i),yl(2,j),yu(2,j),rho_corr(i,j),rho_single(1,i)*rho_single(2,j)= 20 11 253.139008 253.988007 252.449005 252.490997 7.49875084E-02 7.01236203E-02
  i,j,yl(1,i),yu(1,i),yl(2,j),yu(2,j),rho_corr(i,j),rho_single(1,i)*rho_single(2,j)= 20 12 253.139008 253.988007 252.490997 252.529007 7.66994357E-02 7.74709806E-02
  i,j,yl(1,i),yu(1,i),yl(2,j),yu(2,j),rho_corr(i,j),rho_single(1,i)*rho_single(2,j)= 20 13 253.139008 253.988007 252.529007 252.565994 8.49004462E-02 7.96122998E-02
  i,j,yl(1,i),yu(1,i),yl(2,j),yu(2,j),rho_corr(i,j),rho_single(1,i)*rho_single(2,j)= 20 14 253.139008 253.988007 252.565994 252.602005 9.08062533E-02 8.17712694E-02
  i,j,yl(1,i),yu(1,i),yl(2,j),yu(2,j),rho_corr(i,j),rho_single(1,i)*rho_single(2,j)= 20 15 253.139008 253.988007 252.602005 252.639999 0.100409590 7.75020942E-02
  i,j,yl(1,i),yu(1,i),yl(2,j),yu(2,j),rho_corr(i,j),rho_single(1,i)*rho_single(2,j)= 20 16 253.139008 253.988007 252.639999 252.679993 9.49584171E-02 7.36284629E-02
  i,j,yl(1,i),yu(1,i),yl(2,j),yu(2,j),rho_corr(i,j),rho_single(1,i)*rho_single(2,j)= 20 17 253.139008 253.988007 252.679993 252.722000 8.79341587E-02 7.00981468E-02
  i,j,yl(1,i),yu(1,i),yl(2,j),yu(2,j),rho_corr(i,j),rho_single(1,i)*rho_single(2,j)= 20 18 253.139008 253.988007 252.722000 252.772995 7.56596625E-02 5.77439219E-02
  i,j,yl(1,i),yu(1,i),yl(2,j),yu(2,j),rho_corr(i,j),rho_single(1,i)*rho_single(2,j)= 20 19 253.139008 253.988007 252.772995 252.840500 5.51047809E-02 4.36212048E-02
  i,j,yl(1,i),yu(1,i),yl(2,j),yu(2,j),rho_corr(i,j),rho_single(1,i)*rho_single(2,j)= 20 20 253.139008 253.988007 252.840500 253.216003 1.18414564E-02 7.84185529E-03
