  just opened iu,energy_spread_in_name= 11 energy_spread.in
  about to do namelist read  u= 11
 n_single_file=           1
 single_file_name=
 ../ilc_0500_may05_run05_seed06_lumi/lumi_b590.dat                                                   
  ifile,grid_file= 1 ../ilc_0500_may05_run05_seed06_lumi/lumi_b590.grd                                                   
  ifile= 1  about to open ../ilc_0500_may05_run05_seed06_lumi/lumi_b590.dat                                                   
 ifile,nrec,ndiv= 1 133180 20
  ifile= 1  about to again open ../ilc_0500_may05_run05_seed06_lumi/lumi_b590.dat                                                   
  i,j,rcount,rcount_sum= 1 1 6659.00000 6659.00000
  i,j,rcount,rcount_sum= 1 2 6659.00000 13318.0000
  i,j,rcount,rcount_sum= 1 3 6659.00000 19977.0000
  i,j,rcount,rcount_sum= 1 4 6659.00000 26636.0000
  i,j,rcount,rcount_sum= 1 5 6659.00000 33295.0000
  i,j,rcount,rcount_sum= 1 6 6659.00000 39954.0000
  i,j,rcount,rcount_sum= 1 7 6659.00000 46613.0000
  i,j,rcount,rcount_sum= 1 8 6659.00000 53272.0000
  i,j,rcount,rcount_sum= 1 9 6659.00000 59931.0000
  i,j,rcount,rcount_sum= 1 10 6659.00000 66590.0000
  i,j,rcount,rcount_sum= 1 11 6659.00000 73249.0000
  i,j,rcount,rcount_sum= 1 12 6659.00000 79908.0000
  i,j,rcount,rcount_sum= 1 13 6659.00000 86567.0000
  i,j,rcount,rcount_sum= 1 14 6659.00000 93226.0000
  i,j,rcount,rcount_sum= 1 15 6659.00000 99885.0000
  i,j,rcount,rcount_sum= 1 16 6659.00000 106544.000
  i,j,rcount,rcount_sum= 1 17 6659.00000 113203.000
  i,j,rcount,rcount_sum= 1 18 6659.00000 119862.000
  i,j,rcount,rcount_sum= 1 19 6659.00000 126521.000
  i,j,rcount,rcount_sum= 1 20 6659.00000 133180.000
  i,j,rcount,rcount_sum= 2 1 6659.00000 139839.000
  i,j,rcount,rcount_sum= 2 2 6659.00000 146498.000
  i,j,rcount,rcount_sum= 2 3 6659.00000 153157.000
  i,j,rcount,rcount_sum= 2 4 6659.00000 159816.000
  i,j,rcount,rcount_sum= 2 5 6659.00000 166475.000
  i,j,rcount,rcount_sum= 2 6 6659.00000 173134.000
  i,j,rcount,rcount_sum= 2 7 6659.00000 179793.000
  i,j,rcount,rcount_sum= 2 8 6659.00000 186452.000
  i,j,rcount,rcount_sum= 2 9 6659.00000 193111.000
  i,j,rcount,rcount_sum= 2 10 6659.00000 199770.000
  i,j,rcount,rcount_sum= 2 11 6659.00000 206429.000
  i,j,rcount,rcount_sum= 2 12 6659.00000 213088.000
  i,j,rcount,rcount_sum= 2 13 6659.00000 219747.000
  i,j,rcount,rcount_sum= 2 14 6659.00000 226406.000
  i,j,rcount,rcount_sum= 2 15 6659.00000 233065.000
  i,j,rcount,rcount_sum= 2 16 6659.00000 239724.000
  i,j,rcount,rcount_sum= 2 17 6659.00000 246383.000
  i,j,rcount,rcount_sum= 2 18 6659.00000 253042.000
  i,j,rcount,rcount_sum= 2 19 6659.00000 259701.000
  i,j,rcount,rcount_sum= 2 20 6659.00000 266360.000
  i,j,rcount,rcount_sum= 3 1 6659.00000 273019.000
  i,j,rcount,rcount_sum= 3 2 6659.00000 279678.000
  i,j,rcount,rcount_sum= 3 3 6659.00000 286337.000
  i,j,rcount,rcount_sum= 3 4 6659.00000 292996.000
  i,j,rcount,rcount_sum= 3 5 6659.00000 299655.000
  i,j,rcount,rcount_sum= 3 6 6659.00000 306314.000
  i,j,rcount,rcount_sum= 3 7 6659.00000 312973.000
  i,j,rcount,rcount_sum= 3 8 6659.00000 319632.000
  i,j,rcount,rcount_sum= 3 9 6659.00000 326291.000
  i,j,rcount,rcount_sum= 3 10 6659.00000 332950.000
  i,j,rcount,rcount_sum= 3 11 6659.00000 339609.000
  i,j,rcount,rcount_sum= 3 12 6659.00000 346268.000
  i,j,rcount,rcount_sum= 3 13 6659.00000 352927.000
  i,j,rcount,rcount_sum= 3 14 6659.00000 359586.000
  i,j,rcount,rcount_sum= 3 15 6659.00000 366245.000
  i,j,rcount,rcount_sum= 3 16 6659.00000 372904.000
  i,j,rcount,rcount_sum= 3 17 6659.00000 379563.000
  i,j,rcount,rcount_sum= 3 18 6659.00000 386222.000
  i,j,rcount,rcount_sum= 3 19 6659.00000 392881.000
  i,j,rcount,rcount_sum= 3 20 6659.00000 399540.000
  i,j,rcount,rcount_sum= 4 1 6659.00000 406199.000
  i,j,rcount,rcount_sum= 4 2 6659.00000 412858.000
  i,j,rcount,rcount_sum= 4 3 6659.00000 419517.000
  i,j,rcount,rcount_sum= 4 4 6659.00000 426176.000
  i,j,rcount,rcount_sum= 4 5 6659.00000 432835.000
  i,j,rcount,rcount_sum= 4 6 6659.00000 439494.000
  i,j,rcount,rcount_sum= 4 7 6659.00000 446153.000
  i,j,rcount,rcount_sum= 4 8 6659.00000 452812.000
  i,j,rcount,rcount_sum= 4 9 6659.00000 459471.000
  i,j,rcount,rcount_sum= 4 10 6659.00000 466130.000
  i,j,rcount,rcount_sum= 4 11 6659.00000 472789.000
  i,j,rcount,rcount_sum= 4 12 6659.00000 479448.000
  i,j,rcount,rcount_sum= 4 13 6659.00000 486107.000
  i,j,rcount,rcount_sum= 4 14 6659.00000 492766.000
  i,j,rcount,rcount_sum= 4 15 6659.00000 499425.000
  i,j,rcount,rcount_sum= 4 16 6659.00000 506084.000
  i,j,rcount,rcount_sum= 4 17 6659.00000 512743.000
  i,j,rcount,rcount_sum= 4 18 6659.00000 519402.000
  i,j,rcount,rcount_sum= 4 19 6659.00000 526061.000
  i,j,rcount,rcount_sum= 4 20 6659.00000 532720.000
  i,j,rcount,rcount_sum= 5 1 6659.00000 539379.000
  i,j,rcount,rcount_sum= 5 2 6659.00000 546038.000
  i,j,rcount,rcount_sum= 5 3 6659.00000 552697.000
  i,j,rcount,rcount_sum= 5 4 6659.00000 559356.000
  i,j,rcount,rcount_sum= 5 5 6659.00000 566015.000
  i,j,rcount,rcount_sum= 5 6 6659.00000 572674.000
  i,j,rcount,rcount_sum= 5 7 6659.00000 579333.000
  i,j,rcount,rcount_sum= 5 8 6659.00000 585992.000
  i,j,rcount,rcount_sum= 5 9 6659.00000 592651.000
  i,j,rcount,rcount_sum= 5 10 6659.00000 599310.000
  i,j,rcount,rcount_sum= 5 11 6659.00000 605969.000
  i,j,rcount,rcount_sum= 5 12 6659.00000 612628.000
  i,j,rcount,rcount_sum= 5 13 6659.00000 619287.000
  i,j,rcount,rcount_sum= 5 14 6659.00000 625946.000
  i,j,rcount,rcount_sum= 5 15 6659.00000 632605.000
  i,j,rcount,rcount_sum= 5 16 6659.00000 639264.000
  i,j,rcount,rcount_sum= 5 17 6659.00000 645923.000
  i,j,rcount,rcount_sum= 5 18 6659.00000 652582.000
  i,j,rcount,rcount_sum= 5 19 6659.00000 659241.000
  i,j,rcount,rcount_sum= 5 20 6659.00000 665900.000
  i,j,rcount,rcount_sum= 6 1 6659.00000 672559.000
  i,j,rcount,rcount_sum= 6 2 6659.00000 679218.000
  i,j,rcount,rcount_sum= 6 3 6659.00000 685877.000
  i,j,rcount,rcount_sum= 6 4 6659.00000 692536.000
  i,j,rcount,rcount_sum= 6 5 6659.00000 699195.000
  i,j,rcount,rcount_sum= 6 6 6659.00000 705854.000
  i,j,rcount,rcount_sum= 6 7 6659.00000 712513.000
  i,j,rcount,rcount_sum= 6 8 6659.00000 719172.000
  i,j,rcount,rcount_sum= 6 9 6659.00000 725831.000
  i,j,rcount,rcount_sum= 6 10 6659.00000 732490.000
  i,j,rcount,rcount_sum= 6 11 6659.00000 739149.000
  i,j,rcount,rcount_sum= 6 12 6659.00000 745808.000
  i,j,rcount,rcount_sum= 6 13 6659.00000 752467.000
  i,j,rcount,rcount_sum= 6 14 6659.00000 759126.000
  i,j,rcount,rcount_sum= 6 15 6659.00000 765785.000
  i,j,rcount,rcount_sum= 6 16 6659.00000 772444.000
  i,j,rcount,rcount_sum= 6 17 6659.00000 779103.000
  i,j,rcount,rcount_sum= 6 18 6659.00000 785762.000
  i,j,rcount,rcount_sum= 6 19 6659.00000 792421.000
  i,j,rcount,rcount_sum= 6 20 6659.00000 799080.000
  i,j,rcount,rcount_sum= 7 1 6659.00000 805739.000
  i,j,rcount,rcount_sum= 7 2 6659.00000 812398.000
  i,j,rcount,rcount_sum= 7 3 6659.00000 819057.000
  i,j,rcount,rcount_sum= 7 4 6659.00000 825716.000
  i,j,rcount,rcount_sum= 7 5 6659.00000 832375.000
  i,j,rcount,rcount_sum= 7 6 6659.00000 839034.000
  i,j,rcount,rcount_sum= 7 7 6659.00000 845693.000
  i,j,rcount,rcount_sum= 7 8 6659.00000 852352.000
  i,j,rcount,rcount_sum= 7 9 6659.00000 859011.000
  i,j,rcount,rcount_sum= 7 10 6659.00000 865670.000
  i,j,rcount,rcount_sum= 7 11 6659.00000 872329.000
  i,j,rcount,rcount_sum= 7 12 6659.00000 878988.000
  i,j,rcount,rcount_sum= 7 13 6659.00000 885647.000
  i,j,rcount,rcount_sum= 7 14 6659.00000 892306.000
  i,j,rcount,rcount_sum= 7 15 6659.00000 898965.000
  i,j,rcount,rcount_sum= 7 16 6659.00000 905624.000
  i,j,rcount,rcount_sum= 7 17 6659.00000 912283.000
  i,j,rcount,rcount_sum= 7 18 6659.00000 918942.000
  i,j,rcount,rcount_sum= 7 19 6659.00000 925601.000
  i,j,rcount,rcount_sum= 7 20 6659.00000 932260.000
  i,j,rcount,rcount_sum= 8 1 6659.00000 938919.000
  i,j,rcount,rcount_sum= 8 2 6659.00000 945578.000
  i,j,rcount,rcount_sum= 8 3 6659.00000 952237.000
  i,j,rcount,rcount_sum= 8 4 6659.00000 958896.000
  i,j,rcount,rcount_sum= 8 5 6659.00000 965555.000
  i,j,rcount,rcount_sum= 8 6 6659.00000 972214.000
  i,j,rcount,rcount_sum= 8 7 6659.00000 978873.000
  i,j,rcount,rcount_sum= 8 8 6659.00000 985532.000
  i,j,rcount,rcount_sum= 8 9 6659.00000 992191.000
  i,j,rcount,rcount_sum= 8 10 6659.00000 998850.000
  i,j,rcount,rcount_sum= 8 11 6659.00000 1005509.00
  i,j,rcount,rcount_sum= 8 12 6659.00000 1012168.00
  i,j,rcount,rcount_sum= 8 13 6659.00000 1018827.00
  i,j,rcount,rcount_sum= 8 14 6659.00000 1025486.00
  i,j,rcount,rcount_sum= 8 15 6659.00000 1032145.00
  i,j,rcount,rcount_sum= 8 16 6659.00000 1038804.00
  i,j,rcount,rcount_sum= 8 17 6659.00000 1045463.00
  i,j,rcount,rcount_sum= 8 18 6659.00000 1052122.00
  i,j,rcount,rcount_sum= 8 19 6659.00000 1058781.00
  i,j,rcount,rcount_sum= 8 20 6659.00000 1065440.00
  i,j,rcount,rcount_sum= 9 1 6659.00000 1072099.00
  i,j,rcount,rcount_sum= 9 2 6659.00000 1078758.00
  i,j,rcount,rcount_sum= 9 3 6659.00000 1085417.00
  i,j,rcount,rcount_sum= 9 4 6659.00000 1092076.00
  i,j,rcount,rcount_sum= 9 5 6659.00000 1098735.00
  i,j,rcount,rcount_sum= 9 6 6659.00000 1105394.00
  i,j,rcount,rcount_sum= 9 7 6659.00000 1112053.00
  i,j,rcount,rcount_sum= 9 8 6659.00000 1118712.00
  i,j,rcount,rcount_sum= 9 9 6659.00000 1125371.00
  i,j,rcount,rcount_sum= 9 10 6659.00000 1132030.00
  i,j,rcount,rcount_sum= 9 11 6659.00000 1138689.00
  i,j,rcount,rcount_sum= 9 12 6659.00000 1145348.00
  i,j,rcount,rcount_sum= 9 13 6659.00000 1152007.00
  i,j,rcount,rcount_sum= 9 14 6659.00000 1158666.00
  i,j,rcount,rcount_sum= 9 15 6659.00000 1165325.00
  i,j,rcount,rcount_sum= 9 16 6659.00000 1171984.00
  i,j,rcount,rcount_sum= 9 17 6659.00000 1178643.00
  i,j,rcount,rcount_sum= 9 18 6659.00000 1185302.00
  i,j,rcount,rcount_sum= 9 19 6659.00000 1191961.00
  i,j,rcount,rcount_sum= 9 20 6659.00000 1198620.00
  i,j,rcount,rcount_sum= 10 1 6659.00000 1205279.00
  i,j,rcount,rcount_sum= 10 2 6659.00000 1211938.00
  i,j,rcount,rcount_sum= 10 3 6659.00000 1218597.00
  i,j,rcount,rcount_sum= 10 4 6659.00000 1225256.00
  i,j,rcount,rcount_sum= 10 5 6659.00000 1231915.00
  i,j,rcount,rcount_sum= 10 6 6659.00000 1238574.00
  i,j,rcount,rcount_sum= 10 7 6659.00000 1245233.00
  i,j,rcount,rcount_sum= 10 8 6659.00000 1251892.00
  i,j,rcount,rcount_sum= 10 9 6659.00000 1258551.00
  i,j,rcount,rcount_sum= 10 10 6659.00000 1265210.00
  i,j,rcount,rcount_sum= 10 11 6659.00000 1271869.00
  i,j,rcount,rcount_sum= 10 12 6659.00000 1278528.00
  i,j,rcount,rcount_sum= 10 13 6659.00000 1285187.00
  i,j,rcount,rcount_sum= 10 14 6659.00000 1291846.00
  i,j,rcount,rcount_sum= 10 15 6659.00000 1298505.00
  i,j,rcount,rcount_sum= 10 16 6659.00000 1305164.00
  i,j,rcount,rcount_sum= 10 17 6659.00000 1311823.00
  i,j,rcount,rcount_sum= 10 18 6659.00000 1318482.00
  i,j,rcount,rcount_sum= 10 19 6659.00000 1325141.00
  i,j,rcount,rcount_sum= 10 20 6659.00000 1331800.00
  i,j,rcount,rcount_sum= 11 1 6659.00000 1338459.00
  i,j,rcount,rcount_sum= 11 2 6659.00000 1345118.00
  i,j,rcount,rcount_sum= 11 3 6659.00000 1351777.00
  i,j,rcount,rcount_sum= 11 4 6659.00000 1358436.00
  i,j,rcount,rcount_sum= 11 5 6659.00000 1365095.00
  i,j,rcount,rcount_sum= 11 6 6659.00000 1371754.00
  i,j,rcount,rcount_sum= 11 7 6659.00000 1378413.00
  i,j,rcount,rcount_sum= 11 8 6659.00000 1385072.00
  i,j,rcount,rcount_sum= 11 9 6659.00000 1391731.00
  i,j,rcount,rcount_sum= 11 10 6659.00000 1398390.00
  i,j,rcount,rcount_sum= 11 11 6659.00000 1405049.00
  i,j,rcount,rcount_sum= 11 12 6659.00000 1411708.00
  i,j,rcount,rcount_sum= 11 13 6659.00000 1418367.00
  i,j,rcount,rcount_sum= 11 14 6659.00000 1425026.00
  i,j,rcount,rcount_sum= 11 15 6659.00000 1431685.00
  i,j,rcount,rcount_sum= 11 16 6659.00000 1438344.00
  i,j,rcount,rcount_sum= 11 17 6659.00000 1445003.00
  i,j,rcount,rcount_sum= 11 18 6659.00000 1451662.00
  i,j,rcount,rcount_sum= 11 19 6659.00000 1458321.00
  i,j,rcount,rcount_sum= 11 20 6659.00000 1464980.00
  i,j,rcount,rcount_sum= 12 1 6659.00000 1471639.00
  i,j,rcount,rcount_sum= 12 2 6659.00000 1478298.00
  i,j,rcount,rcount_sum= 12 3 6659.00000 1484957.00
  i,j,rcount,rcount_sum= 12 4 6659.00000 1491616.00
  i,j,rcount,rcount_sum= 12 5 6659.00000 1498275.00
  i,j,rcount,rcount_sum= 12 6 6659.00000 1504934.00
  i,j,rcount,rcount_sum= 12 7 6659.00000 1511593.00
  i,j,rcount,rcount_sum= 12 8 6659.00000 1518252.00
  i,j,rcount,rcount_sum= 12 9 6659.00000 1524911.00
  i,j,rcount,rcount_sum= 12 10 6659.00000 1531570.00
  i,j,rcount,rcount_sum= 12 11 6659.00000 1538229.00
  i,j,rcount,rcount_sum= 12 12 6659.00000 1544888.00
  i,j,rcount,rcount_sum= 12 13 6659.00000 1551547.00
  i,j,rcount,rcount_sum= 12 14 6659.00000 1558206.00
  i,j,rcount,rcount_sum= 12 15 6659.00000 1564865.00
  i,j,rcount,rcount_sum= 12 16 6659.00000 1571524.00
  i,j,rcount,rcount_sum= 12 17 6659.00000 1578183.00
  i,j,rcount,rcount_sum= 12 18 6659.00000 1584842.00
  i,j,rcount,rcount_sum= 12 19 6659.00000 1591501.00
  i,j,rcount,rcount_sum= 12 20 6659.00000 1598160.00
  i,j,rcount,rcount_sum= 13 1 6659.00000 1604819.00
  i,j,rcount,rcount_sum= 13 2 6659.00000 1611478.00
  i,j,rcount,rcount_sum= 13 3 6659.00000 1618137.00
  i,j,rcount,rcount_sum= 13 4 6659.00000 1624796.00
  i,j,rcount,rcount_sum= 13 5 6659.00000 1631455.00
  i,j,rcount,rcount_sum= 13 6 6659.00000 1638114.00
  i,j,rcount,rcount_sum= 13 7 6659.00000 1644773.00
  i,j,rcount,rcount_sum= 13 8 6659.00000 1651432.00
  i,j,rcount,rcount_sum= 13 9 6659.00000 1658091.00
  i,j,rcount,rcount_sum= 13 10 6659.00000 1664750.00
  i,j,rcount,rcount_sum= 13 11 6659.00000 1671409.00
  i,j,rcount,rcount_sum= 13 12 6659.00000 1678068.00
  i,j,rcount,rcount_sum= 13 13 6659.00000 1684727.00
  i,j,rcount,rcount_sum= 13 14 6659.00000 1691386.00
  i,j,rcount,rcount_sum= 13 15 6659.00000 1698045.00
  i,j,rcount,rcount_sum= 13 16 6659.00000 1704704.00
  i,j,rcount,rcount_sum= 13 17 6659.00000 1711363.00
  i,j,rcount,rcount_sum= 13 18 6659.00000 1718022.00
  i,j,rcount,rcount_sum= 13 19 6659.00000 1724681.00
  i,j,rcount,rcount_sum= 13 20 6659.00000 1731340.00
  i,j,rcount,rcount_sum= 14 1 6659.00000 1737999.00
  i,j,rcount,rcount_sum= 14 2 6659.00000 1744658.00
  i,j,rcount,rcount_sum= 14 3 6659.00000 1751317.00
  i,j,rcount,rcount_sum= 14 4 6659.00000 1757976.00
  i,j,rcount,rcount_sum= 14 5 6659.00000 1764635.00
  i,j,rcount,rcount_sum= 14 6 6659.00000 1771294.00
  i,j,rcount,rcount_sum= 14 7 6659.00000 1777953.00
  i,j,rcount,rcount_sum= 14 8 6659.00000 1784612.00
  i,j,rcount,rcount_sum= 14 9 6659.00000 1791271.00
  i,j,rcount,rcount_sum= 14 10 6659.00000 1797930.00
  i,j,rcount,rcount_sum= 14 11 6659.00000 1804589.00
  i,j,rcount,rcount_sum= 14 12 6659.00000 1811248.00
  i,j,rcount,rcount_sum= 14 13 6659.00000 1817907.00
  i,j,rcount,rcount_sum= 14 14 6659.00000 1824566.00
  i,j,rcount,rcount_sum= 14 15 6659.00000 1831225.00
  i,j,rcount,rcount_sum= 14 16 6659.00000 1837884.00
  i,j,rcount,rcount_sum= 14 17 6659.00000 1844543.00
  i,j,rcount,rcount_sum= 14 18 6659.00000 1851202.00
  i,j,rcount,rcount_sum= 14 19 6659.00000 1857861.00
  i,j,rcount,rcount_sum= 14 20 6659.00000 1864520.00
  i,j,rcount,rcount_sum= 15 1 6659.00000 1871179.00
  i,j,rcount,rcount_sum= 15 2 6659.00000 1877838.00
  i,j,rcount,rcount_sum= 15 3 6659.00000 1884497.00
  i,j,rcount,rcount_sum= 15 4 6659.00000 1891156.00
  i,j,rcount,rcount_sum= 15 5 6659.00000 1897815.00
  i,j,rcount,rcount_sum= 15 6 6659.00000 1904474.00
  i,j,rcount,rcount_sum= 15 7 6659.00000 1911133.00
  i,j,rcount,rcount_sum= 15 8 6659.00000 1917792.00
  i,j,rcount,rcount_sum= 15 9 6659.00000 1924451.00
  i,j,rcount,rcount_sum= 15 10 6659.00000 1931110.00
  i,j,rcount,rcount_sum= 15 11 6659.00000 1937769.00
  i,j,rcount,rcount_sum= 15 12 6659.00000 1944428.00
  i,j,rcount,rcount_sum= 15 13 6659.00000 1951087.00
  i,j,rcount,rcount_sum= 15 14 6659.00000 1957746.00
  i,j,rcount,rcount_sum= 15 15 6659.00000 1964405.00
  i,j,rcount,rcount_sum= 15 16 6659.00000 1971064.00
  i,j,rcount,rcount_sum= 15 17 6659.00000 1977723.00
  i,j,rcount,rcount_sum= 15 18 6659.00000 1984382.00
  i,j,rcount,rcount_sum= 15 19 6659.00000 1991041.00
  i,j,rcount,rcount_sum= 15 20 6659.00000 1997700.00
  i,j,rcount,rcount_sum= 16 1 6659.00000 2004359.00
  i,j,rcount,rcount_sum= 16 2 6659.00000 2011018.00
  i,j,rcount,rcount_sum= 16 3 6659.00000 2017677.00
  i,j,rcount,rcount_sum= 16 4 6659.00000 2024336.00
  i,j,rcount,rcount_sum= 16 5 6659.00000 2030995.00
  i,j,rcount,rcount_sum= 16 6 6659.00000 2037654.00
  i,j,rcount,rcount_sum= 16 7 6659.00000 2044313.00
  i,j,rcount,rcount_sum= 16 8 6659.00000 2050972.00
  i,j,rcount,rcount_sum= 16 9 6659.00000 2057631.00
  i,j,rcount,rcount_sum= 16 10 6659.00000 2064290.00
  i,j,rcount,rcount_sum= 16 11 6659.00000 2070949.00
  i,j,rcount,rcount_sum= 16 12 6659.00000 2077608.00
  i,j,rcount,rcount_sum= 16 13 6659.00000 2084267.00
  i,j,rcount,rcount_sum= 16 14 6659.00000 2090926.00
  i,j,rcount,rcount_sum= 16 15 6659.00000 2097585.00
  i,j,rcount,rcount_sum= 16 16 6659.00000 2104244.00
  i,j,rcount,rcount_sum= 16 17 6659.00000 2110903.00
  i,j,rcount,rcount_sum= 16 18 6659.00000 2117562.00
  i,j,rcount,rcount_sum= 16 19 6659.00000 2124221.00
  i,j,rcount,rcount_sum= 16 20 6659.00000 2130880.00
  i,j,rcount,rcount_sum= 17 1 6659.00000 2137539.00
  i,j,rcount,rcount_sum= 17 2 6659.00000 2144198.00
  i,j,rcount,rcount_sum= 17 3 6659.00000 2150857.00
  i,j,rcount,rcount_sum= 17 4 6659.00000 2157516.00
  i,j,rcount,rcount_sum= 17 5 6659.00000 2164175.00
  i,j,rcount,rcount_sum= 17 6 6659.00000 2170834.00
  i,j,rcount,rcount_sum= 17 7 6659.00000 2177493.00
  i,j,rcount,rcount_sum= 17 8 6659.00000 2184152.00
  i,j,rcount,rcount_sum= 17 9 6659.00000 2190811.00
  i,j,rcount,rcount_sum= 17 10 6659.00000 2197470.00
  i,j,rcount,rcount_sum= 17 11 6659.00000 2204129.00
  i,j,rcount,rcount_sum= 17 12 6659.00000 2210788.00
  i,j,rcount,rcount_sum= 17 13 6659.00000 2217447.00
  i,j,rcount,rcount_sum= 17 14 6659.00000 2224106.00
  i,j,rcount,rcount_sum= 17 15 6659.00000 2230765.00
  i,j,rcount,rcount_sum= 17 16 6659.00000 2237424.00
  i,j,rcount,rcount_sum= 17 17 6659.00000 2244083.00
  i,j,rcount,rcount_sum= 17 18 6659.00000 2250742.00
  i,j,rcount,rcount_sum= 17 19 6659.00000 2257401.00
  i,j,rcount,rcount_sum= 17 20 6659.00000 2264060.00
  i,j,rcount,rcount_sum= 18 1 6659.00000 2270719.00
  i,j,rcount,rcount_sum= 18 2 6659.00000 2277378.00
  i,j,rcount,rcount_sum= 18 3 6659.00000 2284037.00
  i,j,rcount,rcount_sum= 18 4 6659.00000 2290696.00
  i,j,rcount,rcount_sum= 18 5 6659.00000 2297355.00
  i,j,rcount,rcount_sum= 18 6 6659.00000 2304014.00
  i,j,rcount,rcount_sum= 18 7 6659.00000 2310673.00
  i,j,rcount,rcount_sum= 18 8 6659.00000 2317332.00
  i,j,rcount,rcount_sum= 18 9 6659.00000 2323991.00
  i,j,rcount,rcount_sum= 18 10 6659.00000 2330650.00
  i,j,rcount,rcount_sum= 18 11 6659.00000 2337309.00
  i,j,rcount,rcount_sum= 18 12 6659.00000 2343968.00
  i,j,rcount,rcount_sum= 18 13 6659.00000 2350627.00
  i,j,rcount,rcount_sum= 18 14 6659.00000 2357286.00
  i,j,rcount,rcount_sum= 18 15 6659.00000 2363945.00
  i,j,rcount,rcount_sum= 18 16 6659.00000 2370604.00
  i,j,rcount,rcount_sum= 18 17 6659.00000 2377263.00
  i,j,rcount,rcount_sum= 18 18 6659.00000 2383922.00
  i,j,rcount,rcount_sum= 18 19 6659.00000 2390581.00
  i,j,rcount,rcount_sum= 18 20 6659.00000 2397240.00
  i,j,rcount,rcount_sum= 19 1 6659.00000 2403899.00
  i,j,rcount,rcount_sum= 19 2 6659.00000 2410558.00
  i,j,rcount,rcount_sum= 19 3 6659.00000 2417217.00
  i,j,rcount,rcount_sum= 19 4 6659.00000 2423876.00
  i,j,rcount,rcount_sum= 19 5 6659.00000 2430535.00
  i,j,rcount,rcount_sum= 19 6 6659.00000 2437194.00
  i,j,rcount,rcount_sum= 19 7 6659.00000 2443853.00
  i,j,rcount,rcount_sum= 19 8 6659.00000 2450512.00
  i,j,rcount,rcount_sum= 19 9 6659.00000 2457171.00
  i,j,rcount,rcount_sum= 19 10 6659.00000 2463830.00
  i,j,rcount,rcount_sum= 19 11 6659.00000 2470489.00
  i,j,rcount,rcount_sum= 19 12 6659.00000 2477148.00
  i,j,rcount,rcount_sum= 19 13 6659.00000 2483807.00
  i,j,rcount,rcount_sum= 19 14 6659.00000 2490466.00
  i,j,rcount,rcount_sum= 19 15 6659.00000 2497125.00
  i,j,rcount,rcount_sum= 19 16 6659.00000 2503784.00
  i,j,rcount,rcount_sum= 19 17 6659.00000 2510443.00
  i,j,rcount,rcount_sum= 19 18 6659.00000 2517102.00
  i,j,rcount,rcount_sum= 19 19 6659.00000 2523761.00
  i,j,rcount,rcount_sum= 19 20 6659.00000 2530420.00
  i,j,rcount,rcount_sum= 20 1 6659.00000 2537079.00
  i,j,rcount,rcount_sum= 20 2 6659.00000 2543738.00
  i,j,rcount,rcount_sum= 20 3 6659.00000 2550397.00
  i,j,rcount,rcount_sum= 20 4 6659.00000 2557056.00
  i,j,rcount,rcount_sum= 20 5 6659.00000 2563715.00
  i,j,rcount,rcount_sum= 20 6 6659.00000 2570374.00
  i,j,rcount,rcount_sum= 20 7 6659.00000 2577033.00
  i,j,rcount,rcount_sum= 20 8 6659.00000 2583692.00
  i,j,rcount,rcount_sum= 20 9 6659.00000 2590351.00
  i,j,rcount,rcount_sum= 20 10 6659.00000 2597010.00
  i,j,rcount,rcount_sum= 20 11 6659.00000 2603669.00
  i,j,rcount,rcount_sum= 20 12 6659.00000 2610328.00
  i,j,rcount,rcount_sum= 20 13 6659.00000 2616987.00
  i,j,rcount,rcount_sum= 20 14 6659.00000 2623646.00
  i,j,rcount,rcount_sum= 20 15 6659.00000 2630305.00
  i,j,rcount,rcount_sum= 20 16 6659.00000 2636964.00
  i,j,rcount,rcount_sum= 20 17 6659.00000 2643623.00
  i,j,rcount,rcount_sum= 20 18 6659.00000 2650282.00
  i,j,rcount,rcount_sum= 20 19 6659.00000 2656941.00
  i,j,rcount,rcount_sum= 20 20 6659.00000 2663600.00
  i,yl(1,i),yu(1,i),rho_single(1,i)= 1 114.500000 231.587494 4.27031104E-04
  i,yl(2,i),yu(2,i),rho_single(2,i)= 1 121.769997 231.225006 4.56808688E-04
  i,yl(1,i),yu(1,i),rho_single(1,i)= 2 231.587494 241.311005 5.14217559E-03
  i,yl(2,i),yu(2,i),rho_single(2,i)= 2 231.225006 241.178497 5.02336305E-03
  i,yl(1,i),yu(1,i),rho_single(1,i)= 3 241.311005 246.334000 9.95422062E-03
  i,yl(2,i),yu(2,i),rho_single(2,i)= 3 241.178497 246.059006 1.02448342E-02
  i,yl(1,i),yu(1,i),rho_single(1,i)= 4 246.334000 249.087494 1.81587450E-02
  i,yl(2,i),yu(2,i),rho_single(2,i)= 4 246.059006 248.947510 1.73099972E-02
  i,yl(1,i),yu(1,i),rho_single(1,i)= 5 249.087494 250.766006 2.97882799E-02
  i,yl(2,i),yu(2,i),rho_single(2,i)= 5 248.947510 250.671997 2.89941244E-02
  i,yl(1,i),yu(1,i),rho_single(1,i)= 6 250.766006 251.671005 5.52486964E-02
  i,yl(2,i),yu(2,i),rho_single(2,i)= 6 250.671997 251.710999 4.81231287E-02
  i,yl(1,i),yu(1,i),rho_single(1,i)= 7 251.671005 251.962997 0.171237454
  i,yl(2,i),yu(2,i),rho_single(2,i)= 7 251.710999 252.212997 9.96018127E-02
  i,yl(1,i),yu(1,i),rho_single(1,i)= 8 251.962997 252.119003 0.320500791
  i,yl(2,i),yu(2,i),rho_single(2,i)= 8 252.212997 252.339996 0.393704206
  i,yl(1,i),yu(1,i),rho_single(1,i)= 9 252.119003 252.235001 0.431044489
  i,yl(2,i),yu(2,i),rho_single(2,i)= 9 252.339996 252.401001 0.819609821
  i,yl(1,i),yu(1,i),rho_single(1,i)= 10 252.235001 252.326996 0.543506384
  i,yl(2,i),yu(2,i),rho_single(2,i)= 10 252.401001 252.449005 1.04157662
  i,yl(1,i),yu(1,i),rho_single(1,i)= 11 252.326996 252.412003 0.588188827
  i,yl(2,i),yu(2,i),rho_single(2,i)= 11 252.449005 252.490997 1.19069767
  i,yl(1,i),yu(1,i),rho_single(1,i)= 12 252.412003 252.487000 0.666693807
  i,yl(2,i),yu(2,i),rho_single(2,i)= 12 252.490997 252.529007 1.31545568
  i,yl(1,i),yu(1,i),rho_single(1,i)= 13 252.487000 252.563995 0.649385631
  i,yl(2,i),yu(2,i),rho_single(2,i)= 13 252.529007 252.565994 1.35181522
  i,yl(1,i),yu(1,i),rho_single(1,i)= 14 252.563995 252.636993 0.684949815
  i,yl(2,i),yu(2,i),rho_single(2,i)= 14 252.565994 252.602005 1.38847458
  i,yl(1,i),yu(1,i),rho_single(1,i)= 15 252.636993 252.714005 0.649257004
  i,yl(2,i),yu(2,i),rho_single(2,i)= 15 252.602005 252.639999 1.31598401
  i,yl(1,i),yu(1,i),rho_single(1,i)= 16 252.714005 252.792999 0.632953465
  i,yl(2,i),yu(2,i),rho_single(2,i)= 16 252.639999 252.679993 1.25020981
  i,yl(1,i),yu(1,i),rho_single(1,i)= 17 252.792999 252.880005 0.574675560
  i,yl(2,i),yu(2,i),rho_single(2,i)= 17 252.679993 252.722000 1.19026518
  i,yl(1,i),yu(1,i),rho_single(1,i)= 18 252.880005 252.992996 0.442511797
  i,yl(2,i),yu(2,i),rho_single(2,i)= 18 252.722000 252.772995 0.980490685
  i,yl(1,i),yu(1,i),rho_single(1,i)= 19 252.992996 253.139008 0.342439115
  i,yl(2,i),yu(2,i),rho_single(2,i)= 19 252.772995 252.840500 0.740687191
  i,yl(1,i),yu(1,i),rho_single(1,i)= 20 253.139008 253.988007 5.88928834E-02
  i,yl(2,i),yu(2,i),rho_single(2,i)= 20 252.840500 253.216003 0.133154541
  i,j,yl(1,i),yu(1,i),yl(2,j),yu(2,j),rho_corr(i,j),rho_single(1,i)*rho_single(2,j)= 1 1 114.500000 231.587494 121.769997 231.225006 1.95071507E-07 1.95071522E-07
  i,j,yl(1,i),yu(1,i),yl(2,j),yu(2,j),rho_corr(i,j),rho_single(1,i)*rho_single(2,j)= 1 2 114.500000 231.587494 231.225006 241.178497 2.14513216E-06 2.14513216E-06
  i,j,yl(1,i),yu(1,i),yl(2,j),yu(2,j),rho_corr(i,j),rho_single(1,i)*rho_single(2,j)= 1 3 114.500000 231.587494 241.178497 246.059006 4.37486278E-06 4.37486278E-06
  i,j,yl(1,i),yu(1,i),yl(2,j),yu(2,j),rho_corr(i,j),rho_single(1,i)*rho_single(2,j)= 1 4 114.500000 231.587494 246.059006 248.947510 7.39190773E-06 7.39190727E-06
  i,j,yl(1,i),yu(1,i),yl(2,j),yu(2,j),rho_corr(i,j),rho_single(1,i)*rho_single(2,j)= 1 5 114.500000 231.587494 248.947510 250.671997 1.23813925E-05 1.23813934E-05
  i,j,yl(1,i),yu(1,i),yl(2,j),yu(2,j),rho_corr(i,j),rho_single(1,i)*rho_single(2,j)= 1 6 114.500000 231.587494 250.671997 251.710999 2.05500710E-05 2.05500728E-05
  i,j,yl(1,i),yu(1,i),yl(2,j),yu(2,j),rho_corr(i,j),rho_single(1,i)*rho_single(2,j)= 1 7 114.500000 231.587494 251.710999 252.212997 4.25330691E-05 4.25330727E-05
  i,j,yl(1,i),yu(1,i),yl(2,j),yu(2,j),rho_corr(i,j),rho_single(1,i)*rho_single(2,j)= 1 8 114.500000 231.587494 252.212997 252.339996 1.68123937E-04 1.68123937E-04
  i,j,yl(1,i),yu(1,i),yl(2,j),yu(2,j),rho_corr(i,j),rho_single(1,i)*rho_single(2,j)= 1 9 114.500000 231.587494 252.339996 252.401001 3.49998852E-04 3.49998882E-04
  i,j,yl(1,i),yu(1,i),yl(2,j),yu(2,j),rho_corr(i,j),rho_single(1,i)*rho_single(2,j)= 1 10 114.500000 231.587494 252.401001 252.449005 4.44785604E-04 4.44785604E-04
  i,j,yl(1,i),yu(1,i),yl(2,j),yu(2,j),rho_corr(i,j),rho_single(1,i)*rho_single(2,j)= 1 11 114.500000 231.587494 252.449005 252.490997 5.08464931E-04 5.08464931E-04
  i,j,yl(1,i),yu(1,i),yl(2,j),yu(2,j),rho_corr(i,j),rho_single(1,i)*rho_single(2,j)= 1 12 114.500000 231.587494 252.490997 252.529007 5.61740424E-04 5.61740482E-04
  i,j,yl(1,i),yu(1,i),yl(2,j),yu(2,j),rho_corr(i,j),rho_single(1,i)*rho_single(2,j)= 1 13 114.500000 231.587494 252.529007 252.565994 5.77267085E-04 5.77267143E-04
  i,j,yl(1,i),yu(1,i),yl(2,j),yu(2,j),rho_corr(i,j),rho_single(1,i)*rho_single(2,j)= 1 14 114.500000 231.587494 252.565994 252.602005 5.92921802E-04 5.92921861E-04
  i,j,yl(1,i),yu(1,i),yl(2,j),yu(2,j),rho_corr(i,j),rho_single(1,i)*rho_single(2,j)= 1 15 114.500000 231.587494 252.602005 252.639999 5.61966037E-04 5.61966095E-04
  i,j,yl(1,i),yu(1,i),yl(2,j),yu(2,j),rho_corr(i,j),rho_single(1,i)*rho_single(2,j)= 1 16 114.500000 231.587494 252.639999 252.679993 5.33878454E-04 5.33878454E-04
  i,j,yl(1,i),yu(1,i),yl(2,j),yu(2,j),rho_corr(i,j),rho_single(1,i)*rho_single(2,j)= 1 17 114.500000 231.587494 252.679993 252.722000 5.08280238E-04 5.08280238E-04
  i,j,yl(1,i),yu(1,i),yl(2,j),yu(2,j),rho_corr(i,j),rho_single(1,i)*rho_single(2,j)= 1 18 114.500000 231.587494 252.722000 252.772995 4.18700016E-04 4.18700016E-04
  i,j,yl(1,i),yu(1,i),yl(2,j),yu(2,j),rho_corr(i,j),rho_single(1,i)*rho_single(2,j)= 1 19 114.500000 231.587494 252.772995 252.840500 3.16296442E-04 3.16296471E-04
  i,j,yl(1,i),yu(1,i),yl(2,j),yu(2,j),rho_corr(i,j),rho_single(1,i)*rho_single(2,j)= 1 20 114.500000 231.587494 252.840500 253.216003 5.68611249E-05 5.68611322E-05
  i,j,yl(1,i),yu(1,i),yl(2,j),yu(2,j),rho_corr(i,j),rho_single(1,i)*rho_single(2,j)= 2 1 231.587494 241.311005 121.769997 231.225006 2.34899039E-06 2.34899039E-06
  i,j,yl(1,i),yu(1,i),yl(2,j),yu(2,j),rho_corr(i,j),rho_single(1,i)*rho_single(2,j)= 2 2 231.587494 241.311005 231.225006 241.178497 2.58310138E-05 2.58310156E-05
  i,j,yl(1,i),yu(1,i),yl(2,j),yu(2,j),rho_corr(i,j),rho_single(1,i)*rho_single(2,j)= 2 3 231.587494 241.311005 241.178497 246.059006 5.26807344E-05 5.26807380E-05
  i,j,yl(1,i),yu(1,i),yl(2,j),yu(2,j),rho_corr(i,j),rho_single(1,i)*rho_single(2,j)= 2 4 231.587494 241.311005 246.059006 248.947510 8.90110532E-05 8.90110459E-05
  i,j,yl(1,i),yu(1,i),yl(2,j),yu(2,j),rho_corr(i,j),rho_single(1,i)*rho_single(2,j)= 2 5 231.587494 241.311005 248.947510 250.671997 1.49092884E-04 1.49092884E-04
  i,j,yl(1,i),yu(1,i),yl(2,j),yu(2,j),rho_corr(i,j),rho_single(1,i)*rho_single(2,j)= 2 6 231.587494 241.311005 250.671997 251.710999 2.47457559E-04 2.47457589E-04
  i,j,yl(1,i),yu(1,i),yl(2,j),yu(2,j),rho_corr(i,j),rho_single(1,i)*rho_single(2,j)= 2 7 231.587494 241.311005 251.710999 252.212997 5.12170023E-04 5.12170023E-04
  i,j,yl(1,i),yu(1,i),yl(2,j),yu(2,j),rho_corr(i,j),rho_single(1,i)*rho_single(2,j)= 2 8 231.587494 241.311005 252.212997 252.339996 2.02449597E-03 2.02449621E-03
  i,j,yl(1,i),yu(1,i),yl(2,j),yu(2,j),rho_corr(i,j),rho_single(1,i)*rho_single(2,j)= 2 9 231.587494 241.311005 252.339996 252.401001 4.21457784E-03 4.21457784E-03
  i,j,yl(1,i),yu(1,i),yl(2,j),yu(2,j),rho_corr(i,j),rho_single(1,i)*rho_single(2,j)= 2 10 231.587494 241.311005 252.401001 252.449005 5.35597000E-03 5.35597000E-03
  i,j,yl(1,i),yu(1,i),yl(2,j),yu(2,j),rho_corr(i,j),rho_single(1,i)*rho_single(2,j)= 2 11 231.587494 241.311005 252.449005 252.490997 6.12277677E-03 6.12277631E-03
  i,j,yl(1,i),yu(1,i),yl(2,j),yu(2,j),rho_corr(i,j),rho_single(1,i)*rho_single(2,j)= 2 12 231.587494 241.311005 252.490997 252.529007 6.76430389E-03 6.76430389E-03
  i,j,yl(1,i),yu(1,i),yl(2,j),yu(2,j),rho_corr(i,j),rho_single(1,i)*rho_single(2,j)= 2 13 231.587494 241.311005 252.529007 252.565994 6.95127109E-03 6.95127109E-03
  i,j,yl(1,i),yu(1,i),yl(2,j),yu(2,j),rho_corr(i,j),rho_single(1,i)*rho_single(2,j)= 2 14 231.587494 241.311005 252.565994 252.602005 7.13977963E-03 7.13978009E-03
  i,j,yl(1,i),yu(1,i),yl(2,j),yu(2,j),rho_corr(i,j),rho_single(1,i)*rho_single(2,j)= 2 15 231.587494 241.311005 252.602005 252.639999 6.76702103E-03 6.76702103E-03
  i,j,yl(1,i),yu(1,i),yl(2,j),yu(2,j),rho_corr(i,j),rho_single(1,i)*rho_single(2,j)= 2 16 231.587494 241.311005 252.639999 252.679993 6.42879866E-03 6.42879819E-03
  i,j,yl(1,i),yu(1,i),yl(2,j),yu(2,j),rho_corr(i,j),rho_single(1,i)*rho_single(2,j)= 2 17 231.587494 241.311005 252.679993 252.722000 6.12055277E-03 6.12055277E-03
  i,j,yl(1,i),yu(1,i),yl(2,j),yu(2,j),rho_corr(i,j),rho_single(1,i)*rho_single(2,j)= 2 18 231.587494 241.311005 252.722000 252.772995 5.04185539E-03 5.04185539E-03
  i,j,yl(1,i),yu(1,i),yl(2,j),yu(2,j),rho_corr(i,j),rho_single(1,i)*rho_single(2,j)= 2 19 231.587494 241.311005 252.772995 252.840500 3.80874332E-03 3.80874355E-03
  i,j,yl(1,i),yu(1,i),yl(2,j),yu(2,j),rho_corr(i,j),rho_single(1,i)*rho_single(2,j)= 2 20 231.587494 241.311005 252.840500 253.216003 6.84703991E-04 6.84704049E-04
  i,j,yl(1,i),yu(1,i),yl(2,j),yu(2,j),rho_corr(i,j),rho_single(1,i)*rho_single(2,j)= 3 1 241.311005 246.334000 121.769997 231.225006 4.54717429E-06 4.54717429E-06
  i,j,yl(1,i),yu(1,i),yl(2,j),yu(2,j),rho_corr(i,j),rho_single(1,i)*rho_single(2,j)= 3 2 241.311005 246.334000 231.225006 241.178497 5.00036622E-05 5.00036622E-05
  i,j,yl(1,i),yu(1,i),yl(2,j),yu(2,j),rho_corr(i,j),rho_single(1,i)*rho_single(2,j)= 3 3 241.311005 246.334000 241.178497 246.059006 1.01979342E-04 1.01979342E-04
  i,j,yl(1,i),yu(1,i),yl(2,j),yu(2,j),rho_corr(i,j),rho_single(1,i)*rho_single(2,j)= 3 4 241.311005 246.334000 246.059006 248.947510 1.72307540E-04 1.72307526E-04
  i,j,yl(1,i),yu(1,i),yl(2,j),yu(2,j),rho_corr(i,j),rho_single(1,i)*rho_single(2,j)= 3 5 241.311005 246.334000 248.947510 250.671997 2.88613897E-04 2.88613897E-04
  i,j,yl(1,i),yu(1,i),yl(2,j),yu(2,j),rho_corr(i,j),rho_single(1,i)*rho_single(2,j)= 3 6 241.311005 246.334000 250.671997 251.710999 4.79028211E-04 4.79028240E-04
  i,j,yl(1,i),yu(1,i),yl(2,j),yu(2,j),rho_corr(i,j),rho_single(1,i)*rho_single(2,j)= 3 7 241.311005 246.334000 251.710999 252.212997 9.91458423E-04 9.91458423E-04
  i,j,yl(1,i),yu(1,i),yl(2,j),yu(2,j),rho_corr(i,j),rho_single(1,i)*rho_single(2,j)= 3 8 241.311005 246.334000 252.212997 252.339996 3.91901843E-03 3.91901843E-03
  i,j,yl(1,i),yu(1,i),yl(2,j),yu(2,j),rho_corr(i,j),rho_single(1,i)*rho_single(2,j)= 3 9 241.311005 246.334000 252.339996 252.401001 8.15857667E-03 8.15857667E-03
  i,j,yl(1,i),yu(1,i),yl(2,j),yu(2,j),rho_corr(i,j),rho_single(1,i)*rho_single(2,j)= 3 10 241.311005 246.334000 252.401001 252.449005 1.03680827E-02 1.03680836E-02
  i,j,yl(1,i),yu(1,i),yl(2,j),yu(2,j),rho_corr(i,j),rho_single(1,i)*rho_single(2,j)= 3 11 241.311005 246.334000 252.449005 252.490997 1.18524674E-02 1.18524674E-02
  i,j,yl(1,i),yu(1,i),yl(2,j),yu(2,j),rho_corr(i,j),rho_single(1,i)*rho_single(2,j)= 3 12 241.311005 246.334000 252.490997 252.529007 1.30943349E-02 1.30943358E-02
  i,j,yl(1,i),yu(1,i),yl(2,j),yu(2,j),rho_corr(i,j),rho_single(1,i)*rho_single(2,j)= 3 13 241.311005 246.334000 252.529007 252.565994 1.34562673E-02 1.34562673E-02
  i,j,yl(1,i),yu(1,i),yl(2,j),yu(2,j),rho_corr(i,j),rho_single(1,i)*rho_single(2,j)= 3 14 241.311005 246.334000 252.565994 252.602005 1.38211828E-02 1.38211828E-02
  i,j,yl(1,i),yu(1,i),yl(2,j),yu(2,j),rho_corr(i,j),rho_single(1,i)*rho_single(2,j)= 3 15 241.311005 246.334000 252.602005 252.639999 1.30995940E-02 1.30995950E-02
  i,j,yl(1,i),yu(1,i),yl(2,j),yu(2,j),rho_corr(i,j),rho_single(1,i)*rho_single(2,j)= 3 16 241.311005 246.334000 252.639999 252.679993 1.24448640E-02 1.24448640E-02
  i,j,yl(1,i),yu(1,i),yl(2,j),yu(2,j),rho_corr(i,j),rho_single(1,i)*rho_single(2,j)= 3 17 241.311005 246.334000 252.679993 252.722000 1.18481619E-02 1.18481619E-02
  i,j,yl(1,i),yu(1,i),yl(2,j),yu(2,j),rho_corr(i,j),rho_single(1,i)*rho_single(2,j)= 3 18 241.311005 246.334000 252.722000 252.772995 9.76002030E-03 9.76002030E-03
  i,j,yl(1,i),yu(1,i),yl(2,j),yu(2,j),rho_corr(i,j),rho_single(1,i)*rho_single(2,j)= 3 19 241.311005 246.334000 252.772995 252.840500 7.37296324E-03 7.37296371E-03
  i,j,yl(1,i),yu(1,i),yl(2,j),yu(2,j),rho_corr(i,j),rho_single(1,i)*rho_single(2,j)= 3 20 241.311005 246.334000 252.840500 253.216003 1.32544956E-03 1.32544967E-03
  i,j,yl(1,i),yu(1,i),yl(2,j),yu(2,j),rho_corr(i,j),rho_single(1,i)*rho_single(2,j)= 4 1 246.334000 249.087494 121.769997 231.225006 8.29507280E-06 8.29507280E-06
  i,j,yl(1,i),yu(1,i),yl(2,j),yu(2,j),rho_corr(i,j),rho_single(1,i)*rho_single(2,j)= 4 2 246.334000 249.087494 231.225006 241.178497 9.12179676E-05 9.12179676E-05
  i,j,yl(1,i),yu(1,i),yl(2,j),yu(2,j),rho_corr(i,j),rho_single(1,i)*rho_single(2,j)= 4 3 246.334000 249.087494 241.178497 246.059006 1.86033329E-04 1.86033329E-04
  i,j,yl(1,i),yu(1,i),yl(2,j),yu(2,j),rho_corr(i,j),rho_single(1,i)*rho_single(2,j)= 4 4 246.334000 249.087494 246.059006 248.947510 3.14327859E-04 3.14327830E-04
  i,j,yl(1,i),yu(1,i),yl(2,j),yu(2,j),rho_corr(i,j),rho_single(1,i)*rho_single(2,j)= 4 5 246.334000 249.087494 248.947510 250.671997 5.26496908E-04 5.26496908E-04
  i,j,yl(1,i),yu(1,i),yl(2,j),yu(2,j),rho_corr(i,j),rho_single(1,i)*rho_single(2,j)= 4 6 246.334000 249.087494 250.671997 251.710999 8.73855606E-04 8.73855606E-04
  i,j,yl(1,i),yu(1,i),yl(2,j),yu(2,j),rho_corr(i,j),rho_single(1,i)*rho_single(2,j)= 4 7 246.334000 249.087494 251.710999 252.212997 1.80864392E-03 1.80864392E-03
  i,j,yl(1,i),yu(1,i),yl(2,j),yu(2,j),rho_corr(i,j),rho_single(1,i)*rho_single(2,j)= 4 8 246.334000 249.087494 252.212997 252.339996 7.14917388E-03 7.14917434E-03
  i,j,yl(1,i),yu(1,i),yl(2,j),yu(2,j),rho_corr(i,j),rho_single(1,i)*rho_single(2,j)= 4 9 246.334000 249.087494 252.339996 252.401001 1.48830852E-02 1.48830861E-02
  i,j,yl(1,i),yu(1,i),yl(2,j),yu(2,j),rho_corr(i,j),rho_single(1,i)*rho_single(2,j)= 4 10 246.334000 249.087494 252.401001 252.449005 1.89137235E-02 1.89137235E-02
  i,j,yl(1,i),yu(1,i),yl(2,j),yu(2,j),rho_corr(i,j),rho_single(1,i)*rho_single(2,j)= 4 11 246.334000 249.087494 252.449005 252.490997 2.16215756E-02 2.16215756E-02
  i,j,yl(1,i),yu(1,i),yl(2,j),yu(2,j),rho_corr(i,j),rho_single(1,i)*rho_single(2,j)= 4 12 246.334000 249.087494 252.490997 252.529007 2.38870233E-02 2.38870233E-02
  i,j,yl(1,i),yu(1,i),yl(2,j),yu(2,j),rho_corr(i,j),rho_single(1,i)*rho_single(2,j)= 4 13 246.334000 249.087494 252.529007 252.565994 2.45472677E-02 2.45472677E-02
  i,j,yl(1,i),yu(1,i),yl(2,j),yu(2,j),rho_corr(i,j),rho_single(1,i)*rho_single(2,j)= 4 14 246.334000 249.087494 252.565994 252.602005 2.52129547E-02 2.52129566E-02
  i,j,yl(1,i),yu(1,i),yl(2,j),yu(2,j),rho_corr(i,j),rho_single(1,i)*rho_single(2,j)= 4 15 246.334000 249.087494 252.602005 252.639999 2.38966160E-02 2.38966178E-02
  i,j,yl(1,i),yu(1,i),yl(2,j),yu(2,j),rho_corr(i,j),rho_single(1,i)*rho_single(2,j)= 4 16 246.334000 249.087494 252.639999 252.679993 2.27022413E-02 2.27022413E-02
  i,j,yl(1,i),yu(1,i),yl(2,j),yu(2,j),rho_corr(i,j),rho_single(1,i)*rho_single(2,j)= 4 17 246.334000 249.087494 252.679993 252.722000 2.16137208E-02 2.16137227E-02
  i,j,yl(1,i),yu(1,i),yl(2,j),yu(2,j),rho_corr(i,j),rho_single(1,i)*rho_single(2,j)= 4 18 246.334000 249.087494 252.722000 252.772995 1.78044811E-02 1.78044811E-02
  i,j,yl(1,i),yu(1,i),yl(2,j),yu(2,j),rho_corr(i,j),rho_single(1,i)*rho_single(2,j)= 4 19 246.334000 249.087494 252.772995 252.840500 1.34499492E-02 1.34499501E-02
  i,j,yl(1,i),yu(1,i),yl(2,j),yu(2,j),rho_corr(i,j),rho_single(1,i)*rho_single(2,j)= 4 20 246.334000 249.087494 252.840500 253.216003 2.41791923E-03 2.41791946E-03
  i,j,yl(1,i),yu(1,i),yl(2,j),yu(2,j),rho_corr(i,j),rho_single(1,i)*rho_single(2,j)= 5 1 249.087494 250.766006 121.769997 231.225006 1.36075450E-05 1.36075450E-05
  i,j,yl(1,i),yu(1,i),yl(2,j),yu(2,j),rho_corr(i,j),rho_single(1,i)*rho_single(2,j)= 5 2 249.087494 250.766006 231.225006 241.178497 1.49637330E-04 1.49637344E-04
  i,j,yl(1,i),yu(1,i),yl(2,j),yu(2,j),rho_corr(i,j),rho_single(1,i)*rho_single(2,j)= 5 3 249.087494 250.766006 241.178497 246.059006 3.05175985E-04 3.05175985E-04
  i,j,yl(1,i),yu(1,i),yl(2,j),yu(2,j),rho_corr(i,j),rho_single(1,i)*rho_single(2,j)= 5 4 249.087494 250.766006 246.059006 248.947510 5.15635067E-04 5.15635067E-04
  i,j,yl(1,i),yu(1,i),yl(2,j),yu(2,j),rho_corr(i,j),rho_single(1,i)*rho_single(2,j)= 5 5 249.087494 250.766006 248.947510 250.671997 8.63685040E-04 8.63685098E-04
  i,j,yl(1,i),yu(1,i),yl(2,j),yu(2,j),rho_corr(i,j),rho_single(1,i)*rho_single(2,j)= 5 6 249.087494 250.766006 250.671997 251.710999 1.43350509E-03 1.43350521E-03
  i,j,yl(1,i),yu(1,i),yl(2,j),yu(2,j),rho_corr(i,j),rho_single(1,i)*rho_single(2,j)= 5 7 249.087494 250.766006 251.710999 252.212997 2.96696648E-03 2.96696671E-03
  i,j,yl(1,i),yu(1,i),yl(2,j),yu(2,j),rho_corr(i,j),rho_single(1,i)*rho_single(2,j)= 5 8 249.087494 250.766006 252.212997 252.339996 1.17277699E-02 1.17277708E-02
  i,j,yl(1,i),yu(1,i),yl(2,j),yu(2,j),rho_corr(i,j),rho_single(1,i)*rho_single(2,j)= 5 9 249.087494 250.766006 252.339996 252.401001 2.44147647E-02 2.44147666E-02
  i,j,yl(1,i),yu(1,i),yl(2,j),yu(2,j),rho_corr(i,j),rho_single(1,i)*rho_single(2,j)= 5 10 249.087494 250.766006 252.401001 252.449005 3.10267732E-02 3.10267769E-02
  i,j,yl(1,i),yu(1,i),yl(2,j),yu(2,j),rho_corr(i,j),rho_single(1,i)*rho_single(2,j)= 5 11 249.087494 250.766006 252.449005 252.490997 3.54688354E-02 3.54688354E-02
  i,j,yl(1,i),yu(1,i),yl(2,j),yu(2,j),rho_corr(i,j),rho_single(1,i)*rho_single(2,j)= 5 12 249.087494 250.766006 252.490997 252.529007 3.91851589E-02 3.91851626E-02
  i,j,yl(1,i),yu(1,i),yl(2,j),yu(2,j),rho_corr(i,j),rho_single(1,i)*rho_single(2,j)= 5 13 249.087494 250.766006 252.529007 252.565994 4.02682461E-02 4.02682498E-02
  i,j,yl(1,i),yu(1,i),yl(2,j),yu(2,j),rho_corr(i,j),rho_single(1,i)*rho_single(2,j)= 5 14 249.087494 250.766006 252.565994 252.602005 4.13602702E-02 4.13602702E-02
  i,j,yl(1,i),yu(1,i),yl(2,j),yu(2,j),rho_corr(i,j),rho_single(1,i)*rho_single(2,j)= 5 15 249.087494 250.766006 252.602005 252.639999 3.92008983E-02 3.92008983E-02
  i,j,yl(1,i),yu(1,i),yl(2,j),yu(2,j),rho_corr(i,j),rho_single(1,i)*rho_single(2,j)= 5 16 249.087494 250.766006 252.639999 252.679993 3.72416005E-02 3.72416005E-02
  i,j,yl(1,i),yu(1,i),yl(2,j),yu(2,j),rho_corr(i,j),rho_single(1,i)*rho_single(2,j)= 5 17 249.087494 250.766006 252.679993 252.722000 3.54559496E-02 3.54559533E-02
  i,j,yl(1,i),yu(1,i),yl(2,j),yu(2,j),rho_corr(i,j),rho_single(1,i)*rho_single(2,j)= 5 18 249.087494 250.766006 252.722000 252.772995 2.92071328E-02 2.92071309E-02
  i,j,yl(1,i),yu(1,i),yl(2,j),yu(2,j),rho_corr(i,j),rho_single(1,i)*rho_single(2,j)= 5 19 249.087494 250.766006 252.772995 252.840500 2.20637955E-02 2.20637973E-02
  i,j,yl(1,i),yu(1,i),yl(2,j),yu(2,j),rho_corr(i,j),rho_single(1,i)*rho_single(2,j)= 5 20 249.087494 250.766006 252.840500 253.216003 3.96644464E-03 3.96644464E-03
  i,j,yl(1,i),yu(1,i),yl(2,j),yu(2,j),rho_corr(i,j),rho_single(1,i)*rho_single(2,j)= 6 1 250.766006 251.671005 121.769997 231.225006 2.52380833E-05 2.52380851E-05
  i,j,yl(1,i),yu(1,i),yl(2,j),yu(2,j),rho_corr(i,j),rho_single(1,i)*rho_single(2,j)= 6 2 250.766006 251.671005 231.225006 241.178497 2.77534244E-04 2.77534273E-04
  i,j,yl(1,i),yu(1,i),yl(2,j),yu(2,j),rho_corr(i,j),rho_single(1,i)*rho_single(2,j)= 6 3 250.766006 251.671005 241.178497 246.059006 5.66013739E-04 5.66013739E-04
  i,j,yl(1,i),yu(1,i),yl(2,j),yu(2,j),rho_corr(i,j),rho_single(1,i)*rho_single(2,j)= 6 4 250.766006 251.671005 246.059006 248.947510 9.56354837E-04 9.56354779E-04
  i,j,yl(1,i),yu(1,i),yl(2,j),yu(2,j),rho_corr(i,j),rho_single(1,i)*rho_single(2,j)= 6 5 250.766006 251.671005 248.947510 250.671997 1.60188752E-03 1.60188752E-03
  i,j,yl(1,i),yu(1,i),yl(2,j),yu(2,j),rho_corr(i,j),rho_single(1,i)*rho_single(2,j)= 6 6 250.766006 251.671005 250.671997 251.710999 2.65873992E-03 2.65874015E-03
  i,j,yl(1,i),yu(1,i),yl(2,j),yu(2,j),rho_corr(i,j),rho_single(1,i)*rho_single(2,j)= 6 7 250.766006 251.671005 251.710999 252.212997 5.50286984E-03 5.50287031E-03
  i,j,yl(1,i),yu(1,i),yl(2,j),yu(2,j),rho_corr(i,j),rho_single(1,i)*rho_single(2,j)= 6 8 250.766006 251.671005 252.212997 252.339996 2.17516422E-02 2.17516441E-02
  i,j,yl(1,i),yu(1,i),yl(2,j),yu(2,j),rho_corr(i,j),rho_single(1,i)*rho_single(2,j)= 6 9 250.766006 251.671005 252.339996 252.401001 4.52823713E-02 4.52823751E-02
  i,j,yl(1,i),yu(1,i),yl(2,j),yu(2,j),rho_corr(i,j),rho_single(1,i)*rho_single(2,j)= 6 10 250.766006 251.671005 252.401001 252.449005 5.75457439E-02 5.75457513E-02
  i,j,yl(1,i),yu(1,i),yl(2,j),yu(2,j),rho_corr(i,j),rho_single(1,i)*rho_single(2,j)= 6 11 250.766006 251.671005 252.449005 252.490997 6.57844916E-02 6.57844916E-02
  i,j,yl(1,i),yu(1,i),yl(2,j),yu(2,j),rho_corr(i,j),rho_single(1,i)*rho_single(2,j)= 6 12 250.766006 251.671005 252.490997 252.529007 7.26772025E-02 7.26772100E-02
  i,j,yl(1,i),yu(1,i),yl(2,j),yu(2,j),rho_corr(i,j),rho_single(1,i)*rho_single(2,j)= 6 13 250.766006 251.671005 252.529007 252.565994 7.46860206E-02 7.46860281E-02
  i,j,yl(1,i),yu(1,i),yl(2,j),yu(2,j),rho_corr(i,j),rho_single(1,i)*rho_single(2,j)= 6 14 250.766006 251.671005 252.565994 252.602005 7.67114088E-02 7.67114088E-02
  i,j,yl(1,i),yu(1,i),yl(2,j),yu(2,j),rho_corr(i,j),rho_single(1,i)*rho_single(2,j)= 6 15 250.766006 251.671005 252.602005 252.639999 7.27063939E-02 7.27064013E-02
  i,j,yl(1,i),yu(1,i),yl(2,j),yu(2,j),rho_corr(i,j),rho_single(1,i)*rho_single(2,j)= 6 16 250.766006 251.671005 252.639999 252.679993 6.90724626E-02 6.90724626E-02
  i,j,yl(1,i),yu(1,i),yl(2,j),yu(2,j),rho_corr(i,j),rho_single(1,i)*rho_single(2,j)= 6 17 250.766006 251.671005 252.679993 252.722000 6.57605976E-02 6.57605976E-02
  i,j,yl(1,i),yu(1,i),yl(2,j),yu(2,j),rho_corr(i,j),rho_single(1,i)*rho_single(2,j)= 6 18 250.766006 251.671005 252.722000 252.772995 5.41708283E-02 5.41708320E-02
  i,j,yl(1,i),yu(1,i),yl(2,j),yu(2,j),rho_corr(i,j),rho_single(1,i)*rho_single(2,j)= 6 19 250.766006 251.671005 252.772995 252.840500 4.09219973E-02 4.09220010E-02
  i,j,yl(1,i),yu(1,i),yl(2,j),yu(2,j),rho_corr(i,j),rho_single(1,i)*rho_single(2,j)= 6 20 250.766006 251.671005 252.840500 253.216003 7.35661434E-03 7.35661481E-03
  i,j,yl(1,i),yu(1,i),yl(2,j),yu(2,j),rho_corr(i,j),rho_single(1,i)*rho_single(2,j)= 7 1 251.671005 251.962997 121.769997 231.225006 7.82227580E-05 7.82227580E-05
  i,j,yl(1,i),yu(1,i),yl(2,j),yu(2,j),rho_corr(i,j),rho_single(1,i)*rho_single(2,j)= 7 2 251.671005 251.962997 231.225006 241.178497 8.60187924E-04 8.60187924E-04
  i,j,yl(1,i),yu(1,i),yl(2,j),yu(2,j),rho_corr(i,j),rho_single(1,i)*rho_single(2,j)= 7 3 251.671005 251.962997 241.178497 246.059006 1.75429939E-03 1.75429927E-03
  i,j,yl(1,i),yu(1,i),yl(2,j),yu(2,j),rho_corr(i,j),rho_single(1,i)*rho_single(2,j)= 7 4 251.671005 251.962997 246.059006 248.947510 2.96412013E-03 2.96411989E-03
  i,j,yl(1,i),yu(1,i),yl(2,j),yu(2,j),rho_corr(i,j),rho_single(1,i)*rho_single(2,j)= 7 5 251.671005 251.962997 248.947510 250.671997 4.96488018E-03 4.96488018E-03
  i,j,yl(1,i),yu(1,i),yl(2,j),yu(2,j),rho_corr(i,j),rho_single(1,i)*rho_single(2,j)= 7 6 251.671005 251.962997 250.671997 251.710999 8.24048184E-03 8.24048184E-03
  i,j,yl(1,i),yu(1,i),yl(2,j),yu(2,j),rho_corr(i,j),rho_single(1,i)*rho_single(2,j)= 7 7 251.671005 251.962997 251.710999 252.212997 1.70555599E-02 1.70555599E-02
  i,j,yl(1,i),yu(1,i),yl(2,j),yu(2,j),rho_corr(i,j),rho_single(1,i)*rho_single(2,j)= 7 8 251.671005 251.962997 252.212997 252.339996 6.74169064E-02 6.74169064E-02
  i,j,yl(1,i),yu(1,i),yl(2,j),yu(2,j),rho_corr(i,j),rho_single(1,i)*rho_single(2,j)= 7 9 251.671005 251.962997 252.339996 252.401001 0.140347898 0.140347898
  i,j,yl(1,i),yu(1,i),yl(2,j),yu(2,j),rho_corr(i,j),rho_single(1,i)*rho_single(2,j)= 7 10 251.671005 251.962997 252.401001 252.449005 0.178356931 0.178356931
  i,j,yl(1,i),yu(1,i),yl(2,j),yu(2,j),rho_corr(i,j),rho_single(1,i)*rho_single(2,j)= 7 11 251.671005 251.962997 252.449005 252.490997 0.203892052 0.203892037
  i,j,yl(1,i),yu(1,i),yl(2,j),yu(2,j),rho_corr(i,j),rho_single(1,i)*rho_single(2,j)= 7 12 251.671005 251.962997 252.490997 252.529007 0.225255266 0.225255281
  i,j,yl(1,i),yu(1,i),yl(2,j),yu(2,j),rho_corr(i,j),rho_single(1,i)*rho_single(2,j)= 7 13 251.671005 251.962997 252.529007 252.565994 0.231481403 0.231481403
  i,j,yl(1,i),yu(1,i),yl(2,j),yu(2,j),rho_corr(i,j),rho_single(1,i)*rho_single(2,j)= 7 14 251.671005 251.962997 252.565994 252.602005 0.237758860 0.237758845
  i,j,yl(1,i),yu(1,i),yl(2,j),yu(2,j),rho_corr(i,j),rho_single(1,i)*rho_single(2,j)= 7 15 251.671005 251.962997 252.602005 252.639999 0.225345746 0.225345746
  i,j,yl(1,i),yu(1,i),yl(2,j),yu(2,j),rho_corr(i,j),rho_single(1,i)*rho_single(2,j)= 7 16 251.671005 251.962997 252.639999 252.679993 0.214082748 0.214082748
  i,j,yl(1,i),yu(1,i),yl(2,j),yu(2,j),rho_corr(i,j),rho_single(1,i)*rho_single(2,j)= 7 17 251.671005 251.962997 252.679993 252.722000 0.203817979 0.203817979
  i,j,yl(1,i),yu(1,i),yl(2,j),yu(2,j),rho_corr(i,j),rho_single(1,i)*rho_single(2,j)= 7 18 251.671005 251.962997 252.722000 252.772995 0.167896733 0.167896733
  i,j,yl(1,i),yu(1,i),yl(2,j),yu(2,j),rho_corr(i,j),rho_single(1,i)*rho_single(2,j)= 7 19 251.671005 251.962997 252.772995 252.840500 0.126833379 0.126833394
  i,j,yl(1,i),yu(1,i),yl(2,j),yu(2,j),rho_corr(i,j),rho_single(1,i)*rho_single(2,j)= 7 20 251.671005 251.962997 252.840500 253.216003 2.28010453E-02 2.28010453E-02
  i,j,yl(1,i),yu(1,i),yl(2,j),yu(2,j),rho_corr(i,j),rho_single(1,i)*rho_single(2,j)= 8 1 251.962997 252.119003 121.769997 231.225006 1.46407547E-04 1.46407547E-04
  i,j,yl(1,i),yu(1,i),yl(2,j),yu(2,j),rho_corr(i,j),rho_single(1,i)*rho_single(2,j)= 8 2 251.962997 252.119003 231.225006 241.178497 1.60999177E-03 1.60999189E-03
  i,j,yl(1,i),yu(1,i),yl(2,j),yu(2,j),rho_corr(i,j),rho_single(1,i)*rho_single(2,j)= 8 3 251.962997 252.119003 241.178497 246.059006 3.28347739E-03 3.28347739E-03
  i,j,yl(1,i),yu(1,i),yl(2,j),yu(2,j),rho_corr(i,j),rho_single(1,i)*rho_single(2,j)= 8 4 251.962997 252.119003 246.059006 248.947510 5.54786762E-03 5.54786762E-03
  i,j,yl(1,i),yu(1,i),yl(2,j),yu(2,j),rho_corr(i,j),rho_single(1,i)*rho_single(2,j)= 8 5 251.962997 252.119003 248.947510 250.671997 9.29263979E-03 9.29263979E-03
  i,j,yl(1,i),yu(1,i),yl(2,j),yu(2,j),rho_corr(i,j),rho_single(1,i)*rho_single(2,j)= 8 6 251.962997 252.119003 250.671997 251.710999 1.54235000E-02 1.54235009E-02
  i,j,yl(1,i),yu(1,i),yl(2,j),yu(2,j),rho_corr(i,j),rho_single(1,i)*rho_single(2,j)= 8 7 251.962997 252.119003 251.710999 252.212997 3.19224596E-02 3.19224596E-02
  i,j,yl(1,i),yu(1,i),yl(2,j),yu(2,j),rho_corr(i,j),rho_single(1,i)*rho_single(2,j)= 8 8 251.962997 252.119003 252.212997 252.339996 0.126182511 0.126182511
  i,j,yl(1,i),yu(1,i),yl(2,j),yu(2,j),rho_corr(i,j),rho_single(1,i)*rho_single(2,j)= 8 9 251.962997 252.119003 252.339996 252.401001 0.262685567 0.262685597
  i,j,yl(1,i),yu(1,i),yl(2,j),yu(2,j),rho_corr(i,j),rho_single(1,i)*rho_single(2,j)= 8 10 251.962997 252.119003 252.401001 252.449005 0.333826125 0.333826125
  i,j,yl(1,i),yu(1,i),yl(2,j),yu(2,j),rho_corr(i,j),rho_single(1,i)*rho_single(2,j)= 8 11 251.962997 252.119003 252.449005 252.490997 0.381619543 0.381619543
  i,j,yl(1,i),yu(1,i),yl(2,j),yu(2,j),rho_corr(i,j),rho_single(1,i)*rho_single(2,j)= 8 12 251.962997 252.119003 252.490997 252.529007 0.421604544 0.421604574
  i,j,yl(1,i),yu(1,i),yl(2,j),yu(2,j),rho_corr(i,j),rho_single(1,i)*rho_single(2,j)= 8 13 251.962997 252.119003 252.529007 252.565994 0.433257818 0.433257848
  i,j,yl(1,i),yu(1,i),yl(2,j),yu(2,j),rho_corr(i,j),rho_single(1,i)*rho_single(2,j)= 8 14 251.962997 252.119003 252.565994 252.602005 0.445007175 0.445007205
  i,j,yl(1,i),yu(1,i),yl(2,j),yu(2,j),rho_corr(i,j),rho_single(1,i)*rho_single(2,j)= 8 15 251.962997 252.119003 252.602005 252.639999 0.421773881 0.421773911
  i,j,yl(1,i),yu(1,i),yl(2,j),yu(2,j),rho_corr(i,j),rho_single(1,i)*rho_single(2,j)= 8 16 251.962997 252.119003 252.639999 252.679993 0.400693238 0.400693238
  i,j,yl(1,i),yu(1,i),yl(2,j),yu(2,j),rho_corr(i,j),rho_single(1,i)*rho_single(2,j)= 8 17 251.962997 252.119003 252.679993 252.722000 0.381480902 0.381480932
  i,j,yl(1,i),yu(1,i),yl(2,j),yu(2,j),rho_corr(i,j),rho_single(1,i)*rho_single(2,j)= 8 18 251.962997 252.119003 252.722000 252.772995 0.314248025 0.314248025
  i,j,yl(1,i),yu(1,i),yl(2,j),yu(2,j),rho_corr(i,j),rho_single(1,i)*rho_single(2,j)= 8 19 251.962997 252.119003 252.772995 252.840500 0.237390816 0.237390831
  i,j,yl(1,i),yu(1,i),yl(2,j),yu(2,j),rho_corr(i,j),rho_single(1,i)*rho_single(2,j)= 8 20 251.962997 252.119003 252.840500 253.216003 4.26761322E-02 4.26761359E-02
  i,j,yl(1,i),yu(1,i),yl(2,j),yu(2,j),rho_corr(i,j),rho_single(1,i)*rho_single(2,j)= 9 1 252.119003 252.235001 121.769997 231.225006 1.96904861E-04 1.96904861E-04
  i,j,yl(1,i),yu(1,i),yl(2,j),yu(2,j),rho_corr(i,j),rho_single(1,i)*rho_single(2,j)= 9 2 252.119003 252.235001 231.225006 241.178497 2.16529286E-03 2.16529286E-03
  i,j,yl(1,i),yu(1,i),yl(2,j),yu(2,j),rho_corr(i,j),rho_single(1,i)*rho_single(2,j)= 9 3 252.119003 252.235001 241.178497 246.059006 4.41597914E-03 4.41597914E-03
  i,j,yl(1,i),yu(1,i),yl(2,j),yu(2,j),rho_corr(i,j),rho_single(1,i)*rho_single(2,j)= 9 4 252.119003 252.235001 246.059006 248.947510 7.46137882E-03 7.46137882E-03
  i,j,yl(1,i),yu(1,i),yl(2,j),yu(2,j),rho_corr(i,j),rho_single(1,i)*rho_single(2,j)= 9 5 252.119003 252.235001 248.947510 250.671997 1.24977566E-02 1.24977576E-02
  i,j,yl(1,i),yu(1,i),yl(2,j),yu(2,j),rho_corr(i,j),rho_single(1,i)*rho_single(2,j)= 9 6 252.119003 252.235001 250.671997 251.710999 2.07432080E-02 2.07432099E-02
  i,j,yl(1,i),yu(1,i),yl(2,j),yu(2,j),rho_corr(i,j),rho_single(1,i)*rho_single(2,j)= 9 7 252.119003 252.235001 251.710999 252.212997 4.29328084E-02 4.29328121E-02
  i,j,yl(1,i),yu(1,i),yl(2,j),yu(2,j),rho_corr(i,j),rho_single(1,i)*rho_single(2,j)= 9 8 252.119003 252.235001 252.212997 252.339996 0.169704005 0.169704035
  i,j,yl(1,i),yu(1,i),yl(2,j),yu(2,j),rho_corr(i,j),rho_single(1,i)*rho_single(2,j)= 9 9 252.119003 252.235001 252.339996 252.401001 0.353288263 0.353288293
  i,j,yl(1,i),yu(1,i),yl(2,j),yu(2,j),rho_corr(i,j),rho_single(1,i)*rho_single(2,j)= 9 10 252.119003 252.235001 252.401001 252.449005 0.448965818 0.448965877
  i,j,yl(1,i),yu(1,i),yl(2,j),yu(2,j),rho_corr(i,j),rho_single(1,i)*rho_single(2,j)= 9 11 252.119003 252.235001 252.449005 252.490997 0.513243616 0.513243675
  i,j,yl(1,i),yu(1,i),yl(2,j),yu(2,j),rho_corr(i,j),rho_single(1,i)*rho_single(2,j)= 9 12 252.119003 252.235001 252.490997 252.529007 0.567019880 0.567019939
  i,j,yl(1,i),yu(1,i),yl(2,j),yu(2,j),rho_corr(i,j),rho_single(1,i)*rho_single(2,j)= 9 13 252.119003 252.235001 252.529007 252.565994 0.582692444 0.582692504
  i,j,yl(1,i),yu(1,i),yl(2,j),yu(2,j),rho_corr(i,j),rho_single(1,i)*rho_single(2,j)= 9 14 252.119003 252.235001 252.565994 252.602005 0.598494291 0.598494291
  i,j,yl(1,i),yu(1,i),yl(2,j),yu(2,j),rho_corr(i,j),rho_single(1,i)*rho_single(2,j)= 9 15 252.119003 252.235001 252.602005 252.639999 0.567247570 0.567247629
  i,j,yl(1,i),yu(1,i),yl(2,j),yu(2,j),rho_corr(i,j),rho_single(1,i)*rho_single(2,j)= 9 16 252.119003 252.235001 252.639999 252.679993 0.538896024 0.538896024
  i,j,yl(1,i),yu(1,i),yl(2,j),yu(2,j),rho_corr(i,j),rho_single(1,i)*rho_single(2,j)= 9 17 252.119003 252.235001 252.679993 252.722000 0.513057172 0.513057232
  i,j,yl(1,i),yu(1,i),yl(2,j),yu(2,j),rho_corr(i,j),rho_single(1,i)*rho_single(2,j)= 9 18 252.119003 252.235001 252.722000 252.772995 0.422635108 0.422635108
  i,j,yl(1,i),yu(1,i),yl(2,j),yu(2,j),rho_corr(i,j),rho_single(1,i)*rho_single(2,j)= 9 19 252.119003 252.235001 252.772995 252.840500 0.319269091 0.319269121
  i,j,yl(1,i),yu(1,i),yl(2,j),yu(2,j),rho_corr(i,j),rho_single(1,i)*rho_single(2,j)= 9 20 252.119003 252.235001 252.840500 253.216003 5.73955253E-02 5.73955327E-02
  i,j,yl(1,i),yu(1,i),yl(2,j),yu(2,j),rho_corr(i,j),rho_single(1,i)*rho_single(2,j)= 10 1 252.235001 252.326996 121.769997 231.225006 2.48278433E-04 2.48278433E-04
  i,j,yl(1,i),yu(1,i),yl(2,j),yu(2,j),rho_corr(i,j),rho_single(1,i)*rho_single(2,j)= 10 2 252.235001 252.326996 231.225006 241.178497 2.73022987E-03 2.73022987E-03
  i,j,yl(1,i),yu(1,i),yl(2,j),yu(2,j),rho_corr(i,j),rho_single(1,i)*rho_single(2,j)= 10 3 252.235001 252.326996 241.178497 246.059006 5.56813274E-03 5.56813274E-03
  i,j,yl(1,i),yu(1,i),yl(2,j),yu(2,j),rho_corr(i,j),rho_single(1,i)*rho_single(2,j)= 10 4 252.235001 252.326996 246.059006 248.947510 9.40809492E-03 9.40809399E-03
  i,j,yl(1,i),yu(1,i),yl(2,j),yu(2,j),rho_corr(i,j),rho_single(1,i)*rho_single(2,j)= 10 5 252.235001 252.326996 248.947510 250.671997 1.57584921E-02 1.57584921E-02
  i,j,yl(1,i),yu(1,i),yl(2,j),yu(2,j),rho_corr(i,j),rho_single(1,i)*rho_single(2,j)= 10 6 252.235001 252.326996 250.671997 251.710999 2.61552278E-02 2.61552278E-02
  i,j,yl(1,i),yu(1,i),yl(2,j),yu(2,j),rho_corr(i,j),rho_single(1,i)*rho_single(2,j)= 10 7 252.235001 252.326996 251.710999 252.212997 5.41342199E-02 5.41342199E-02
  i,j,yl(1,i),yu(1,i),yl(2,j),yu(2,j),rho_corr(i,j),rho_single(1,i)*rho_single(2,j)= 10 8 252.235001 252.326996 252.212997 252.339996 0.213980749 0.213980749
  i,j,yl(1,i),yu(1,i),yl(2,j),yu(2,j),rho_corr(i,j),rho_single(1,i)*rho_single(2,j)= 10 9 252.235001 252.326996 252.339996 252.401001 0.445463151 0.445463181
  i,j,yl(1,i),yu(1,i),yl(2,j),yu(2,j),rho_corr(i,j),rho_single(1,i)*rho_single(2,j)= 10 10 252.235001 252.326996 252.401001 252.449005 0.566103518 0.566103518
  i,j,yl(1,i),yu(1,i),yl(2,j),yu(2,j),rho_corr(i,j),rho_single(1,i)*rho_single(2,j)= 10 11 252.235001 252.326996 252.449005 252.490997 0.647151768 0.647151768
  i,j,yl(1,i),yu(1,i),yl(2,j),yu(2,j),rho_corr(i,j),rho_single(1,i)*rho_single(2,j)= 10 12 252.235001 252.326996 252.490997 252.529007 0.714958549 0.714958549
  i,j,yl(1,i),yu(1,i),yl(2,j),yu(2,j),rho_corr(i,j),rho_single(1,i)*rho_single(2,j)= 10 13 252.235001 252.326996 252.529007 252.565994 0.734720170 0.734720230
  i,j,yl(1,i),yu(1,i),yl(2,j),yu(2,j),rho_corr(i,j),rho_single(1,i)*rho_single(2,j)= 10 14 252.235001 252.326996 252.565994 252.602005 0.754644811 0.754644811
  i,j,yl(1,i),yu(1,i),yl(2,j),yu(2,j),rho_corr(i,j),rho_single(1,i)*rho_single(2,j)= 10 15 252.235001 252.326996 252.602005 252.639999 0.715245664 0.715245724
  i,j,yl(1,i),yu(1,i),yl(2,j),yu(2,j),rho_corr(i,j),rho_single(1,i)*rho_single(2,j)= 10 16 252.235001 252.326996 252.639999 252.679993 0.679497004 0.679497004
  i,j,yl(1,i),yu(1,i),yl(2,j),yu(2,j),rho_corr(i,j),rho_single(1,i)*rho_single(2,j)= 10 17 252.235001 252.326996 252.679993 252.722000 0.646916747 0.646916747
  i,j,yl(1,i),yu(1,i),yl(2,j),yu(2,j),rho_corr(i,j),rho_single(1,i)*rho_single(2,j)= 10 18 252.235001 252.326996 252.722000 252.772995 0.532902956 0.532902956
  i,j,yl(1,i),yu(1,i),yl(2,j),yu(2,j),rho_corr(i,j),rho_single(1,i)*rho_single(2,j)= 10 19 252.235001 252.326996 252.772995 252.840500 0.402568191 0.402568221
  i,j,yl(1,i),yu(1,i),yl(2,j),yu(2,j),rho_corr(i,j),rho_single(1,i)*rho_single(2,j)= 10 20 252.235001 252.326996 252.840500 253.216003 7.23703429E-02 7.23703429E-02
  i,j,yl(1,i),yu(1,i),yl(2,j),yu(2,j),rho_corr(i,j),rho_single(1,i)*rho_single(2,j)= 11 1 252.326996 252.412003 121.769997 231.225006 2.68689764E-04 2.68689764E-04
  i,j,yl(1,i),yu(1,i),yl(2,j),yu(2,j),rho_corr(i,j),rho_single(1,i)*rho_single(2,j)= 11 2 252.326996 252.412003 231.225006 241.178497 2.95468606E-03 2.95468606E-03
  i,j,yl(1,i),yu(1,i),yl(2,j),yu(2,j),rho_corr(i,j),rho_single(1,i)*rho_single(2,j)= 11 3 252.326996 252.412003 241.178497 246.059006 6.02589734E-03 6.02589687E-03
  i,j,yl(1,i),yu(1,i),yl(2,j),yu(2,j),rho_corr(i,j),rho_single(1,i)*rho_single(2,j)= 11 4 252.326996 252.412003 246.059006 248.947510 1.01815481E-02 1.01815471E-02
  i,j,yl(1,i),yu(1,i),yl(2,j),yu(2,j),rho_corr(i,j),rho_single(1,i)*rho_single(2,j)= 11 5 252.326996 252.412003 248.947510 250.671997 1.70540214E-02 1.70540195E-02
  i,j,yl(1,i),yu(1,i),yl(2,j),yu(2,j),rho_corr(i,j),rho_single(1,i)*rho_single(2,j)= 11 6 252.326996 252.412003 250.671997 251.710999 2.83054858E-02 2.83054858E-02
  i,j,yl(1,i),yu(1,i),yl(2,j),yu(2,j),rho_corr(i,j),rho_single(1,i)*rho_single(2,j)= 11 7 252.326996 252.412003 251.710999 252.212997 5.85846752E-02 5.85846752E-02
  i,j,yl(1,i),yu(1,i),yl(2,j),yu(2,j),rho_corr(i,j),rho_single(1,i)*rho_single(2,j)= 11 8 252.326996 252.412003 252.212997 252.339996 0.231572405 0.231572419
  i,j,yl(1,i),yu(1,i),yl(2,j),yu(2,j),rho_corr(i,j),rho_single(1,i)*rho_single(2,j)= 11 9 252.326996 252.412003 252.339996 252.401001 0.482085347 0.482085347
  i,j,yl(1,i),yu(1,i),yl(2,j),yu(2,j),rho_corr(i,j),rho_single(1,i)*rho_single(2,j)= 11 10 252.326996 252.412003 252.401001 252.449005 0.612643719 0.612643719
  i,j,yl(1,i),yu(1,i),yl(2,j),yu(2,j),rho_corr(i,j),rho_single(1,i)*rho_single(2,j)= 11 11 252.326996 252.412003 252.449005 252.490997 0.700355053 0.700355053
  i,j,yl(1,i),yu(1,i),yl(2,j),yu(2,j),rho_corr(i,j),rho_single(1,i)*rho_single(2,j)= 11 12 252.326996 252.412003 252.490997 252.529007 0.773736358 0.773736358
  i,j,yl(1,i),yu(1,i),yl(2,j),yu(2,j),rho_corr(i,j),rho_single(1,i)*rho_single(2,j)= 11 13 252.326996 252.412003 252.529007 252.565994 0.795122564 0.795122623
  i,j,yl(1,i),yu(1,i),yl(2,j),yu(2,j),rho_corr(i,j),rho_single(1,i)*rho_single(2,j)= 11 14 252.326996 252.412003 252.565994 252.602005 0.816685200 0.816685259
  i,j,yl(1,i),yu(1,i),yl(2,j),yu(2,j),rho_corr(i,j),rho_single(1,i)*rho_single(2,j)= 11 15 252.326996 252.412003 252.602005 252.639999 0.774047077 0.774047077
  i,j,yl(1,i),yu(1,i),yl(2,j),yu(2,j),rho_corr(i,j),rho_single(1,i)*rho_single(2,j)= 11 16 252.326996 252.412003 252.639999 252.679993 0.735359490 0.735359430
  i,j,yl(1,i),yu(1,i),yl(2,j),yu(2,j),rho_corr(i,j),rho_single(1,i)*rho_single(2,j)= 11 17 252.326996 252.412003 252.679993 252.722000 0.700100660 0.700100660
  i,j,yl(1,i),yu(1,i),yl(2,j),yu(2,j),rho_corr(i,j),rho_single(1,i)*rho_single(2,j)= 11 18 252.326996 252.412003 252.722000 252.772995 0.576713681 0.576713681
  i,j,yl(1,i),yu(1,i),yl(2,j),yu(2,j),rho_corr(i,j),rho_single(1,i)*rho_single(2,j)= 11 19 252.326996 252.412003 252.772995 252.840500 0.435663909 0.435663939
  i,j,yl(1,i),yu(1,i),yl(2,j),yu(2,j),rho_corr(i,j),rho_single(1,i)*rho_single(2,j)= 11 20 252.326996 252.412003 252.840500 253.216003 7.83200115E-02 7.83200115E-02
  i,j,yl(1,i),yu(1,i),yl(2,j),yu(2,j),rho_corr(i,j),rho_single(1,i)*rho_single(2,j)= 12 1 252.412003 252.487000 121.769997 231.225006 3.04551533E-04 3.04551533E-04
  i,j,yl(1,i),yu(1,i),yl(2,j),yu(2,j),rho_corr(i,j),rho_single(1,i)*rho_single(2,j)= 12 2 252.412003 252.487000 231.225006 241.178497 3.34904506E-03 3.34904506E-03
  i,j,yl(1,i),yu(1,i),yl(2,j),yu(2,j),rho_corr(i,j),rho_single(1,i)*rho_single(2,j)= 12 3 252.412003 252.487000 241.178497 246.059006 6.83016749E-03 6.83016749E-03
  i,j,yl(1,i),yu(1,i),yl(2,j),yu(2,j),rho_corr(i,j),rho_single(1,i)*rho_single(2,j)= 12 4 252.412003 252.487000 246.059006 248.947510 1.15404679E-02 1.15404679E-02
  i,j,yl(1,i),yu(1,i),yl(2,j),yu(2,j),rho_corr(i,j),rho_single(1,i)*rho_single(2,j)= 12 5 252.412003 252.487000 248.947510 250.671997 1.93302035E-02 1.93302035E-02
  i,j,yl(1,i),yu(1,i),yl(2,j),yu(2,j),rho_corr(i,j),rho_single(1,i)*rho_single(2,j)= 12 6 252.412003 252.487000 250.671997 251.710999 3.20833921E-02 3.20833921E-02
  i,j,yl(1,i),yu(1,i),yl(2,j),yu(2,j),rho_corr(i,j),rho_single(1,i)*rho_single(2,j)= 12 7 252.412003 252.487000 251.710999 252.212997 6.64039105E-02 6.64039105E-02
  i,j,yl(1,i),yu(1,i),yl(2,j),yu(2,j),rho_corr(i,j),rho_single(1,i)*rho_single(2,j)= 12 8 252.412003 252.487000 252.212997 252.339996 0.262480140 0.262480170
  i,j,yl(1,i),yu(1,i),yl(2,j),yu(2,j),rho_corr(i,j),rho_single(1,i)*rho_single(2,j)= 12 9 252.412003 252.487000 252.339996 252.401001 0.546428740 0.546428800
  i,j,yl(1,i),yu(1,i),yl(2,j),yu(2,j),rho_corr(i,j),rho_single(1,i)*rho_single(2,j)= 12 10 252.412003 252.487000 252.401001 252.449005 0.694412649 0.694412708
  i,j,yl(1,i),yu(1,i),yl(2,j),yu(2,j),rho_corr(i,j),rho_single(1,i)*rho_single(2,j)= 12 11 252.412003 252.487000 252.449005 252.490997 0.793830693 0.793830752
  i,j,yl(1,i),yu(1,i),yl(2,j),yu(2,j),rho_corr(i,j),rho_single(1,i)*rho_single(2,j)= 12 12 252.412003 252.487000 252.490997 252.529007 0.877006114 0.877006173
  i,j,yl(1,i),yu(1,i),yl(2,j),yu(2,j),rho_corr(i,j),rho_single(1,i)*rho_single(2,j)= 12 13 252.412003 252.487000 252.529007 252.565994 0.901246786 0.901246846
  i,j,yl(1,i),yu(1,i),yl(2,j),yu(2,j),rho_corr(i,j),rho_single(1,i)*rho_single(2,j)= 12 14 252.412003 252.487000 252.565994 252.602005 0.925687432 0.925687432
  i,j,yl(1,i),yu(1,i),yl(2,j),yu(2,j),rho_corr(i,j),rho_single(1,i)*rho_single(2,j)= 12 15 252.412003 252.487000 252.602005 252.639999 0.877358377 0.877358377
  i,j,yl(1,i),yu(1,i),yl(2,j),yu(2,j),rho_corr(i,j),rho_single(1,i)*rho_single(2,j)= 12 16 252.412003 252.487000 252.639999 252.679993 0.833507180 0.833507121
  i,j,yl(1,i),yu(1,i),yl(2,j),yu(2,j),rho_corr(i,j),rho_single(1,i)*rho_single(2,j)= 12 17 252.412003 252.487000 252.679993 252.722000 0.793542385 0.793542445
  i,j,yl(1,i),yu(1,i),yl(2,j),yu(2,j),rho_corr(i,j),rho_single(1,i)*rho_single(2,j)= 12 18 252.412003 252.487000 252.722000 252.772995 0.653687060 0.653687060
  i,j,yl(1,i),yu(1,i),yl(2,j),yu(2,j),rho_corr(i,j),rho_single(1,i)*rho_single(2,j)= 12 19 252.412003 252.487000 252.772995 252.840500 0.493811518 0.493811578
  i,j,yl(1,i),yu(1,i),yl(2,j),yu(2,j),rho_corr(i,j),rho_single(1,i)*rho_single(2,j)= 12 20 252.412003 252.487000 252.840500 253.216003 8.87733027E-02 8.87733102E-02
  i,j,yl(1,i),yu(1,i),yl(2,j),yu(2,j),rho_corr(i,j),rho_single(1,i)*rho_single(2,j)= 13 1 252.487000 252.563995 121.769997 231.225006 2.96645012E-04 2.96645012E-04
  i,j,yl(1,i),yu(1,i),yl(2,j),yu(2,j),rho_corr(i,j),rho_single(1,i)*rho_single(2,j)= 13 2 252.487000 252.563995 231.225006 241.178497 3.26210004E-03 3.26209981E-03
  i,j,yl(1,i),yu(1,i),yl(2,j),yu(2,j),rho_corr(i,j),rho_single(1,i)*rho_single(2,j)= 13 3 252.487000 252.563995 241.178497 246.059006 6.65284833E-03 6.65284833E-03
  i,j,yl(1,i),yu(1,i),yl(2,j),yu(2,j),rho_corr(i,j),rho_single(1,i)*rho_single(2,j)= 13 4 252.487000 252.563995 246.059006 248.947510 1.12408642E-02 1.12408632E-02
  i,j,yl(1,i),yu(1,i),yl(2,j),yu(2,j),rho_corr(i,j),rho_single(1,i)*rho_single(2,j)= 13 5 252.487000 252.563995 248.947510 250.671997 1.88283678E-02 1.88283678E-02
  i,j,yl(1,i),yu(1,i),yl(2,j),yu(2,j),rho_corr(i,j),rho_single(1,i)*rho_single(2,j)= 13 6 252.487000 252.563995 250.671997 251.710999 3.12504694E-02 3.12504694E-02
  i,j,yl(1,i),yu(1,i),yl(2,j),yu(2,j),rho_corr(i,j),rho_single(1,i)*rho_single(2,j)= 13 7 252.487000 252.563995 251.710999 252.212997 6.46799877E-02 6.46799877E-02
  i,j,yl(1,i),yu(1,i),yl(2,j),yu(2,j),rho_corr(i,j),rho_single(1,i)*rho_single(2,j)= 13 8 252.487000 252.563995 252.212997 252.339996 0.255665839 0.255665869
  i,j,yl(1,i),yu(1,i),yl(2,j),yu(2,j),rho_corr(i,j),rho_single(1,i)*rho_single(2,j)= 13 9 252.487000 252.563995 252.339996 252.401001 0.532242835 0.532242835
  i,j,yl(1,i),yu(1,i),yl(2,j),yu(2,j),rho_corr(i,j),rho_single(1,i)*rho_single(2,j)= 13 10 252.487000 252.563995 252.401001 252.449005 0.676384926 0.676384866
  i,j,yl(1,i),yu(1,i),yl(2,j),yu(2,j),rho_corr(i,j),rho_single(1,i)*rho_single(2,j)= 13 11 252.487000 252.563995 252.449005 252.490997 0.773222029 0.773221970
  i,j,yl(1,i),yu(1,i),yl(2,j),yu(2,j),rho_corr(i,j),rho_single(1,i)*rho_single(2,j)= 13 12 252.487000 252.563995 252.490997 252.529007 0.854238033 0.854238033
  i,j,yl(1,i),yu(1,i),yl(2,j),yu(2,j),rho_corr(i,j),rho_single(1,i)*rho_single(2,j)= 13 13 252.487000 252.563995 252.529007 252.565994 0.877849340 0.877849400
  i,j,yl(1,i),yu(1,i),yl(2,j),yu(2,j),rho_corr(i,j),rho_single(1,i)*rho_single(2,j)= 13 14 252.487000 252.563995 252.565994 252.602005 0.901655495 0.901655436
  i,j,yl(1,i),yu(1,i),yl(2,j),yu(2,j),rho_corr(i,j),rho_single(1,i)*rho_single(2,j)= 13 15 252.487000 252.563995 252.602005 252.639999 0.854581118 0.854581118
  i,j,yl(1,i),yu(1,i),yl(2,j),yu(2,j),rho_corr(i,j),rho_single(1,i)*rho_single(2,j)= 13 16 252.487000 252.563995 252.639999 252.679993 0.811868310 0.811868310
  i,j,yl(1,i),yu(1,i),yl(2,j),yu(2,j),rho_corr(i,j),rho_single(1,i)*rho_single(2,j)= 13 17 252.487000 252.563995 252.679993 252.722000 0.772941113 0.772941113
  i,j,yl(1,i),yu(1,i),yl(2,j),yu(2,j),rho_corr(i,j),rho_single(1,i)*rho_single(2,j)= 13 18 252.487000 252.563995 252.722000 252.772995 0.636716604 0.636716545
  i,j,yl(1,i),yu(1,i),yl(2,j),yu(2,j),rho_corr(i,j),rho_single(1,i)*rho_single(2,j)= 13 19 252.487000 252.563995 252.772995 252.840500 0.480991602 0.480991632
  i,j,yl(1,i),yu(1,i),yl(2,j),yu(2,j),rho_corr(i,j),rho_single(1,i)*rho_single(2,j)= 13 20 252.487000 252.563995 252.840500 253.216003 8.64686444E-02 8.64686444E-02
  i,j,yl(1,i),yu(1,i),yl(2,j),yu(2,j),rho_corr(i,j),rho_single(1,i)*rho_single(2,j)= 14 1 252.563995 252.636993 121.769997 231.225006 3.12891032E-04 3.12891032E-04
  i,j,yl(1,i),yu(1,i),yl(2,j),yu(2,j),rho_corr(i,j),rho_single(1,i)*rho_single(2,j)= 14 2 252.563995 252.636993 231.225006 241.178497 3.44075169E-03 3.44075169E-03
  i,j,yl(1,i),yu(1,i),yl(2,j),yu(2,j),rho_corr(i,j),rho_single(1,i)*rho_single(2,j)= 14 3 252.563995 252.636993 241.178497 246.059006 7.01719755E-03 7.01719709E-03
  i,j,yl(1,i),yu(1,i),yl(2,j),yu(2,j),rho_corr(i,j),rho_single(1,i)*rho_single(2,j)= 14 4 252.563995 252.636993 246.059006 248.947510 1.18564805E-02 1.18564796E-02
  i,j,yl(1,i),yu(1,i),yl(2,j),yu(2,j),rho_corr(i,j),rho_single(1,i)*rho_single(2,j)= 14 5 252.563995 252.636993 248.947510 250.671997 1.98595207E-02 1.98595207E-02
  i,j,yl(1,i),yu(1,i),yl(2,j),yu(2,j),rho_corr(i,j),rho_single(1,i)*rho_single(2,j)= 14 6 252.563995 252.636993 250.671997 251.710999 3.29619274E-02 3.29619274E-02
  i,j,yl(1,i),yu(1,i),yl(2,j),yu(2,j),rho_corr(i,j),rho_single(1,i)*rho_single(2,j)= 14 7 252.563995 252.636993 251.710999 252.212997 6.82222396E-02 6.82222396E-02
  i,j,yl(1,i),yu(1,i),yl(2,j),yu(2,j),rho_corr(i,j),rho_single(1,i)*rho_single(2,j)= 14 8 252.563995 252.636993 252.212997 252.339996 0.269667625 0.269667625
  i,j,yl(1,i),yu(1,i),yl(2,j),yu(2,j),rho_corr(i,j),rho_single(1,i)*rho_single(2,j)= 14 9 252.563995 252.636993 252.339996 252.401001 0.561391592 0.561391592
  i,j,yl(1,i),yu(1,i),yl(2,j),yu(2,j),rho_corr(i,j),rho_single(1,i)*rho_single(2,j)= 14 10 252.563995 252.636993 252.401001 252.449005 0.713427722 0.713427722
  i,j,yl(1,i),yu(1,i),yl(2,j),yu(2,j),rho_corr(i,j),rho_single(1,i)*rho_single(2,j)= 14 11 252.563995 252.636993 252.449005 252.490997 0.815568209 0.815568149
  i,j,yl(1,i),yu(1,i),yl(2,j),yu(2,j),rho_corr(i,j),rho_single(1,i)*rho_single(2,j)= 14 12 252.563995 252.636993 252.490997 252.529007 0.901021063 0.901021123
  i,j,yl(1,i),yu(1,i),yl(2,j),yu(2,j),rho_corr(i,j),rho_single(1,i)*rho_single(2,j)= 14 13 252.563995 252.636993 252.529007 252.565994 0.925925612 0.925925612
  i,j,yl(1,i),yu(1,i),yl(2,j),yu(2,j),rho_corr(i,j),rho_single(1,i)*rho_single(2,j)= 14 14 252.563995 252.636993 252.565994 252.602005 0.951035440 0.951035380
  i,j,yl(1,i),yu(1,i),yl(2,j),yu(2,j),rho_corr(i,j),rho_single(1,i)*rho_single(2,j)= 14 15 252.563995 252.636993 252.602005 252.639999 0.901382983 0.901382983
  i,j,yl(1,i),yu(1,i),yl(2,j),yu(2,j),rho_corr(i,j),rho_single(1,i)*rho_single(2,j)= 14 16 252.563995 252.636993 252.639999 252.679993 0.856330991 0.856330991
  i,j,yl(1,i),yu(1,i),yl(2,j),yu(2,j),rho_corr(i,j),rho_single(1,i)*rho_single(2,j)= 14 17 252.563995 252.636993 252.679993 252.722000 0.815271914 0.815271914
  i,j,yl(1,i),yu(1,i),yl(2,j),yu(2,j),rho_corr(i,j),rho_single(1,i)*rho_single(2,j)= 14 18 252.563995 252.636993 252.722000 252.772995 0.671586931 0.671586931
  i,j,yl(1,i),yu(1,i),yl(2,j),yu(2,j),rho_corr(i,j),rho_single(1,i)*rho_single(2,j)= 14 19 252.563995 252.636993 252.772995 252.840500 0.507333517 0.507333577
  i,j,yl(1,i),yu(1,i),yl(2,j),yu(2,j),rho_corr(i,j),rho_single(1,i)*rho_single(2,j)= 14 20 252.563995 252.636993 252.840500 253.216003 9.12041813E-02 9.12041813E-02
  i,j,yl(1,i),yu(1,i),yl(2,j),yu(2,j),rho_corr(i,j),rho_single(1,i)*rho_single(2,j)= 15 1 252.636993 252.714005 121.769997 231.225006 2.96586251E-04 2.96586251E-04
  i,j,yl(1,i),yu(1,i),yl(2,j),yu(2,j),rho_corr(i,j),rho_single(1,i)*rho_single(2,j)= 15 2 252.636993 252.714005 231.225006 241.178497 3.26145370E-03 3.26145370E-03
  i,j,yl(1,i),yu(1,i),yl(2,j),yu(2,j),rho_corr(i,j),rho_single(1,i)*rho_single(2,j)= 15 3 252.636993 252.714005 241.178497 246.059006 6.65153004E-03 6.65153051E-03
  i,j,yl(1,i),yu(1,i),yl(2,j),yu(2,j),rho_corr(i,j),rho_single(1,i)*rho_single(2,j)= 15 4 252.636993 252.714005 246.059006 248.947510 1.12386374E-02 1.12386374E-02
  i,j,yl(1,i),yu(1,i),yl(2,j),yu(2,j),rho_corr(i,j),rho_single(1,i)*rho_single(2,j)= 15 5 252.636993 252.714005 248.947510 250.671997 1.88246369E-02 1.88246388E-02
  i,j,yl(1,i),yu(1,i),yl(2,j),yu(2,j),rho_corr(i,j),rho_single(1,i)*rho_single(2,j)= 15 6 252.636993 252.714005 250.671997 251.710999 3.12442780E-02 3.12442780E-02
  i,j,yl(1,i),yu(1,i),yl(2,j),yu(2,j),rho_corr(i,j),rho_single(1,i)*rho_single(2,j)= 15 7 252.636993 252.714005 251.710999 252.212997 6.46671727E-02 6.46671727E-02
  i,j,yl(1,i),yu(1,i),yl(2,j),yu(2,j),rho_corr(i,j),rho_single(1,i)*rho_single(2,j)= 15 8 252.636993 252.714005 252.212997 252.339996 0.255615205 0.255615205
  i,j,yl(1,i),yu(1,i),yl(2,j),yu(2,j),rho_corr(i,j),rho_single(1,i)*rho_single(2,j)= 15 9 252.636993 252.714005 252.339996 252.401001 0.532137394 0.532137394
  i,j,yl(1,i),yu(1,i),yl(2,j),yu(2,j),rho_corr(i,j),rho_single(1,i)*rho_single(2,j)= 15 10 252.636993 252.714005 252.401001 252.449005 0.676250875 0.676250935
  i,j,yl(1,i),yu(1,i),yl(2,j),yu(2,j),rho_corr(i,j),rho_single(1,i)*rho_single(2,j)= 15 11 252.636993 252.714005 252.449005 252.490997 0.773068786 0.773068786
  i,j,yl(1,i),yu(1,i),yl(2,j),yu(2,j),rho_corr(i,j),rho_single(1,i)*rho_single(2,j)= 15 12 252.636993 252.714005 252.490997 252.529007 0.854068756 0.854068816
  i,j,yl(1,i),yu(1,i),yl(2,j),yu(2,j),rho_corr(i,j),rho_single(1,i)*rho_single(2,j)= 15 13 252.636993 252.714005 252.529007 252.565994 0.877675414 0.877675474
  i,j,yl(1,i),yu(1,i),yl(2,j),yu(2,j),rho_corr(i,j),rho_single(1,i)*rho_single(2,j)= 15 14 252.636993 252.714005 252.565994 252.602005 0.901476860 0.901476860
  i,j,yl(1,i),yu(1,i),yl(2,j),yu(2,j),rho_corr(i,j),rho_single(1,i)*rho_single(2,j)= 15 15 252.636993 252.714005 252.602005 252.639999 0.854411781 0.854411840
  i,j,yl(1,i),yu(1,i),yl(2,j),yu(2,j),rho_corr(i,j),rho_single(1,i)*rho_single(2,j)= 15 16 252.636993 252.714005 252.639999 252.679993 0.811707437 0.811707497
  i,j,yl(1,i),yu(1,i),yl(2,j),yu(2,j),rho_corr(i,j),rho_single(1,i)*rho_single(2,j)= 15 17 252.636993 252.714005 252.679993 252.722000 0.772787929 0.772787988
  i,j,yl(1,i),yu(1,i),yl(2,j),yu(2,j),rho_corr(i,j),rho_single(1,i)*rho_single(2,j)= 15 18 252.636993 252.714005 252.722000 252.772995 0.636590481 0.636590421
  i,j,yl(1,i),yu(1,i),yl(2,j),yu(2,j),rho_corr(i,j),rho_single(1,i)*rho_single(2,j)= 15 19 252.636993 252.714005 252.772995 252.840500 0.480896294 0.480896354
  i,j,yl(1,i),yu(1,i),yl(2,j),yu(2,j),rho_corr(i,j),rho_single(1,i)*rho_single(2,j)= 15 20 252.636993 252.714005 252.840500 253.216003 8.64515156E-02 8.64515156E-02
  i,j,yl(1,i),yu(1,i),yl(2,j),yu(2,j),rho_corr(i,j),rho_single(1,i)*rho_single(2,j)= 16 1 252.714005 252.792999 121.769997 231.225006 2.89138639E-04 2.89138639E-04
  i,j,yl(1,i),yu(1,i),yl(2,j),yu(2,j),rho_corr(i,j),rho_single(1,i)*rho_single(2,j)= 16 2 252.714005 252.792999 231.225006 241.178497 3.17955483E-03 3.17955506E-03
  i,j,yl(1,i),yu(1,i),yl(2,j),yu(2,j),rho_corr(i,j),rho_single(1,i)*rho_single(2,j)= 16 3 252.714005 252.792999 241.178497 246.059006 6.48450339E-03 6.48450339E-03
  i,j,yl(1,i),yu(1,i),yl(2,j),yu(2,j),rho_corr(i,j),rho_single(1,i)*rho_single(2,j)= 16 4 252.714005 252.792999 246.059006 248.947510 1.09564234E-02 1.09564224E-02
  i,j,yl(1,i),yu(1,i),yl(2,j),yu(2,j),rho_corr(i,j),rho_single(1,i)*rho_single(2,j)= 16 5 252.714005 252.792999 248.947510 250.671997 1.83519311E-02 1.83519311E-02
  i,j,yl(1,i),yu(1,i),yl(2,j),yu(2,j),rho_corr(i,j),rho_single(1,i)*rho_single(2,j)= 16 6 252.714005 252.792999 250.671997 251.710999 3.04596983E-02 3.04597002E-02
  i,j,yl(1,i),yu(1,i),yl(2,j),yu(2,j),rho_corr(i,j),rho_single(1,i)*rho_single(2,j)= 16 7 252.714005 252.792999 251.710999 252.212997 6.30433112E-02 6.30433112E-02
  i,j,yl(1,i),yu(1,i),yl(2,j),yu(2,j),rho_corr(i,j),rho_single(1,i)*rho_single(2,j)= 16 8 252.714005 252.792999 252.212997 252.339996 0.249196440 0.249196440
  i,j,yl(1,i),yu(1,i),yl(2,j),yu(2,j),rho_corr(i,j),rho_single(1,i)*rho_single(2,j)= 16 9 252.714005 252.792999 252.339996 252.401001 0.518774867 0.518774867
  i,j,yl(1,i),yu(1,i),yl(2,j),yu(2,j),rho_corr(i,j),rho_single(1,i)*rho_single(2,j)= 16 10 252.714005 252.792999 252.401001 252.449005 0.659269512 0.659269512
  i,j,yl(1,i),yu(1,i),yl(2,j),yu(2,j),rho_corr(i,j),rho_single(1,i)*rho_single(2,j)= 16 11 252.714005 252.792999 252.449005 252.490997 0.753656209 0.753656209
  i,j,yl(1,i),yu(1,i),yl(2,j),yu(2,j),rho_corr(i,j),rho_single(1,i)*rho_single(2,j)= 16 12 252.714005 252.792999 252.490997 252.529007 0.832622230 0.832622230
  i,j,yl(1,i),yu(1,i),yl(2,j),yu(2,j),rho_corr(i,j),rho_single(1,i)*rho_single(2,j)= 16 13 252.714005 252.792999 252.529007 252.565994 0.855636060 0.855636120
  i,j,yl(1,i),yu(1,i),yl(2,j),yu(2,j),rho_corr(i,j),rho_single(1,i)*rho_single(2,j)= 16 14 252.714005 252.792999 252.565994 252.602005 0.878839731 0.878839791
  i,j,yl(1,i),yu(1,i),yl(2,j),yu(2,j),rho_corr(i,j),rho_single(1,i)*rho_single(2,j)= 16 15 252.714005 252.792999 252.602005 252.639999 0.832956553 0.832956612
  i,j,yl(1,i),yu(1,i),yl(2,j),yu(2,j),rho_corr(i,j),rho_single(1,i)*rho_single(2,j)= 16 16 252.714005 252.792999 252.639999 252.679993 0.791324615 0.791324615
  i,j,yl(1,i),yu(1,i),yl(2,j),yu(2,j),rho_corr(i,j),rho_single(1,i)*rho_single(2,j)= 16 17 252.714005 252.792999 252.679993 252.722000 0.753382444 0.753382444
  i,j,yl(1,i),yu(1,i),yl(2,j),yu(2,j),rho_corr(i,j),rho_single(1,i)*rho_single(2,j)= 16 18 252.714005 252.792999 252.722000 252.772995 0.620604932 0.620604992
  i,j,yl(1,i),yu(1,i),yl(2,j),yu(2,j),rho_corr(i,j),rho_single(1,i)*rho_single(2,j)= 16 19 252.714005 252.792999 252.772995 252.840500 0.468820482 0.468820512
  i,j,yl(1,i),yu(1,i),yl(2,j),yu(2,j),rho_corr(i,j),rho_single(1,i)*rho_single(2,j)= 16 20 252.714005 252.792999 252.840500 253.216003 8.42806250E-02 8.42806250E-02
  i,j,yl(1,i),yu(1,i),yl(2,j),yu(2,j),rho_corr(i,j),rho_single(1,i)*rho_single(2,j)= 17 1 252.792999 252.880005 121.769997 231.225006 2.62516813E-04 2.62516784E-04
  i,j,yl(1,i),yu(1,i),yl(2,j),yu(2,j),rho_corr(i,j),rho_single(1,i)*rho_single(2,j)= 17 2 252.792999 252.880005 231.225006 241.178497 2.88680405E-03 2.88680405E-03
  i,j,yl(1,i),yu(1,i),yl(2,j),yu(2,j),rho_corr(i,j),rho_single(1,i)*rho_single(2,j)= 17 3 252.792999 252.880005 241.178497 246.059006 5.88745577E-03 5.88745577E-03
  i,j,yl(1,i),yu(1,i),yl(2,j),yu(2,j),rho_corr(i,j),rho_single(1,i)*rho_single(2,j)= 17 4 252.792999 252.880005 246.059006 248.947510 9.94763337E-03 9.94763244E-03
  i,j,yl(1,i),yu(1,i),yl(2,j),yu(2,j),rho_corr(i,j),rho_single(1,i)*rho_single(2,j)= 17 5 252.792999 252.880005 248.947510 250.671997 1.66622158E-02 1.66622140E-02
  i,j,yl(1,i),yu(1,i),yl(2,j),yu(2,j),rho_corr(i,j),rho_single(1,i)*rho_single(2,j)= 17 6 252.792999 252.880005 250.671997 251.710999 2.76551861E-02 2.76551861E-02
  i,j,yl(1,i),yu(1,i),yl(2,j),yu(2,j),rho_corr(i,j),rho_single(1,i)*rho_single(2,j)= 17 7 252.792999 252.880005 251.710999 252.212997 5.72387278E-02 5.72387278E-02
  i,j,yl(1,i),yu(1,i),yl(2,j),yu(2,j),rho_corr(i,j),rho_single(1,i)*rho_single(2,j)= 17 8 252.792999 252.880005 252.212997 252.339996 0.226252183 0.226252183
  i,j,yl(1,i),yu(1,i),yl(2,j),yu(2,j),rho_corr(i,j),rho_single(1,i)*rho_single(2,j)= 17 9 252.792999 252.880005 252.339996 252.401001 0.471009731 0.471009731
  i,j,yl(1,i),yu(1,i),yl(2,j),yu(2,j),rho_corr(i,j),rho_single(1,i)*rho_single(2,j)= 17 10 252.792999 252.880005 252.401001 252.449005 0.598568618 0.598568618
  i,j,yl(1,i),yu(1,i),yl(2,j),yu(2,j),rho_corr(i,j),rho_single(1,i)*rho_single(2,j)= 17 11 252.792999 252.880005 252.449005 252.490997 0.684264839 0.684264839
  i,j,yl(1,i),yu(1,i),yl(2,j),yu(2,j),rho_corr(i,j),rho_single(1,i)*rho_single(2,j)= 17 12 252.792999 252.880005 252.490997 252.529007 0.755960226 0.755960226
  i,j,yl(1,i),yu(1,i),yl(2,j),yu(2,j),rho_corr(i,j),rho_single(1,i)*rho_single(2,j)= 17 13 252.792999 252.880005 252.529007 252.565994 0.776855171 0.776855171
  i,j,yl(1,i),yu(1,i),yl(2,j),yu(2,j),rho_corr(i,j),rho_single(1,i)*rho_single(2,j)= 17 14 252.792999 252.880005 252.565994 252.602005 0.797922373 0.797922432
  i,j,yl(1,i),yu(1,i),yl(2,j),yu(2,j),rho_corr(i,j),rho_single(1,i)*rho_single(2,j)= 17 15 252.792999 252.880005 252.602005 252.639999 0.756263793 0.756263852
  i,j,yl(1,i),yu(1,i),yl(2,j),yu(2,j),rho_corr(i,j),rho_single(1,i)*rho_single(2,j)= 17 16 252.792999 252.880005 252.639999 252.679993 0.718465030 0.718465030
  i,j,yl(1,i),yu(1,i),yl(2,j),yu(2,j),rho_corr(i,j),rho_single(1,i)*rho_single(2,j)= 17 17 252.792999 252.880005 252.679993 252.722000 0.684016287 0.684016287
  i,j,yl(1,i),yu(1,i),yl(2,j),yu(2,j),rho_corr(i,j),rho_single(1,i)*rho_single(2,j)= 17 18 252.792999 252.880005 252.722000 252.772995 0.563464046 0.563464046
  i,j,yl(1,i),yu(1,i),yl(2,j),yu(2,j),rho_corr(i,j),rho_single(1,i)*rho_single(2,j)= 17 19 252.792999 252.880005 252.772995 252.840500 0.425654799 0.425654829
  i,j,yl(1,i),yu(1,i),yl(2,j),yu(2,j),rho_corr(i,j),rho_single(1,i)*rho_single(2,j)= 17 20 252.792999 252.880005 252.840500 253.216003 7.65206590E-02 7.65206590E-02
  i,j,yl(1,i),yu(1,i),yl(2,j),yu(2,j),rho_corr(i,j),rho_single(1,i)*rho_single(2,j)= 18 1 252.880005 252.992996 121.769997 231.225006 2.02143259E-04 2.02143230E-04
  i,j,yl(1,i),yu(1,i),yl(2,j),yu(2,j),rho_corr(i,j),rho_single(1,i)*rho_single(2,j)= 18 2 252.880005 252.992996 231.225006 241.178497 2.22289748E-03 2.22289748E-03
  i,j,yl(1,i),yu(1,i),yl(2,j),yu(2,j),rho_corr(i,j),rho_single(1,i)*rho_single(2,j)= 18 3 252.880005 252.992996 241.178497 246.059006 4.53345990E-03 4.53345990E-03
  i,j,yl(1,i),yu(1,i),yl(2,j),yu(2,j),rho_corr(i,j),rho_single(1,i)*rho_single(2,j)= 18 4 252.880005 252.992996 246.059006 248.947510 7.65987905E-03 7.65987812E-03
  i,j,yl(1,i),yu(1,i),yl(2,j),yu(2,j),rho_corr(i,j),rho_single(1,i)*rho_single(2,j)= 18 5 252.880005 252.992996 248.947510 250.671997 1.28302425E-02 1.28302425E-02
  i,j,yl(1,i),yu(1,i),yl(2,j),yu(2,j),rho_corr(i,j),rho_single(1,i)*rho_single(2,j)= 18 6 252.880005 252.992996 250.671997 251.710999 2.12950539E-02 2.12950520E-02
  i,j,yl(1,i),yu(1,i),yl(2,j),yu(2,j),rho_corr(i,j),rho_single(1,i)*rho_single(2,j)= 18 7 252.880005 252.992996 251.710999 252.212997 4.40749787E-02 4.40749787E-02
  i,j,yl(1,i),yu(1,i),yl(2,j),yu(2,j),rho_corr(i,j),rho_single(1,i)*rho_single(2,j)= 18 8 252.880005 252.992996 252.212997 252.339996 0.174218759 0.174218759
  i,j,yl(1,i),yu(1,i),yl(2,j),yu(2,j),rho_corr(i,j),rho_single(1,i)*rho_single(2,j)= 18 9 252.880005 252.992996 252.339996 252.401001 0.362687021 0.362687021
  i,j,yl(1,i),yu(1,i),yl(2,j),yu(2,j),rho_corr(i,j),rho_single(1,i)*rho_single(2,j)= 18 10 252.880005 252.992996 252.401001 252.449005 0.460909963 0.460909933
  i,j,yl(1,i),yu(1,i),yl(2,j),yu(2,j),rho_corr(i,j),rho_single(1,i)*rho_single(2,j)= 18 11 252.880005 252.992996 252.449005 252.490997 0.526897788 0.526897788
  i,j,yl(1,i),yu(1,i),yl(2,j),yu(2,j),rho_corr(i,j),rho_single(1,i)*rho_single(2,j)= 18 12 252.880005 252.992996 252.490997 252.529007 0.582104683 0.582104683
  i,j,yl(1,i),yu(1,i),yl(2,j),yu(2,j),rho_corr(i,j),rho_single(1,i)*rho_single(2,j)= 18 13 252.880005 252.992996 252.529007 252.565994 0.598194182 0.598194182
  i,j,yl(1,i),yu(1,i),yl(2,j),yu(2,j),rho_corr(i,j),rho_single(1,i)*rho_single(2,j)= 18 14 252.880005 252.992996 252.565994 252.602005 0.614416420 0.614416361
  i,j,yl(1,i),yu(1,i),yl(2,j),yu(2,j),rho_corr(i,j),rho_single(1,i)*rho_single(2,j)= 18 15 252.880005 252.992996 252.602005 252.639999 0.582338452 0.582338452
  i,j,yl(1,i),yu(1,i),yl(2,j),yu(2,j),rho_corr(i,j),rho_single(1,i)*rho_single(2,j)= 18 16 252.880005 252.992996 252.639999 252.679993 0.553232610 0.553232610
  i,j,yl(1,i),yu(1,i),yl(2,j),yu(2,j),rho_corr(i,j),rho_single(1,i)*rho_single(2,j)= 18 17 252.880005 252.992996 252.679993 252.722000 0.526706398 0.526706398
  i,j,yl(1,i),yu(1,i),yl(2,j),yu(2,j),rho_corr(i,j),rho_single(1,i)*rho_single(2,j)= 18 18 252.880005 252.992996 252.722000 252.772995 0.433878720 0.433878690
  i,j,yl(1,i),yu(1,i),yl(2,j),yu(2,j),rho_corr(i,j),rho_single(1,i)*rho_single(2,j)= 18 19 252.880005 252.992996 252.772995 252.840500 0.327762812 0.327762812
  i,j,yl(1,i),yu(1,i),yl(2,j),yu(2,j),rho_corr(i,j),rho_single(1,i)*rho_single(2,j)= 18 20 252.880005 252.992996 252.840500 253.216003 5.89224584E-02 5.89224547E-02
  i,j,yl(1,i),yu(1,i),yl(2,j),yu(2,j),rho_corr(i,j),rho_single(1,i)*rho_single(2,j)= 19 1 252.992996 253.139008 121.769997 231.225006 1.56429174E-04 1.56429160E-04
  i,j,yl(1,i),yu(1,i),yl(2,j),yu(2,j),rho_corr(i,j),rho_single(1,i)*rho_single(2,j)= 19 2 252.992996 253.139008 231.225006 241.178497 1.72019599E-03 1.72019599E-03
  i,j,yl(1,i),yu(1,i),yl(2,j),yu(2,j),rho_corr(i,j),rho_single(1,i)*rho_single(2,j)= 19 3 252.992996 253.139008 241.178497 246.059006 3.50823230E-03 3.50823207E-03
  i,j,yl(1,i),yu(1,i),yl(2,j),yu(2,j),rho_corr(i,j),rho_single(1,i)*rho_single(2,j)= 19 4 252.992996 253.139008 246.059006 248.947510 5.92762092E-03 5.92761999E-03
  i,j,yl(1,i),yu(1,i),yl(2,j),yu(2,j),rho_corr(i,j),rho_single(1,i)*rho_single(2,j)= 19 5 252.992996 253.139008 248.947510 250.671997 9.92872287E-03 9.92872193E-03
  i,j,yl(1,i),yu(1,i),yl(2,j),yu(2,j),rho_corr(i,j),rho_single(1,i)*rho_single(2,j)= 19 6 252.992996 253.139008 250.671997 251.710999 1.64792426E-02 1.64792407E-02
  i,j,yl(1,i),yu(1,i),yl(2,j),yu(2,j),rho_corr(i,j),rho_single(1,i)*rho_single(2,j)= 19 7 252.992996 253.139008 251.710999 252.212997 3.41075584E-02 3.41075584E-02
  i,j,yl(1,i),yu(1,i),yl(2,j),yu(2,j),rho_corr(i,j),rho_single(1,i)*rho_single(2,j)= 19 8 252.992996 253.139008 252.212997 252.339996 0.134819716 0.134819716
  i,j,yl(1,i),yu(1,i),yl(2,j),yu(2,j),rho_corr(i,j),rho_single(1,i)*rho_single(2,j)= 19 9 252.992996 253.139008 252.339996 252.401001 0.280666471 0.280666471
  i,j,yl(1,i),yu(1,i),yl(2,j),yu(2,j),rho_corr(i,j),rho_single(1,i)*rho_single(2,j)= 19 10 252.992996 253.139008 252.401001 252.449005 0.356676579 0.356676579
  i,j,yl(1,i),yu(1,i),yl(2,j),yu(2,j),rho_corr(i,j),rho_single(1,i)*rho_single(2,j)= 19 11 252.992996 253.139008 252.449005 252.490997 0.407741457 0.407741457
  i,j,yl(1,i),yu(1,i),yl(2,j),yu(2,j),rho_corr(i,j),rho_single(1,i)*rho_single(2,j)= 19 12 252.992996 253.139008 252.490997 252.529007 0.450463474 0.450463474
  i,j,yl(1,i),yu(1,i),yl(2,j),yu(2,j),rho_corr(i,j),rho_single(1,i)*rho_single(2,j)= 19 13 252.992996 253.139008 252.529007 252.565994 0.462914437 0.462914407
  i,j,yl(1,i),yu(1,i),yl(2,j),yu(2,j),rho_corr(i,j),rho_single(1,i)*rho_single(2,j)= 19 14 252.992996 253.139008 252.565994 252.602005 0.475468010 0.475468010
  i,j,yl(1,i),yu(1,i),yl(2,j),yu(2,j),rho_corr(i,j),rho_single(1,i)*rho_single(2,j)= 19 15 252.992996 253.139008 252.602005 252.639999 0.450644374 0.450644404
  i,j,yl(1,i),yu(1,i),yl(2,j),yu(2,j),rho_corr(i,j),rho_single(1,i)*rho_single(2,j)= 19 16 252.992996 253.139008 252.639999 252.679993 0.428120762 0.428120732
  i,j,yl(1,i),yu(1,i),yl(2,j),yu(2,j),rho_corr(i,j),rho_single(1,i)*rho_single(2,j)= 19 17 252.992996 253.139008 252.679993 252.722000 0.407593340 0.407593340
  i,j,yl(1,i),yu(1,i),yl(2,j),yu(2,j),rho_corr(i,j),rho_single(1,i)*rho_single(2,j)= 19 18 252.992996 253.139008 252.722000 252.772995 0.335758388 0.335758358
  i,j,yl(1,i),yu(1,i),yl(2,j),yu(2,j),rho_corr(i,j),rho_single(1,i)*rho_single(2,j)= 19 19 252.992996 253.139008 252.772995 252.840500 0.253640264 0.253640264
  i,j,yl(1,i),yu(1,i),yl(2,j),yu(2,j),rho_corr(i,j),rho_single(1,i)*rho_single(2,j)= 19 20 252.992996 253.139008 252.840500 253.216003 4.55973223E-02 4.55973223E-02
  i,j,yl(1,i),yu(1,i),yl(2,j),yu(2,j),rho_corr(i,j),rho_single(1,i)*rho_single(2,j)= 20 1 253.139008 253.988007 121.769997 231.225006 2.69027823E-05 2.69027805E-05
  i,j,yl(1,i),yu(1,i),yl(2,j),yu(2,j),rho_corr(i,j),rho_single(1,i)*rho_single(2,j)= 20 2 253.139008 253.988007 231.225006 241.178497 2.95840320E-04 2.95840320E-04
  i,j,yl(1,i),yu(1,i),yl(2,j),yu(2,j),rho_corr(i,j),rho_single(1,i)*rho_single(2,j)= 20 3 253.139008 253.988007 241.178497 246.059006 6.03347842E-04 6.03347842E-04
  i,j,yl(1,i),yu(1,i),yl(2,j),yu(2,j),rho_corr(i,j),rho_single(1,i)*rho_single(2,j)= 20 4 253.139008 253.988007 246.059006 248.947510 1.01943570E-03 1.01943570E-03
  i,j,yl(1,i),yu(1,i),yl(2,j),yu(2,j),rho_corr(i,j),rho_single(1,i)*rho_single(2,j)= 20 5 253.139008 253.988007 248.947510 250.671997 1.70754758E-03 1.70754758E-03
  i,j,yl(1,i),yu(1,i),yl(2,j),yu(2,j),rho_corr(i,j),rho_single(1,i)*rho_single(2,j)= 20 6 253.139008 253.988007 250.671997 251.710999 2.83410959E-03 2.83410982E-03
  i,j,yl(1,i),yu(1,i),yl(2,j),yu(2,j),rho_corr(i,j),rho_single(1,i)*rho_single(2,j)= 20 7 253.139008 253.988007 251.710999 252.212997 5.86583791E-03 5.86583791E-03
  i,j,yl(1,i),yu(1,i),yl(2,j),yu(2,j),rho_corr(i,j),rho_single(1,i)*rho_single(2,j)= 20 8 253.139008 253.988007 252.212997 252.339996 2.31863745E-02 2.31863763E-02
  i,j,yl(1,i),yu(1,i),yl(2,j),yu(2,j),rho_corr(i,j),rho_single(1,i)*rho_single(2,j)= 20 9 253.139008 253.988007 252.339996 252.401001 4.82691824E-02 4.82691862E-02
  i,j,yl(1,i),yu(1,i),yl(2,j),yu(2,j),rho_corr(i,j),rho_single(1,i)*rho_single(2,j)= 20 10 253.139008 253.988007 252.401001 252.449005 6.13414459E-02 6.13414496E-02
  i,j,yl(1,i),yu(1,i),yl(2,j),yu(2,j),rho_corr(i,j),rho_single(1,i)*rho_single(2,j)= 20 11 253.139008 253.988007 252.449005 252.490997 7.01236203E-02 7.01236203E-02
  i,j,yl(1,i),yu(1,i),yl(2,j),yu(2,j),rho_corr(i,j),rho_single(1,i)*rho_single(2,j)= 20 12 253.139008 253.988007 252.490997 252.529007 7.74709731E-02 7.74709806E-02
  i,j,yl(1,i),yu(1,i),yl(2,j),yu(2,j),rho_corr(i,j),rho_single(1,i)*rho_single(2,j)= 20 13 253.139008 253.988007 252.529007 252.565994 7.96122923E-02 7.96122998E-02
  i,j,yl(1,i),yu(1,i),yl(2,j),yu(2,j),rho_corr(i,j),rho_single(1,i)*rho_single(2,j)= 20 14 253.139008 253.988007 252.565994 252.602005 8.17712694E-02 8.17712694E-02
  i,j,yl(1,i),yu(1,i),yl(2,j),yu(2,j),rho_corr(i,j),rho_single(1,i)*rho_single(2,j)= 20 15 253.139008 253.988007 252.602005 252.639999 7.75020868E-02 7.75020942E-02
  i,j,yl(1,i),yu(1,i),yl(2,j),yu(2,j),rho_corr(i,j),rho_single(1,i)*rho_single(2,j)= 20 16 253.139008 253.988007 252.639999 252.679993 7.36284629E-02 7.36284629E-02
  i,j,yl(1,i),yu(1,i),yl(2,j),yu(2,j),rho_corr(i,j),rho_single(1,i)*rho_single(2,j)= 20 17 253.139008 253.988007 252.679993 252.722000 7.00981468E-02 7.00981468E-02
  i,j,yl(1,i),yu(1,i),yl(2,j),yu(2,j),rho_corr(i,j),rho_single(1,i)*rho_single(2,j)= 20 18 253.139008 253.988007 252.722000 252.772995 5.77439256E-02 5.77439219E-02
  i,j,yl(1,i),yu(1,i),yl(2,j),yu(2,j),rho_corr(i,j),rho_single(1,i)*rho_single(2,j)= 20 19 253.139008 253.988007 252.772995 252.840500 4.36212048E-02 4.36212048E-02
  i,j,yl(1,i),yu(1,i),yl(2,j),yu(2,j),rho_corr(i,j),rho_single(1,i)*rho_single(2,j)= 20 20 253.139008 253.988007 252.840500 253.216003 7.84185436E-03 7.84185529E-03
